1.000000000000000000e+00
1.000000000000000000e+00
1.000000000000000000e+00
1.000000000000000000e+00
1.000000000000000000e+00
1.000000000000000000e+00
1.000000000000000000e+00
1.000000000000000000e+00
1.000000000000000000e+00
1.000000000000000000e+00
1.000000000000000000e+00
1.000000000000000000e+00
1.000000000000000000e+00
1.000000000000000000e+00
1.000000000000000000e+00
1.000000000000000000e+00
1.000000000000000000e+00
1.000000000000000000e+00
1.000000000000000000e+00
1.000000000000000000e+00
1.000000000000000000e+00
1.000000000000000000e+00
1.000000000000000000e+00
1.000000000000000000e+00
1.000000000000000000e+00
1.000000000000000000e+00
1.000000000000000000e+00
1.000000000000000000e+00
1.000000000000000000e+00
1.000000000000000000e+00
1.000000000000000000e+00
1.000000000000000000e+00
1.000000000000000000e+00
1.000000000000000000e+00
1.000000000000000000e+00
1.000000000000000000e+00
1.000000000000000000e+00
9.514388489208632782e-01
9.611428571428571876e-01
9.611428571428571876e-01
9.611428571428571876e-01
9.611428571428571876e-01
9.611428571428571876e-01
9.611428571428571876e-01
9.611428571428571876e-01
8.546511627906976383e-01
8.546511627906976383e-01
8.546511627906976383e-01
8.546511627906976383e-01
8.546511627906976383e-01
8.450292397660819077e-01
8.450292397660819077e-01
8.450292397660819077e-01
8.501204819277108360e-01
8.509657983342193699e-01
8.509657983342193699e-01
8.380861850443599437e-01
8.380861850443599437e-01
8.380861850443599437e-01
8.380861850443599437e-01
8.380861850443599437e-01
8.380861850443599437e-01
8.439225748870419208e-01
8.439225748870419208e-01
7.716718804310045421e-01
7.716718804310045421e-01
7.276021080368906269e-01
7.276021080368906269e-01
7.485707816833644390e-01
7.485707816833644390e-01
7.485707816833644390e-01
7.485707816833644390e-01
7.485707816833644390e-01
7.485707816833644390e-01
7.723948811700183104e-01
7.723948811700183104e-01
7.825024880123043758e-01
7.825024880123043758e-01
7.910612844426354595e-01
7.910612844426354595e-01
7.910612844426354595e-01
7.910612844426354595e-01
7.910612844426354595e-01
7.416602667940187521e-01
7.416602667940187521e-01
7.416602667940187521e-01
7.344535242197728353e-01
7.392508062515504852e-01
7.417052894872361302e-01
7.417052894872361302e-01
7.417052894872361302e-01
7.417052894872361302e-01
7.417052894872361302e-01
7.417052894872361302e-01
7.509245200763668970e-01
7.368239926680214547e-01
7.364625567453304544e-01
7.442769225901374464e-01
7.511565242273940957e-01
7.544467485329214851e-01
7.544467485329214851e-01
7.544467485329214851e-01
7.544467485329214851e-01
7.544467485329214851e-01
7.544467485329214851e-01
7.166971584098631443e-01
7.166971584098631443e-01
7.228209548077643154e-01
7.228209548077643154e-01
7.228209548077643154e-01
7.253552397868561208e-01
7.253552397868561208e-01
7.253552397868561208e-01
7.253552397868561208e-01
6.994902216625449309e-01
6.994902216625449309e-01
6.994902216625449309e-01
6.994902216625449309e-01
6.951444213205371092e-01
6.968938445784503832e-01
6.968938445784503832e-01
6.968938445784503832e-01
6.968938445784503832e-01
7.042862138779054648e-01
7.042862138779054648e-01
6.787290340339007244e-01
6.840394942636085496e-01
6.645485454689218363e-01
6.645485454689218363e-01
6.455529091527730801e-01
6.503028445495278032e-01
6.504272150662643304e-01
6.504272150662643304e-01
6.430123843827819652e-01
6.481572283802592427e-01
6.481572283802592427e-01
6.481572283802592427e-01
6.400374494924607749e-01
6.400374494924607749e-01
6.400374494924607749e-01
6.400374494924607749e-01
6.400374494924607749e-01
6.400374494924607749e-01
6.447039241752925420e-01
6.447039241752925420e-01
6.444563746726083009e-01
6.217949697256722752e-01
6.217949697256722752e-01
6.131828260431364530e-01
6.035863455076468931e-01
6.035863455076468931e-01
6.038599745802432084e-01
6.038599745802432084e-01
6.066362236037121658e-01
6.119082546376944931e-01
6.051070873368311620e-01
6.112425681630202501e-01
6.112425681630202501e-01
6.115735466364996542e-01
6.167863533390667286e-01
6.167863533390667286e-01
6.167863533390667286e-01
6.167863533390667286e-01
6.210464944597381409e-01
6.210464944597381409e-01
6.210464944597381409e-01
6.222013441256019073e-01
6.222013441256019073e-01
6.222013441256019073e-01
6.167947729520516509e-01
6.220599610448915850e-01
6.220599610448915850e-01
6.220599610448915850e-01
6.220599610448915850e-01
6.264353760043622765e-01
6.264353760043622765e-01
6.264353760043622765e-01
6.266949258284565394e-01
6.266949258284565394e-01
6.266949258284565394e-01
6.250819552706344817e-01
6.235373023453252284e-01
6.235373023453252284e-01
6.235373023453252284e-01
6.235373023453252284e-01
6.297732656853366473e-01
6.297732656853366473e-01
6.347552677183077030e-01
6.364809823300389136e-01
6.399089566792630634e-01
6.457118113044142405e-01
6.457118113044142405e-01
6.521671355604840015e-01
6.486596511258262421e-01
6.523815060702164992e-01
6.538218818078079808e-01
6.538218818078079808e-01
6.538218818078079808e-01
6.538218818078079808e-01
6.567016689488099912e-01
6.567016689488099912e-01
6.567016689488099912e-01
6.567016689488099912e-01
6.564306154528233295e-01
6.558024694267690080e-01
6.558024694267690080e-01
6.520539135560974309e-01
6.520539135560974309e-01
6.511232793355195003e-01
6.511232793355195003e-01
6.511232793355195003e-01
6.511232793355195003e-01
6.511232793355195003e-01
6.511232793355195003e-01
6.511232793355195003e-01
6.464821849258683972e-01
6.464821849258683972e-01
6.464821849258683972e-01
6.464118532991410815e-01
6.500220342550449004e-01
6.500220342550449004e-01
6.500220342550449004e-01
6.500220342550449004e-01
6.500220342550449004e-01
6.500220342550449004e-01
6.497292903658559160e-01
6.497292903658559160e-01
6.509455615146672036e-01
6.526773123185399816e-01
6.546248621743335772e-01
6.569593762596561692e-01
6.594391685852294405e-01
6.594391685852294405e-01
6.594391685852294405e-01
6.625799449928196916e-01
6.652719198649387211e-01
6.668515867027837718e-01
6.681835297889627823e-01
6.697414060444284445e-01
6.697414060444284445e-01
6.708136832354295587e-01
6.708136832354295587e-01
6.668046140600160099e-01
6.695202900881969121e-01
6.677301075051317314e-01
6.677301075051317314e-01
6.697623093570750363e-01
6.703161085950353204e-01
6.703161085950353204e-01
6.700621643659400162e-01
6.700621643659400162e-01
6.700621643659400162e-01
6.700621643659400162e-01
6.700621643659400162e-01
6.744880651210430900e-01
6.744880651210430900e-01
6.744880651210430900e-01
6.724660336216560230e-01
6.724660336216560230e-01
6.735304777373585239e-01
6.738376770917606784e-01
6.738376770917606784e-01
6.738787498431028089e-01
6.738787498431028089e-01
6.726930648252325007e-01
6.715345774236979315e-01
6.715345774236979315e-01
6.715345774236979315e-01
6.715345774236979315e-01
6.715345774236979315e-01
6.715345774236979315e-01
6.715345774236979315e-01
6.715345774236979315e-01
6.715345774236979315e-01
6.715345774236979315e-01
6.731183220002096013e-01
6.731183220002096013e-01
6.750163475410395630e-01
6.733634485626517341e-01
6.725979026211875711e-01
6.725979026211875711e-01
6.725979026211875711e-01
6.725979026211875711e-01
6.740177864213773296e-01
6.740177864213773296e-01
6.752458866003067106e-01
6.792204237124936927e-01
6.792204237124936927e-01
6.813243105152964052e-01
6.833147980058587034e-01
6.833147980058587034e-01
6.833891474640997332e-01
6.823589859917010836e-01
6.843023434660268078e-01
6.874265237481532731e-01
6.881615257012899667e-01
6.862042130889145497e-01
6.866525868189338189e-01
6.881950445527192928e-01
6.881950445527192928e-01
6.856145501133329434e-01
6.856145501133329434e-01
6.830703652975151918e-01
6.830703652975151918e-01
6.815695183558749815e-01
6.815695183558749815e-01
6.815695183558749815e-01
6.790902440956501085e-01
6.790902440956501085e-01
6.790902440956501085e-01
6.790902440956501085e-01
6.790902440956501085e-01
6.773237188710351520e-01
6.749086862528643760e-01
6.749086862528643760e-01
6.735131602986239585e-01
6.735131602986239585e-01
6.735131602986239585e-01
6.727258957078257051e-01
6.727258957078257051e-01
6.727258957078257051e-01
6.727258957078257051e-01
6.727258957078257051e-01
6.727258957078257051e-01
6.713200336277370672e-01
6.713200336277370672e-01
6.713200336277370672e-01
6.713200336277370672e-01
6.713200336277370672e-01
6.686487649712052894e-01
6.672977427407774664e-01
6.672977427407774664e-01
6.672977427407774664e-01
6.672977427407774664e-01
6.653744195978321674e-01
6.653744195978321674e-01
6.673865767150874984e-01
6.681940231889209603e-01
6.681940231889209603e-01
6.675645020464883173e-01
6.675645020464883173e-01
6.675645020464883173e-01
6.694692789313407832e-01
6.694692789313407832e-01
6.694692789313407832e-01
6.703648996132089977e-01
6.703648996132089977e-01
6.710179194402211555e-01
6.724726828989600058e-01
6.732785641052954073e-01
6.749549552137066311e-01
6.763740740024664078e-01
6.796823919403646164e-01
6.810559772374036314e-01
6.810559772374036314e-01
6.822068157286268475e-01
6.803631214044688624e-01
6.806263426065651823e-01
6.803024176925019928e-01
6.799910402254731867e-01
6.796896957142941620e-01
6.796896957142941620e-01
6.795160173425981442e-01
6.805430360133252199e-01
6.805430360133252199e-01
6.797801619416801167e-01
6.807368365194877979e-01
6.807368365194877979e-01
6.823634826404001430e-01
6.839460166682463926e-01
6.855326738353704208e-01
6.855326738353704208e-01
6.865066123408993803e-01
6.878414752633010831e-01
6.878414752633010831e-01
6.878414752633010831e-01
6.893592744410734774e-01
6.893592744410734774e-01
6.893592744410734774e-01
6.905951259289415667e-01
6.905951259289415667e-01
6.909592759259849393e-01
6.923339777570082232e-01
6.923339777570082232e-01
6.930172473300659775e-01
6.936978526699780767e-01
6.936978526699780767e-01
6.939318934630518410e-01
6.940190633045787427e-01
6.951177302411755132e-01
6.945453407576559490e-01
6.945453407576559490e-01
6.945453407576559490e-01
6.941114948864384182e-01
6.941114948864384182e-01
6.938530348087543764e-01
6.938530348087543764e-01
6.938530348087543764e-01
6.938530348087543764e-01
6.952512927810203802e-01
6.965224880189663237e-01
6.978610142929072557e-01
6.999454513019438551e-01
6.999454513019438551e-01
6.988643265798021309e-01
6.984665166973139661e-01
6.984665166973139661e-01
6.988279747438204126e-01
6.975789199784939720e-01
6.975789199784939720e-01
6.968373015453125374e-01
6.968373015453125374e-01
6.968373015453125374e-01
6.968373015453125374e-01
6.981496845643616611e-01
6.973609861419177713e-01
6.977707087324960256e-01
6.984694300468998751e-01
6.991650467641341571e-01
6.989014969241146291e-01
6.982874340768210342e-01
6.991705794949817365e-01
6.997552746177719829e-01
6.997552746177719829e-01
7.000972247017414052e-01
7.000972247017414052e-01
7.000972247017414052e-01
7.000972247017414052e-01
7.000972247017414052e-01
7.013004913398277473e-01
7.021637999341496794e-01
7.021637999341496794e-01
7.029403878809544759e-01
7.026390158296575983e-01
7.026390158296575983e-01
7.031765509394196645e-01
7.038099097027585849e-01
7.049570142043890542e-01
7.059002321706051575e-01
7.059002321706051575e-01
7.069449379758958596e-01
7.069449379758958596e-01
7.055711006367842986e-01
7.055711006367842986e-01
7.055711006367842986e-01
7.057352254253433932e-01
7.067717413833042306e-01
7.058154165422453330e-01
7.069372534473299385e-01
7.076085768536100051e-01
7.076085768536100051e-01
7.084548418774332390e-01
7.084548418774332390e-01
7.084548418774332390e-01
7.084548418774332390e-01
7.099197659365555912e-01
7.099197659365555912e-01
7.099197659365555912e-01
7.099197659365555912e-01
7.105107847304398261e-01
7.105107847304398261e-01
7.111873553157743721e-01
7.111873553157743721e-01
7.111873553157743721e-01
7.111873553157743721e-01
7.122037149219034857e-01
7.132815911437154766e-01
7.132815911437154766e-01
7.137588025228061017e-01
7.146251875283956556e-01
7.146251875283956556e-01
7.146251875283956556e-01
7.146251875283956556e-01
7.148643204413853702e-01
7.156554053532629966e-01
7.156554053532629966e-01
7.171818758545344119e-01
7.171818758545344119e-01
7.177422456815887308e-01
7.177422456815887308e-01
7.177422456815887308e-01
7.183624968611417305e-01
7.183624968611417305e-01
7.198194878476774639e-01
7.198194878476774639e-01
7.198194878476774639e-01
7.213522633171585152e-01
7.221931822030001058e-01
7.230002659550704980e-01
7.235364946461783076e-01
7.235364946461783076e-01
7.248056011899435269e-01
7.248056011899435269e-01
7.260386483845592265e-01
7.274942355320143106e-01
7.274942355320143106e-01
7.273781194573413211e-01
7.278417012711337897e-01
7.278417012711337897e-01
7.284562190681500571e-01
7.284562190681500571e-01
7.284562190681500571e-01
7.284562190681500571e-01
7.284562190681500571e-01
7.273246279230412004e-01
7.230760471745256712e-01
7.230760471745256712e-01
7.238549120730759512e-01
7.246626593223555179e-01
7.235941858757891643e-01
7.221851330143272962e-01
7.221851330143272962e-01
7.221851330143272962e-01
7.221851330143272962e-01
7.230802057684098116e-01
7.239280420453512166e-01
7.239280420453512166e-01
7.239280420453512166e-01
7.239280420453512166e-01
7.239782885724541650e-01
7.239782885724541650e-01
7.239782885724541650e-01
7.239782885724541650e-01
7.242345571849664321e-01
7.250347575629763064e-01
7.250347575629763064e-01
7.250347575629763064e-01
7.250347575629763064e-01
7.257365788945642215e-01
7.257365788945642215e-01
7.257365788945642215e-01
7.257365788945642215e-01
7.257365788945642215e-01
7.257365788945642215e-01
7.257365788945642215e-01
7.266710512146434819e-01
7.266710512146434819e-01
7.266710512146434819e-01
7.266710512146434819e-01
7.274539723374419120e-01
7.274539723374419120e-01
7.275929678614618812e-01
7.275929678614618812e-01
7.275929678614618812e-01
7.289345685893484639e-01
7.289345685893484639e-01
7.289345685893484639e-01
7.289345685893484639e-01
7.289345685893484639e-01
7.297697387287135351e-01
7.304946068813893412e-01
7.321446668306961225e-01
7.321446668306961225e-01
7.316103227021201194e-01
7.316885733328125641e-01
7.316885733328125641e-01
7.316885733328125641e-01
7.316885733328125641e-01
7.299511183032215689e-01
7.296361946158484990e-01
7.296361946158484990e-01
7.296361946158484990e-01
7.296361946158484990e-01
7.296361946158484990e-01
7.300020797636315173e-01
7.307200839963028383e-01
7.310008295875998208e-01
7.305486934287851453e-01
7.303409338543377372e-01
7.300192507638832984e-01
7.285889726001708588e-01
7.285889726001708588e-01
7.285889726001708588e-01
7.285889726001708588e-01
7.285889726001708588e-01
7.285889726001708588e-01
7.272933144335936850e-01
7.272933144335936850e-01
7.272933144335936850e-01
7.263181363644928279e-01
7.263181363644928279e-01
7.263181363644928279e-01
7.263181363644928279e-01
7.176108623299392031e-01
7.176108623299392031e-01
7.176108623299392031e-01
7.126814534622494257e-01
7.052751113646854586e-01
7.052751113646854586e-01
6.984404788381127771e-01
6.969179076961080632e-01
6.914566341500729685e-01
6.900337314524497279e-01
6.849963328445451971e-01
6.792746122399544451e-01
6.793619192245071714e-01
6.736352099644082880e-01
6.678633140503849042e-01
6.671126084629459552e-01
6.671126084629459552e-01
6.653146230419249019e-01
6.653462480352949626e-01
6.644216956927173623e-01
6.644216956927173623e-01
6.580205327386613456e-01
6.580205327386613456e-01
6.580205327386613456e-01
6.580205327386613456e-01
6.580205327386613456e-01
6.588971010991193644e-01
6.595072619210194942e-01
6.591405120719018296e-01
6.599532297133318126e-01
6.599532297133318126e-01
6.607319763790449052e-01
6.597106378190149556e-01
6.597976183611690137e-01
6.600368022391649436e-01
6.600368022391649436e-01
6.587794249862405360e-01
6.587794249862405360e-01
6.587794249862405360e-01
6.587794249862405360e-01
6.462401184561902268e-01
6.454651063424832191e-01
6.454651063424832191e-01
6.454651063424832191e-01
6.454651063424832191e-01
6.442395304679361390e-01
6.442395304679361390e-01
6.442395304679361390e-01
6.442395304679361390e-01
6.442395304679361390e-01
6.442395304679361390e-01
6.442395304679361390e-01
6.373708649197166176e-01
6.287558105345456561e-01
6.287558105345456561e-01
6.196453903385470419e-01
6.184429040242429565e-01
6.184429040242429565e-01
6.184429040242429565e-01
6.184429040242429565e-01
6.184429040242429565e-01
6.177116960653687983e-01
6.177116960653687983e-01
6.177116960653687983e-01
6.172441078030562744e-01
6.172177675047624268e-01
6.172177675047624268e-01
6.176589432165157101e-01
6.176589432165157101e-01
6.176589432165157101e-01
6.176589432165157101e-01
6.092443179970841172e-01
6.092443179970841172e-01
6.102368607543915413e-01
6.029224228609243452e-01
6.014929080147807250e-01
5.955142760260332402e-01
5.955142760260332402e-01
5.955142760260332402e-01
5.955142760260332402e-01
5.955142760260332402e-01
5.953078568780630908e-01
5.953078568780630908e-01
5.951798029461614625e-01
5.947741646928910164e-01
5.947741646928910164e-01
5.953730665373999642e-01
5.953730665373999642e-01
5.950158775008925760e-01
5.941286644681553764e-01
5.941286644681553764e-01
5.941286644681553764e-01
5.941286644681553764e-01
5.941286644681553764e-01
5.941286644681553764e-01
5.898719377212237047e-01
5.813308564200572182e-01
5.813308564200572182e-01
5.711555172283332427e-01
5.711555172283332427e-01
5.711555172283332427e-01
5.646017451902848316e-01
5.597895916425299490e-01
5.575603041898004042e-01
5.543383111329196478e-01
5.531791567394724884e-01
5.490915461604201075e-01
5.490915461604201075e-01
5.490915461604201075e-01
5.490915461604201075e-01
5.490915461604201075e-01
5.490915461604201075e-01
5.490361816727653554e-01
5.490361816727653554e-01
5.491575716553289688e-01
5.491575716553289688e-01
5.492089302210503288e-01
5.500830244414358638e-01
5.497738782343869479e-01
5.488733464839827825e-01
5.484313624301822010e-01
5.484313624301822010e-01
5.487718687376023086e-01
5.490619774960113775e-01
5.490619774960113775e-01
5.490619774960113775e-01
5.400536562877562563e-01
5.400536562877562563e-01
5.334145674550528904e-01
5.334145674550528904e-01
5.303517482294174412e-01
5.303517482294174412e-01
5.280629038452793189e-01
5.280629038452793189e-01
5.280629038452793189e-01
5.280629038452793189e-01
5.280629038452793189e-01
5.279017229695964764e-01
5.279017229695964764e-01
5.279017229695964764e-01
5.249806140161826784e-01
5.249806140161826784e-01
5.249806140161826784e-01
5.249806140161826784e-01
5.215436050612624053e-01
5.215436050612624053e-01
5.216798421734972768e-01
5.216798421734972768e-01
5.216798421734972768e-01
5.216798421734972768e-01
5.168103241884739463e-01
5.138845005375780595e-01
5.138845005375780595e-01
5.138845005375780595e-01
5.086504581091967347e-01
5.070214489588371620e-01
5.040007907621900651e-01
5.040007907621900651e-01
5.019669700744116003e-01
5.019669700744116003e-01
4.996174946803033645e-01
4.995426668372164869e-01
4.979673172669729642e-01
4.979673172669729642e-01
4.979673172669729642e-01
4.991102646530549136e-01
4.991102646530549136e-01
4.991102646530549136e-01
5.001707873471527011e-01
5.001707873471527011e-01
5.001707873471527011e-01
5.007797692414930335e-01
5.012562753447018515e-01
5.012562753447018515e-01
5.012562753447018515e-01
5.005025129357285607e-01
5.005025129357285607e-01
4.999231141255023325e-01
4.999231141255023325e-01
4.999231141255023325e-01
4.999231141255023325e-01
4.999231141255023325e-01
5.007743618951929765e-01
5.007743618951929765e-01
5.016228314884486617e-01
5.016228314884486617e-01
5.008594273526043583e-01
5.000447280188669019e-01
5.000447280188669019e-01
5.000447280188669019e-01
5.007016239402597435e-01
5.013286405864350037e-01
5.013286405864350037e-01
5.013286405864350037e-01
5.013286405864350037e-01
5.013286405864350037e-01
5.003308974303969370e-01
4.993484498877349687e-01
4.993484498877349687e-01
4.993484498877349687e-01
4.993484498877349687e-01
4.993484498877349687e-01
5.008676646435822333e-01
5.008676646435822333e-01
5.008676646435822333e-01
5.008676646435822333e-01
4.979556351698137262e-01
4.979556351698137262e-01
4.954818172264020548e-01
4.945454121837032369e-01
4.936252092512251055e-01
4.936252092512251055e-01
4.930301311655302943e-01
4.917941168829402798e-01
4.913550164395311115e-01
4.913550164395311115e-01
4.908653934100051242e-01
4.908352126200600796e-01
4.909066549791528677e-01
4.912659667750629011e-01
4.916387128171836318e-01
4.920534769272484898e-01
4.927094136670509550e-01
4.927094136670509550e-01
4.927094136670509550e-01
4.927094136670509550e-01
4.927094136670509550e-01
4.938742635136849080e-01
4.938742635136849080e-01
4.938742635136849080e-01
4.938742635136849080e-01
4.942109643918443651e-01
4.947006361388106011e-01
4.947006361388106011e-01
4.947006361388106011e-01
4.957442561510411738e-01
4.957442561510411738e-01
4.959657591931324050e-01
4.959657591931324050e-01
4.971173747633577111e-01
4.973052667523806258e-01
4.980366409842758024e-01
4.980366409842758024e-01
4.980366409842758024e-01
4.980366409842758024e-01
4.980804350747741749e-01
4.980804350747741749e-01
4.980804350747741749e-01
4.987500409170996241e-01
4.992534965843356543e-01
4.992534965843356543e-01
5.002878389527505298e-01
5.002878389527505298e-01
5.014246791563219396e-01
5.021802656877231152e-01
5.030389540144529770e-01
5.039514469429440258e-01
5.048792491619562561e-01
5.048792491619562561e-01
5.048792491619562561e-01
5.055474415152840795e-01
5.065060285905740312e-01
5.065060285905740312e-01
5.065060285905740312e-01
5.065060285905740312e-01
5.065060285905740312e-01
5.065060285905740312e-01
5.080553996353163182e-01
5.080553996353163182e-01
5.088143747120786875e-01
5.104300628755845670e-01
5.110873830029321052e-01
5.119996279862041311e-01
5.136010758511861951e-01
5.145236275603339848e-01
5.154673987081275222e-01
5.163879793349490654e-01
5.163879793349490654e-01
5.163879793349490654e-01
5.163879793349490654e-01
5.163879793349490654e-01
5.172947803936877031e-01
5.172947803936877031e-01
5.181865591649253977e-01
5.186963978706211620e-01
5.196050396214142442e-01
5.196050396214142442e-01
5.196050396214142442e-01
5.201323862394060527e-01
5.200061066951594535e-01
5.200061066951594535e-01
5.208088453292308850e-01
5.216407337738340200e-01
5.233329509954024461e-01
5.233329509954024461e-01
5.233329509954024461e-01
5.242198583237287490e-01
5.259661728399128711e-01
5.259661728399128711e-01
5.259661728399128711e-01
5.259661728399128711e-01
5.268477845242705015e-01
5.272624238292786814e-01
5.272624238292786814e-01
5.272624238292786814e-01
5.272624238292786814e-01
5.280899801478192712e-01
5.288787069466887036e-01
5.288787069466887036e-01
5.288787069466887036e-01
5.296845698303044303e-01
5.296845698303044303e-01
5.301536761274162624e-01
5.301536761274162624e-01
5.313133211234736253e-01
5.313133211234736253e-01
5.315959842891208043e-01
5.323696330585799830e-01
5.333974064535935700e-01
5.333974064535935700e-01
5.347053268491761546e-01
5.356714863761772305e-01
5.356714863761772305e-01
5.363316728437429459e-01
5.370554552088495637e-01
5.370554552088495637e-01
5.375726050775998521e-01
5.375726050775998521e-01
5.375726050775998521e-01
5.375726050775998521e-01
5.380774560551737640e-01
5.384018137762871525e-01
5.384018137762871525e-01
5.388383943621763983e-01
5.388383943621763983e-01
5.394045018244584266e-01
5.399877443138382249e-01
5.405235632611345986e-01
5.405235632611345986e-01
5.405235632611345986e-01
5.405235632611345986e-01
5.402940052659895853e-01
5.402940052659895853e-01
5.411038168468815801e-01
5.411038168468815801e-01
5.411038168468815801e-01
5.417674819153762700e-01
5.420675668109247169e-01
5.416000931285188669e-01
5.430865136385601977e-01
5.430865136385601977e-01
5.445323787901111823e-01
5.452341620872410699e-01
5.460088588238126706e-01
5.475269216041044329e-01
5.482833774938745686e-01
5.490374956990575761e-01
5.497696843298940372e-01
5.497696843298940372e-01
5.504998111082848311e-01
5.519688283522310446e-01
5.527058197109571136e-01
5.527058197109571136e-01
5.527058197109571136e-01
5.527058197109571136e-01
5.527058197109571136e-01
5.527058197109571136e-01
5.527134588108956192e-01
5.527992594321432529e-01
5.527992594321432529e-01
5.535022381443427397e-01
5.542314283529196084e-01
5.543137107204836322e-01
5.552984574282238128e-01
5.552984574282238128e-01
5.563510512336112823e-01
5.570083059037512774e-01
5.570083059037512774e-01
5.577601613271200298e-01
5.577601613271200298e-01
5.577601613271200298e-01
5.582746055409607555e-01
5.588685970699872607e-01
5.588685970699872607e-01
5.588685970699872607e-01
5.588685970699872607e-01
5.596139628690145473e-01
5.595014677469107856e-01
5.602403374778681666e-01
5.600425911415177760e-01
5.607879962848488775e-01
5.607879962848488775e-01
5.604414337421012027e-01
5.611073545527180961e-01
5.611073545527180961e-01
5.611073545527180961e-01
5.614606748718762308e-01
5.619336897078469617e-01
5.619336897078469617e-01
5.623107996391404351e-01
5.634102784345443871e-01
5.639161072718158474e-01
5.644226077194337554e-01
5.649681532065617962e-01
5.655966260106453092e-01
5.668571784306710715e-01
5.674638691031741455e-01
5.674638691031741455e-01
5.681032387671722805e-01
5.687553408046337466e-01
5.700105546764324682e-01
5.706197845006910629e-01
5.712278130518479990e-01
5.712278130518479990e-01
5.712278130518479990e-01
5.712278130518479990e-01
5.712278130518479990e-01
5.719072801552507190e-01
5.716596107732443421e-01
5.722633346157013357e-01
5.722633346157013357e-01
5.722261687749194969e-01
5.729138968228442153e-01
5.730585067493952911e-01
5.733227369147830821e-01
5.740026533138647968e-01
5.736431383486501057e-01
5.743149579760460366e-01
5.743149579760460366e-01
5.743149579760460366e-01
5.743149579760460366e-01
5.748219101242280082e-01
5.752920988643241973e-01
5.752920988643241973e-01
5.752920988643241973e-01
5.752920988643241973e-01
5.759185399509108017e-01
5.765883923177729242e-01
5.765689491779618647e-01
5.772351417055276990e-01
5.772613842663607553e-01
5.779870858558392444e-01
5.779870858558392444e-01
5.779870858558392444e-01
5.779870858558392444e-01
5.786923946449756828e-01
5.786923946449756828e-01
5.791568895159426855e-01
5.797537623489223968e-01
5.797537623489223968e-01
5.797537623489223968e-01
5.802844447062139865e-01
5.805027092583742165e-01
5.805027092583742165e-01
5.807436644427184103e-01
5.812364371995842882e-01
5.812364371995842882e-01
5.817462517361461360e-01
5.817462517361461360e-01
5.823033255655294393e-01
5.826194967161658633e-01
5.826194967161658633e-01
5.834555734218742629e-01
5.838875570325899877e-01
5.842950931011897664e-01
5.852155779680645598e-01
5.852155779680645598e-01
5.857145196016952937e-01
5.857145196016952937e-01
5.857145196016952937e-01
5.857145196016952937e-01
5.860660808913491504e-01
5.860660808913491504e-01
5.866847088704917335e-01
5.866847088704917335e-01
5.875561342747859239e-01
5.880985470483667266e-01
5.882121787164033000e-01
5.887794714276827213e-01
5.894784102045167451e-01
5.896988403161774750e-01
5.902864367151952063e-01
5.905056833010796646e-01
5.911063756038337225e-01
5.915755845190510120e-01
5.915651857928075907e-01
5.921802157084891105e-01
5.921802157084891105e-01
5.921802157084891105e-01
5.921802157084891105e-01
5.923268169247175585e-01
5.923268169247175585e-01
5.926249430774325200e-01
5.926249430774325200e-01
5.926249430774325200e-01
5.928698397742415693e-01
5.928698397742415693e-01
5.933114819307980792e-01
5.933114819307980792e-01
5.938006265035427056e-01
5.938006265035427056e-01
5.936319152114628572e-01
5.935762940322859560e-01
5.940363496313407765e-01
5.942132882760449153e-01
5.942132882760449153e-01
5.946511230266205983e-01
5.946511230266205983e-01
5.950585320099195386e-01
5.950585320099195386e-01
5.959574364090512999e-01
5.964160262556140735e-01
5.967774095457639705e-01
5.972534411723109393e-01
5.972534411723109393e-01
5.973089252331407195e-01
5.976990198567875279e-01
5.976990198567875279e-01
5.976990198567875279e-01
5.976990198567875279e-01
5.976990198567875279e-01
5.979917598010675572e-01
5.982038845561158391e-01
5.982782699650117664e-01
5.982782699650117664e-01
5.982782699650117664e-01
5.989600347736342423e-01
5.989600347736342423e-01
5.989600347736342423e-01
5.989600347736342423e-01
5.989600347736342423e-01
5.989600347736342423e-01
5.989348199326401945e-01
5.989049573428153472e-01
5.989049573428153472e-01
5.991043738436518939e-01
5.991043738436518939e-01
5.991771149185214362e-01
5.991771149185214362e-01
5.991771149185214362e-01
5.991771149185214362e-01
5.993030560975947107e-01
5.994626084662482146e-01
5.995149206448973089e-01
5.995149206448973089e-01
5.996927632363615590e-01
6.000113315582155105e-01
6.001354116232127112e-01
6.002966634919881805e-01
6.006587476130842429e-01
6.008463584841252647e-01
6.011225836124424182e-01
6.011225836124424182e-01
6.018972340068142746e-01
6.023984459689524229e-01
6.028744527512857054e-01
6.033561009485265414e-01
6.033561009485265414e-01
6.033561009485265414e-01
6.033561009485265414e-01
6.033561009485265414e-01
6.038153817756893860e-01
6.042149517694770378e-01
6.046722710528392719e-01
6.051054107095525936e-01
6.058141897158504374e-01
6.058141897158504374e-01
6.059426819623214833e-01
6.061025882927607578e-01
6.063352877122185625e-01
6.066788046402772361e-01
6.066875255960709756e-01
6.070498941030755269e-01
6.068623602484315427e-01
6.067378151146618492e-01
6.064114087689785881e-01
6.064114087689785881e-01
6.061690654271791878e-01
6.062335291230876999e-01
6.058952108065270847e-01
6.054377039599356802e-01
6.051920387208645780e-01
6.045534540530570489e-01
6.045534540530570489e-01
6.045534540530570489e-01
6.045534540530570489e-01
6.045534540530570489e-01
6.045534540530570489e-01
6.045534540530570489e-01
6.045534540530570489e-01
6.045534540530570489e-01
6.043536607062333088e-01
6.043536607062333088e-01
6.044045967460044411e-01
6.042214290307996727e-01
6.042214290307996727e-01
6.040227080353475220e-01
6.041268842613550794e-01
6.042418440588829265e-01
6.042418440588829265e-01
6.042995684901057984e-01
6.044439707783163529e-01
6.045675892309582133e-01
6.045464940902912643e-01
6.044191783190649980e-01
6.043696757134816577e-01
6.044082295239824321e-01
6.044181139320323748e-01
6.045971144207312742e-01
6.045971144207312742e-01
6.045706333222744533e-01
6.048879768390207357e-01
6.052971462767985367e-01
6.054000700930807222e-01
6.058433890663839083e-01
6.066708364881269189e-01
6.066708364881269189e-01
6.075515930522346064e-01
6.075515930522346064e-01
6.075515930522346064e-01
6.075515930522346064e-01
6.075624098007688101e-01
6.075624098007688101e-01
6.075624098007688101e-01
6.075624098007688101e-01
6.075624098007688101e-01
6.079676539771123878e-01
6.083795800721106817e-01
6.083795800721106817e-01
6.083795800721106817e-01
6.085236285932598133e-01
6.085236285932598133e-01
6.085236285932598133e-01
6.088799174149287508e-01
6.093845734061820174e-01
6.093845734061820174e-01
6.097061940176302652e-01
6.097061940176302652e-01
6.099749851767458653e-01
6.099749851767458653e-01
6.099749851767458653e-01
6.105054799237564778e-01
6.105054799237564778e-01
6.107037903380089228e-01
6.107037903380089228e-01
6.112635202613770913e-01
6.112635202613770913e-01
6.119103064056041763e-01
6.119103064056041763e-01
6.119103064056041763e-01
6.119103064056041763e-01
6.119103064056041763e-01
6.122209244902439007e-01
6.129127133027941765e-01
6.129127133027941765e-01
6.133181759606343153e-01
6.134371671769454082e-01
6.134371671769454082e-01
6.135276362848481879e-01
6.137378808455753454e-01
6.138427351013401312e-01
6.140875921698445428e-01
6.145186433470862797e-01
6.145186433470862797e-01
6.150475128278037884e-01
6.151795156762002170e-01
6.152837979027159232e-01
6.152816639789805420e-01
6.153720947029236443e-01
6.153720947029236443e-01
6.153696929762377810e-01
6.153069247659100904e-01
6.153069247659100904e-01
6.153069247659100904e-01
6.153261493333896937e-01
6.153261493333896937e-01
6.157379424815709879e-01
6.157379424815709879e-01
6.163746478787417438e-01
6.163746478787417438e-01
6.171382576604820258e-01
6.175319234674048197e-01
6.179061967229564356e-01
6.187078316115804943e-01
6.191609790116017198e-01
6.196052557344885470e-01
6.204967468772067951e-01
6.204967468772067951e-01
6.204967468772067951e-01
6.204967468772067951e-01
6.204967468772067951e-01
6.206608792359230575e-01
6.206608792359230575e-01
6.210591268875474968e-01
6.212802967409952748e-01
6.212802967409952748e-01
6.211152558288344228e-01
6.212240477915647041e-01
6.212240477915647041e-01
6.213997779086397610e-01
6.215870454454979210e-01
6.214923283516621266e-01
6.211995730361400403e-01
6.209459816255995523e-01
6.209459816255995523e-01
6.209459816255995523e-01
6.213355350952568523e-01
6.217519248800364995e-01
6.221502707440009772e-01
6.225569997160702584e-01
6.225569997160702584e-01
6.233584080015802664e-01
6.237439608742660901e-01
6.237439608742660901e-01
6.237439608742660901e-01
6.241733762023324861e-01
6.241733762023324861e-01
6.238071201171060398e-01
6.238071201171060398e-01
6.238071201171060398e-01
6.238071201171060398e-01
6.241794260879800493e-01
6.245719766887963820e-01
6.249726825706100053e-01
6.249726825706100053e-01
6.249726825706100053e-01
6.253697857693463202e-01
6.257727198349848363e-01
6.257727198349848363e-01
6.261358127431140286e-01
6.263938797096413325e-01
6.262613134340867527e-01
6.262696886861512935e-01
6.258593976780940649e-01
6.258593976780940649e-01
6.255681349231184685e-01
6.253332635450483679e-01
6.252681441725219669e-01
6.252681441725219669e-01
6.251553144105759241e-01
6.254339256139290759e-01
6.258614061444993659e-01
6.262884247818969463e-01
6.262884247818969463e-01
6.271349068251951264e-01
6.271349068251951264e-01
6.279743511011154355e-01
6.279743511011154355e-01
6.283964610887453617e-01
6.283964610887453617e-01
6.280878103019957859e-01
6.281229756463658775e-01
6.278892039972178152e-01
6.276738697851858007e-01
6.276738697851858007e-01
6.273483578395937510e-01
6.273483578395937510e-01
6.270624345684351342e-01
6.270624345684351342e-01
6.268842604584096145e-01
6.268842604584096145e-01
6.262460795149515924e-01
6.259064680269750269e-01
6.259035152172959249e-01
6.259035152172959249e-01
6.259035152172959249e-01
6.262899716079400880e-01
6.262899716079400880e-01
6.270348677970726259e-01
6.273915924354483975e-01
6.273915924354483975e-01
6.281129945193564268e-01
6.281129945193564268e-01
6.288539086147556523e-01
6.295833594993435200e-01
6.295833594993435200e-01
6.303460520826956737e-01
6.307246035132728634e-01
6.307246035132728634e-01
6.315229670737546597e-01
6.315229670737546597e-01
6.319061847602787108e-01
6.317301401174434394e-01
6.317301401174434394e-01
6.317301401174434394e-01
6.317301401174434394e-01
6.317301401174434394e-01
6.317301401174434394e-01
6.318578866987950571e-01
6.318578866987950571e-01
6.322283344041186304e-01
6.318119603488094871e-01
6.318119603488094871e-01
6.318119603488094871e-01
6.318119603488094871e-01
6.318119603488094871e-01
6.316962499385438967e-01
6.316962499385438967e-01
6.316962499385438967e-01
6.316962499385438967e-01
6.320146205873969913e-01
6.323940974229296241e-01
6.323940974229296241e-01
6.323940974229296241e-01
6.323940974229296241e-01
6.323940974229296241e-01
6.323940974229296241e-01
6.318650269116486973e-01
6.318650269116486973e-01
6.319802301903855168e-01
6.319802301903855168e-01
6.319802301903855168e-01
6.320837547649463817e-01
6.320837547649463817e-01
6.320837547649463817e-01
6.323651363110541768e-01
6.327546658425805548e-01
6.331388917398513838e-01
6.331388917398513838e-01
6.338605270387993595e-01
6.338605270387993595e-01
6.345690144261451060e-01
6.345690144261451060e-01
6.349616417493610943e-01
6.353437222741942225e-01
6.353437222741942225e-01
6.351532752206456856e-01
6.355394862912311371e-01
6.355394862912311371e-01
6.353926462862593549e-01
6.357643783040366481e-01
6.361508396975723567e-01
6.365324160364415063e-01
6.365324160364415063e-01
6.369180420459542580e-01
6.373009351683486257e-01
6.380693797274105128e-01
6.384498505765344722e-01
6.388295276693344293e-01
6.392102539919202187e-01
6.399588746432793851e-01
6.403379136908050606e-01
6.406858996772037962e-01
6.410463556747405534e-01
6.413891491224447128e-01
6.420617544634918961e-01
6.420617544634918961e-01
6.427361207257932252e-01
6.430481770981293366e-01
6.430481770981293366e-01
6.430481770981293366e-01
6.431006869567464923e-01
6.434671655862010953e-01
6.435543416569993180e-01
6.439196600694165884e-01
6.439196600694165884e-01
6.442896033952560941e-01
6.438816315387698719e-01
6.435846493563971427e-01
6.435846493563971427e-01
6.435846493563971427e-01
6.439496619641890129e-01
6.439496619641890129e-01
6.439496619641890129e-01
6.438417426402894828e-01
6.438417426402894828e-01
6.441331795049033415e-01
6.441331795049033415e-01
6.436719458026096685e-01
6.436719458026096685e-01
6.440373857777550448e-01
6.440373857777550448e-01
6.447049054163450643e-01
6.447049054163450643e-01
6.450681894202892064e-01
6.457377417706272604e-01
6.457377417706272604e-01
6.460515264045907369e-01
6.460515264045907369e-01
6.460515264045907369e-01
6.464003185169648891e-01
6.464003185169648891e-01
6.461867138052802551e-01
6.461867138052802551e-01
6.461867138052802551e-01
6.461867138052802551e-01
6.464484992157812915e-01
6.465952491405430047e-01
6.465952491405430047e-01
6.466091547837555797e-01
6.466091547837555797e-01
6.466091547837555797e-01
6.473126025537677686e-01
6.476684202456058914e-01
6.479826230866578829e-01
6.483380257471687003e-01
6.486552793223384628e-01
6.486552793223384628e-01
6.489899265123381111e-01
6.484365376651690660e-01
6.484365376651690660e-01
6.484365376651690660e-01
6.485189578285400769e-01
6.485189578285400769e-01
6.485189578285400769e-01
6.488670574365511534e-01
6.488670574365511534e-01
6.488670574365511534e-01
6.495603252448550746e-01
6.495603252448550746e-01
6.499045786460219132e-01
6.502515321984532193e-01
6.505991554002390487e-01
6.512780631787286056e-01
6.516003882640480915e-01
6.519364634329292141e-01
6.524721568966750374e-01
6.524721568966750374e-01
6.530217057761090738e-01
6.531411234530867249e-01
6.534739607952930740e-01
6.538718647481855939e-01
6.538718647481855939e-01
6.538718647481855939e-01
6.538718647481855939e-01
6.538718647481855939e-01
6.539637232604674777e-01
6.539637232604674777e-01
6.542305346438446190e-01
6.540225794131478976e-01
6.540225794131478976e-01
6.540225794131478976e-01
6.540225794131478976e-01
6.540225794131478976e-01
6.540225794131478976e-01
6.542830324940595021e-01
6.545036950495941586e-01
6.545036950495941586e-01
6.545036950495941586e-01
6.545036950495941586e-01
6.547902382502720497e-01
6.547902382502720497e-01
6.550553262064775506e-01
6.550553262064775506e-01
6.550553262064775506e-01
6.553255744082585599e-01
6.555718789722637663e-01
6.555718789722637663e-01
6.555718789722637663e-01
6.556265939513131746e-01
6.556265939513131746e-01
6.552019896181026093e-01
6.552019896181026093e-01
6.552019896181026093e-01
6.552019896181026093e-01
6.552019896181026093e-01
6.555302349642030402e-01
6.558510459377062674e-01
6.565081323143281411e-01
6.565081323143281411e-01
6.571720483631620091e-01
6.575048013137587688e-01
6.578346791274998218e-01
6.584964501346457499e-01
6.584964501346457499e-01
6.588270437311382066e-01
6.591565938829395677e-01
6.591565938829395677e-01
6.598140694974252707e-01
6.601421172450134822e-01
6.604694131272067503e-01
6.607944420697248189e-01
6.611204830614280104e-01
6.614421194573604224e-01
6.614421194573604224e-01
6.620818076182096723e-01
6.623969832572262906e-01
6.627115758196532314e-01
6.633348176386484329e-01
6.636356105544241046e-01
6.639261069240522950e-01
6.642124358434675635e-01
6.647793567311313101e-01
6.647793567311313101e-01
6.647793567311313101e-01
6.648250847791000728e-01
6.651330203823319076e-01
6.647956702860653433e-01
6.648331836055213495e-01
6.650691571488246412e-01
6.645939912762973689e-01
6.648299028627490115e-01
6.648299028627490115e-01
6.648299028627490115e-01
6.648299028627490115e-01
6.648299028627490115e-01
6.653755242663875746e-01
6.653755242663875746e-01
6.656614026041235421e-01
6.659354126937717666e-01
6.659354126937717666e-01
6.663362983502875148e-01
6.664683632799379698e-01
6.659779630348813262e-01
6.659779630348813262e-01
6.655425733958146850e-01
6.655425733958146850e-01
6.658333186082213695e-01
6.658333186082213695e-01
6.658333186082213695e-01
6.658333186082213695e-01
6.658333186082213695e-01
6.664493848552487387e-01
6.667441589573834815e-01
6.670409015144301845e-01
6.672834121568396171e-01
6.672834121568396171e-01
6.677607411593293740e-01
6.677607411593293740e-01
6.680301110964204092e-01
6.684943601208727104e-01
6.687294071537277507e-01
6.687294071537277507e-01
6.687294071537277507e-01
6.687294071537277507e-01
6.689138120428824719e-01
6.689193565758632110e-01
6.689193565758632110e-01
6.689731518178828606e-01
6.689731518178828606e-01
6.692759222258728435e-01
6.688281670783357002e-01
6.691116635342845287e-01
6.686471858363757237e-01
6.686471858363757237e-01
6.689207215146421026e-01
6.690408787641133337e-01
6.690408787641133337e-01
6.690408787641133337e-01
6.690408787641133337e-01
6.690408787641133337e-01
6.696233136078185710e-01
6.696233136078185710e-01
6.696233136078185710e-01
6.696233136078185710e-01
6.692469268104398461e-01
6.694074705204100528e-01
6.694074705204100528e-01
6.694074705204100528e-01
6.694074705204100528e-01
6.694074705204100528e-01
6.697079289201457453e-01
6.700086286006752267e-01
6.700086286006752267e-01
6.700086286006752267e-01
6.700086286006752267e-01
6.700086286006752267e-01
6.697764199418108078e-01
6.697764199418108078e-01
6.697764199418108078e-01
6.700746307795358847e-01
6.700746307795358847e-01
6.703655434299771176e-01
6.703655434299771176e-01
6.709599820841075646e-01
6.712539900668870185e-01
6.712539900668870185e-01
6.712539900668870185e-01
6.715512284589602032e-01
6.715512284589602032e-01
6.713064565571695841e-01
6.715977810373585655e-01
6.715977810373585655e-01
6.721880261111640165e-01
6.726655995783838993e-01
6.726655995783838993e-01
6.721547836350050265e-01
6.721547836350050265e-01
6.716982146917294116e-01
6.718889153268010617e-01
6.717159188683387017e-01
6.717159188683387017e-01
6.722138582559077369e-01
6.724664851970161283e-01
6.724664851970161283e-01
6.729816831142128031e-01
6.732475105069078980e-01
6.735188716551576693e-01
6.740514482226388493e-01
6.743288730571949108e-01
6.746078834202555718e-01
6.751595851862542963e-01
6.751595851862542963e-01
6.754390258560980520e-01
6.754390258560980520e-01
6.760000407270261302e-01
6.764270839701390647e-01
6.760595464672179977e-01
6.760595464672179977e-01
6.760595464672179977e-01
6.758593657571677626e-01
6.758593657571677626e-01
6.758593657571677626e-01
6.760730290953274046e-01
6.760730290953274046e-01
6.760730290953274046e-01
6.760730290953274046e-01
6.762966407806472180e-01
6.765097300684692616e-01
6.765097300684692616e-01
6.767795195432387834e-01
6.767795195432387834e-01
6.767795195432387834e-01
6.770510735823218607e-01
6.773324888855795090e-01
6.778789540831575700e-01
6.778789540831575700e-01
6.784230686322706427e-01
6.784230686322706427e-01
6.784230686322706427e-01
6.784230686322706427e-01
6.784230686322706427e-01
6.781356520596620863e-01
6.781690101118675873e-01
6.784143103698123678e-01
6.781130648077196010e-01
6.776678840717910157e-01
6.779093678505224707e-01
6.779093678505224707e-01
6.777182718257318550e-01
6.776326562451648883e-01
6.776326562451648883e-01
6.777798814262748772e-01
6.777798814262748772e-01
6.777798814262748772e-01
6.777798814262748772e-01
6.777798814262748772e-01
6.780458754078971806e-01
6.780458754078971806e-01
6.785703190899969872e-01
6.785703190899969872e-01
6.790874200344598766e-01
6.793384481282112031e-01
6.796124244575822981e-01
6.801390265834911242e-01
6.801390265834911242e-01
6.806826127604659327e-01
6.812181188489327965e-01
6.812181188489327965e-01
6.817531846846519583e-01
6.822894605898552900e-01
6.822894605898552900e-01
6.828182260823589811e-01
6.830862374686671457e-01
6.833394588806223080e-01
6.836060251595188486e-01
6.838532355241118132e-01
6.841358592512143399e-01
6.843967719606988132e-01
6.844273762233412661e-01
6.844273762233412661e-01
6.847459083626803444e-01
6.849942965211698320e-01
6.849942965211698320e-01
6.851213269942485473e-01
6.851795378959119054e-01
6.851795378959119054e-01
6.853306317036504947e-01
6.855670667511345462e-01
6.855670667511345462e-01
6.857569853122639225e-01
6.858940569859646175e-01
6.859609750490702762e-01
6.861966059186836997e-01
6.863401177876781167e-01
6.863709090329433993e-01
6.865383252323556951e-01
6.865383252323556951e-01
6.865383252323556951e-01
6.865383252323556951e-01
6.865383252323556951e-01
6.865383252323556951e-01
6.867883025817437259e-01
6.869784259528001202e-01
6.869495040435146249e-01
6.871896721964625421e-01
6.868231878189573480e-01
6.868231878189573480e-01
6.868899099311230882e-01
6.868899099311230882e-01
6.866488690695929931e-01
6.866488690695929931e-01
6.866488690695929931e-01
6.869765553280777759e-01
6.869765553280777759e-01
6.872388139862273260e-01
6.874746722451218206e-01
6.874746722451218206e-01
6.875814116361748107e-01
6.876480333955143909e-01
6.877832673691283150e-01
6.874881339554019810e-01
6.870955013481966356e-01
6.870955013481966356e-01
6.867080176211004527e-01
6.863480577226135360e-01
6.859733125662328401e-01
6.853167975493305031e-01
6.853167975493305031e-01
6.846623418978980968e-01
6.840544082288568806e-01
6.840544082288568806e-01
6.835341833195665018e-01
6.830016746071524425e-01
6.830016746071524425e-01
6.825805394539975479e-01
6.823837509288755987e-01
6.823837509288755987e-01
6.821335288795210561e-01
6.821335288795210561e-01
6.821335288795210561e-01
6.823089138881773819e-01
6.823089138881773819e-01
6.822862133675307028e-01
6.822229946396677347e-01
6.822229946396677347e-01
6.822229946396677347e-01
6.822229946396677347e-01
6.821919630199992923e-01
6.821919630199992923e-01
6.821919630199992923e-01
6.821195358394454011e-01
6.821195358394454011e-01
6.820992439742765701e-01
6.820583967306799167e-01
6.820583967306799167e-01
6.820481332319341394e-01
6.820773570465202829e-01
6.820773570465202829e-01
6.820773570465202829e-01
6.822288079359815072e-01
6.822288079359815072e-01
6.822007142340150709e-01
6.822007142340150709e-01
6.822007142340150709e-01
6.821231278428335765e-01
6.819938783239793967e-01
6.820497511814954672e-01
6.818680606529319288e-01
6.818680606529319288e-01
6.816382033240698801e-01
6.816382033240698801e-01
6.816382033240698801e-01
6.812021554161058479e-01
6.809037512493747446e-01
6.809037512493747446e-01
6.810557123137687130e-01
6.810557123137687130e-01
6.808273983078840796e-01
6.808273983078840796e-01
6.809793461413571336e-01
6.811249880879842733e-01
6.814788327800396228e-01
6.816630811993530381e-01
6.818519413975120402e-01
6.822091762988767849e-01
6.824106886385434834e-01
6.826119474199831005e-01
6.830091014621066936e-01
6.830091014621066936e-01
6.834162430652243048e-01
6.838349731498750694e-01
6.838349731498750694e-01
6.840526639466417702e-01
6.840526639466417702e-01
6.844588211216655615e-01
6.846843116569074628e-01
6.849067901076449916e-01
6.853508166109030242e-01
6.855723659421283367e-01
6.855438663761196372e-01
6.857676889395023512e-01
6.857392372669988134e-01
6.857119550183023993e-01
6.857493708350796968e-01
6.857690775352581758e-01
6.858176762432340867e-01
6.858639021189802953e-01
6.858639021189802953e-01
6.858838831085610765e-01
6.859301996964213277e-01
6.860240179610079814e-01
6.861658138729478384e-01
6.862807177013362514e-01
6.863816291149625881e-01
6.865899607063117305e-01
6.867360377336990673e-01
6.867823132207993009e-01
6.868531206250856336e-01
6.868531206250856336e-01
6.868728622893410796e-01
6.868561294905884962e-01
6.867672501295445375e-01
6.867697799311337503e-01
6.867517448175952666e-01
6.866298994732555894e-01
6.866298994732555894e-01
6.864512754179894483e-01
6.861219113743716180e-01
6.861219113743716180e-01
6.857416376156461046e-01
6.854845607824802123e-01
6.854845607824802123e-01
6.854845607824802123e-01
6.850371908268561016e-01
6.842221318536860775e-01
6.842221318536860775e-01
6.835000724140519734e-01
6.831620780802537540e-01
6.831620780802537540e-01
6.824432957157362534e-01
6.824432957157362534e-01
6.821634249695824881e-01
6.818129186124840535e-01
6.812138158474511096e-01
6.812138158474511096e-01
6.809761647730664391e-01
6.807256417812594940e-01
6.804484639988450656e-01
6.802379700768287352e-01
6.798173263301400260e-01
6.796330769479111966e-01
6.794614569225815304e-01
6.792653734624016781e-01
6.789935631365908719e-01
6.788704229010764646e-01
6.787700587593276103e-01
6.786587535139311234e-01
6.784591530372258150e-01
6.784024376386462718e-01
6.783141199099240737e-01
6.782878705736338221e-01
6.781739755661230218e-01
6.781739755661230218e-01
6.781126271223464341e-01
6.780899887970114337e-01
6.780899887970114337e-01
6.780394659605080143e-01
6.780606529891721745e-01
6.780356774612644744e-01
6.780204312758987273e-01
6.780329983308125419e-01
6.780758947032688999e-01
6.781146874750900722e-01
6.781778755550522675e-01
6.782799455677261946e-01
6.783352457968059301e-01
6.784062073192813624e-01
6.785403884023397669e-01
6.785403884023397669e-01
6.785403884023397669e-01
6.785403884023397669e-01
6.786113338935045869e-01
6.787552394983104032e-01
6.788435996076529477e-01
6.787797421834916856e-01
6.790075829231357885e-01
6.785997112803984210e-01
6.785997112803984210e-01
6.787859560310928186e-01
6.788853993449806001e-01
6.788853993449806001e-01
6.788853993449806001e-01
6.788853993449806001e-01
6.788853993449806001e-01
6.788853993449806001e-01
6.792360165795771065e-01
6.792360165795771065e-01
6.792360165795771065e-01
6.794171754566838972e-01
6.794639866517560023e-01
6.791027899418037306e-01
6.790500753164339098e-01
6.787041984159890573e-01
6.787041984159890573e-01
6.783731098012594218e-01
6.782902259480532159e-01
6.777270973814046862e-01
6.774529346894927473e-01
6.771791861785375621e-01
6.766984973541745330e-01
6.766984973541745330e-01
6.762324348169274080e-01
6.762324348169274080e-01
6.757678271025935324e-01
6.753429063182293524e-01
6.753429063182293524e-01
6.749564601486168769e-01
6.746074605957411707e-01
6.746074605957411707e-01
6.742599935830265734e-01
6.742599935830265734e-01
6.740926894049872331e-01
6.738160921185275543e-01
6.738160921185275543e-01
6.737067324991545814e-01
6.732150962244707326e-01
6.732150962244707326e-01
6.731065322902854975e-01
6.726529024669685164e-01
6.723333959363241297e-01
6.722682321366398872e-01
6.722330708832764401e-01
6.719146030097691291e-01
6.716241116653994814e-01
6.715598433894436337e-01
6.713259719652646673e-01
6.711023609944082313e-01
6.710685927395566575e-01
6.710720512597482257e-01
6.710930631076162944e-01
6.711433648293427812e-01
6.711559146825513134e-01
6.712098839366064107e-01
6.712638671751739450e-01
6.712677765643697558e-01
6.714137477073781612e-01
6.714137477073781612e-01
6.714830358880361505e-01
6.714830358880361505e-01
6.715447883734004808e-01
6.716140662282058527e-01
6.716758188581853917e-01
6.718701453085061948e-01
6.718701453085061948e-01
6.720101750081752812e-01
6.717721707666476361e-01
6.717721707666476361e-01
6.715585043841890700e-01
6.716872877778278239e-01
6.716872877778278239e-01
6.717257560494940272e-01
6.717305072600553428e-01
6.717305072600553428e-01
6.717305072600553428e-01
6.717305072600553428e-01
6.714865018875297853e-01
6.716558152411717941e-01
6.716137923864240467e-01
6.716137923864240467e-01
6.717911667810403387e-01
6.715733942577308824e-01
6.713805111092320255e-01
6.713805111092320255e-01
6.713805111092320255e-01
6.713805111092320255e-01
6.713805111092320255e-01
6.713681044172541412e-01
6.713681044172541412e-01
6.713648001872225546e-01
6.713648001872225546e-01
6.712846417238790275e-01
6.714968062165165286e-01
6.714968062165165286e-01
6.714269877292063926e-01
6.716405801283732435e-01
6.713038859918999401e-01
6.713038859918999401e-01
6.710139579420122402e-01
6.707841457734964319e-01
6.707841457734964319e-01
6.705278146441807641e-01
6.705278146441807641e-01
6.705346481250341606e-01
6.703084338131479747e-01
6.703067880831384828e-01
6.701414881403205959e-01
6.700237972677869358e-01
6.700723502503354023e-01
6.699078605212911430e-01
6.698341541903231056e-01
6.698906490063289976e-01
6.697826888678609647e-01
6.698467617446199895e-01
6.698271443433994055e-01
6.698271443433994055e-01
6.698296433122806759e-01
6.697737420545472053e-01
6.698592863437499156e-01
6.697937015166548491e-01
6.697667230405265348e-01
6.698523321262386254e-01
6.699307294275111957e-01
6.698947015662313209e-01
6.700179090735550735e-01
6.701347154434005304e-01
6.701263356405410265e-01
6.702657405308206640e-01
6.702914805007658128e-01
6.704533399295105056e-01
6.706071989369218889e-01
6.706409998615719958e-01
6.708467991151234600e-01
6.710091853412386564e-01
6.710584754320284562e-01
6.712326975926473649e-01
6.712742395586028810e-01
6.713079604663362288e-01
6.713079604663362288e-01
6.713079604663362288e-01
6.713079604663362288e-01
6.714984127126951696e-01
6.716511896017396399e-01
6.718649350192985592e-01
6.720784023482082592e-01
6.721271564050405045e-01
6.721271564050405045e-01
6.723287290263957328e-01
6.722742606844165358e-01
6.722742606844165358e-01
6.722742606844165358e-01
6.724261578593702104e-01
6.723215338166368404e-01
6.722477792661013529e-01
6.722477792661013529e-01
6.723900612210884642e-01
6.725417196773988415e-01
6.724269620544164328e-01
6.724269620544164328e-01
6.725479715723671204e-01
6.725222185732364633e-01
6.726780607004093637e-01
6.723851439506626226e-01
6.720102667130044560e-01
6.714652677059618213e-01
6.714652677059618213e-01
6.712127051367746677e-01
6.709730592634568502e-01
6.709730592634568502e-01
6.704156099477066588e-01
6.702015803473065914e-01
6.699632814953220272e-01
6.695607864405909160e-01
6.695607864405909160e-01
6.693599712155317016e-01
6.689309049890077574e-01
6.687771985530702734e-01
6.686009687745047003e-01
6.683275813333492410e-01
6.683275813333492410e-01
6.681968550613091029e-01
6.678920105603712853e-01
6.677832608170033435e-01
6.676953186759846393e-01
6.674780570637535160e-01
6.674780570637535160e-01
6.673033868987950923e-01
6.673033868987950923e-01
6.671957371365090372e-01
6.671957371365090372e-01
6.670882747929478551e-01
6.672935188339728096e-01
6.672935188339728096e-01
6.672642103434367478e-01
6.672642103434367478e-01
6.672642103434367478e-01
6.672862803425773093e-01
6.670541628990208638e-01
6.670541628990208638e-01
6.670541628990208638e-01
6.670541628990208638e-01
6.672196167407838940e-01
6.672868618738841962e-01
6.672868618738841962e-01
6.672868618738841962e-01
6.671030828166245596e-01
6.669310852838299386e-01
6.670882513055699237e-01
6.669551671012986516e-01
6.669551671012986516e-01
6.669551671012986516e-01
6.669551671012986516e-01
6.670553241276928613e-01
6.669895710348483497e-01
6.669895710348483497e-01
6.669895710348483497e-01
6.669895710348483497e-01
6.668758555125164911e-01
6.668758555125164911e-01
6.668758555125164911e-01
6.668758555125164911e-01
6.668758555125164911e-01
6.670596690008920859e-01
6.670596690008920859e-01
6.670596690008920859e-01
6.670596690008920859e-01
6.670596690008920859e-01
6.670596690008920859e-01
6.669893825812065469e-01
6.670638655848304399e-01
6.669891613342332493e-01
6.668658082746665716e-01
6.669121207335008128e-01
6.669121207335008128e-01
6.668476383236612293e-01
6.668476383236612293e-01
6.668476383236612293e-01
6.667117246331415448e-01
6.667117246331415448e-01
6.667117246331415448e-01
6.667117246331415448e-01
6.670743433295741598e-01
6.670743433295741598e-01
6.674446006962120315e-01
6.678217388941104504e-01
6.678217388941104504e-01
6.680276470984417569e-01
6.682331146297227908e-01
6.684367550058383234e-01
6.686408397110622515e-01
6.690460183980516673e-01
6.690460183980516673e-01
6.690460183980516673e-01
6.690460183980516673e-01
6.690460183980516673e-01
6.690460183980516673e-01
6.689414174791119549e-01
6.689414174791119549e-01
6.687947410645166402e-01
6.687947410645166402e-01
6.687947410645166402e-01
6.689810405167628815e-01
6.689810405167628815e-01
6.691756556831465197e-01
6.691756556831465197e-01
6.691756556831465197e-01
6.691756556831465197e-01
6.691294350584024997e-01
6.690740608414555979e-01
6.689492213259438103e-01
6.689492213259438103e-01
6.686430508771757930e-01
6.684754134044104124e-01
6.684738044547998692e-01
6.681395501033768891e-01
6.680367653249416060e-01
6.678589527817901939e-01
6.678051874712879199e-01
6.675930843852077023e-01
6.675930843852077023e-01
6.676763987927155641e-01
6.677723781229579769e-01
6.677723781229579769e-01
6.677723781229579769e-01
6.677723781229579769e-01
6.677723781229579769e-01
6.677723781229579769e-01
6.674166411912918484e-01
6.674166411912918484e-01
6.674166411912918484e-01
6.674522795683142107e-01
6.674959446750980963e-01
6.674959446750980963e-01
6.676959970191685967e-01
6.680998832993745307e-01
6.680998832993745307e-01
6.683005747041893541e-01
6.683005747041893541e-01
6.687023255238632169e-01
6.690995699427636501e-01
6.690995699427636501e-01
6.694852944662074146e-01
6.694852944662074146e-01
6.698821249084876417e-01
6.700724535864505116e-01
6.702568759507199214e-01
6.704499155757160933e-01
6.706398070889499907e-01
6.710199368634890416e-01
6.712050877635989954e-01
6.713651424288954450e-01
6.716871176756340489e-01
6.716871176756340489e-01
6.720365361468204624e-01
6.722023562081995696e-01
6.722023562081995696e-01
6.725248401214004579e-01
6.725248401214004579e-01
6.726984980943023773e-01
6.726984980943023773e-01
6.726984980943023773e-01
6.728028070145810613e-01
6.728838135361296935e-01
6.727586186008042146e-01
6.727586186008042146e-01
6.727927858375806203e-01
6.727927858375806203e-01
6.726052812098600731e-01
6.726052812098600731e-01
6.726052812098600731e-01
6.726052812098600731e-01
6.727901047464673878e-01
6.728979274949268286e-01
6.728979274949268286e-01
6.728979274949268286e-01
6.728854449766711321e-01
6.728647234018885204e-01
6.728647234018885204e-01
6.725160897750793731e-01
6.725160897750793731e-01
6.725160897750793731e-01
6.725160897750793731e-01
6.723833871782449734e-01
6.723833871782449734e-01
6.723833871782449734e-01
6.725732019934373973e-01
6.725744901144169452e-01
6.727596109366098531e-01
6.727596109366098531e-01
6.727617547714265234e-01
6.727617547714265234e-01
6.727234012805590746e-01
6.728799501130279248e-01
6.728799501130279248e-01
6.730210043039660528e-01
6.732131711516314843e-01
6.733546113342443462e-01
6.736977382852586960e-01
6.736977382852586960e-01
6.735852189320968852e-01
6.735852189320968852e-01
6.737774467657188238e-01
6.737774467657188238e-01
6.739602799744170980e-01
6.739602799744170980e-01
6.740442368990916533e-01
6.740442368990916533e-01
6.739601425186136918e-01
6.738761947118429019e-01
6.738761947118429019e-01
6.738542023775807577e-01
6.737727843943771555e-01
6.737727843943771555e-01
6.737201321877940297e-01
6.734860052661332253e-01
6.734860052661332253e-01
6.732423435858412297e-01
6.729777440159270263e-01
6.727134641881844512e-01
6.721975104680442126e-01
6.721975104680442126e-01
6.717873835624124101e-01
6.717873835624124101e-01
6.717873835624124101e-01
6.717873835624124101e-01
6.717873835624124101e-01
6.719677988208354602e-01
6.718266335053431071e-01
6.718266335053431071e-01
6.718266335053431071e-01
6.718266335053431071e-01
6.718266335053431071e-01
6.717069478238166802e-01
6.717069478238166802e-01
6.717069478238166802e-01
6.717069478238166802e-01
6.717069478238166802e-01
6.717069478238166802e-01
6.718758346396027648e-01
6.720517361027228409e-01
6.720517361027228409e-01
6.720517361027228409e-01
6.719704984594747632e-01
6.719704984594747632e-01
6.719704984594747632e-01
6.719704984594747632e-01
6.721089805813814655e-01
6.722656592637943351e-01
6.724080244617097746e-01
6.725612355708232570e-01
6.727143671363871036e-01
6.728674189033143627e-01
6.728674189033143627e-01
6.731918681694470941e-01
6.735308467168522606e-01
6.735308467168522606e-01
6.738566231954021823e-01
6.738566231954021823e-01
6.738566231954021823e-01
6.738566231954021823e-01
6.738566231954021823e-01
6.737162931888036610e-01
6.737612955117854296e-01
6.736412188900028353e-01
6.736929263505671006e-01
6.735244391386542295e-01
6.733324717075905852e-01
6.733324717075905852e-01
6.733324717075905852e-01
6.733324717075905852e-01
6.733324717075905852e-01
6.731515641503550418e-01
6.732843009628592945e-01
6.732843009628592945e-01
6.733113809807946826e-01
6.734898256379010517e-01
6.736733197837423415e-01
6.736733197837423415e-01
6.738566104653066491e-01
6.738566104653066491e-01
6.738566104653066491e-01
6.738566104653066491e-01
6.738105952896905615e-01
6.738105952896905615e-01
6.738105952896905615e-01
6.738105952896905615e-01
6.739702890241539013e-01
6.741298664644239658e-01
6.741298664644239658e-01
6.741298664644239658e-01
6.741298664644239658e-01
6.741298664644239658e-01
6.741809314744366954e-01
6.740521154916634394e-01
6.740521154916634394e-01
6.740521154916634394e-01
6.741658906746019753e-01
6.742931749611399406e-01
6.742931749611399406e-01
6.743870894928420956e-01
6.745057558603183567e-01
6.745946271560974150e-01
6.746992984898457779e-01
6.746992984898457779e-01
6.746992984898457779e-01
6.746992984898457779e-01
6.746439090233742331e-01
6.747241226646294443e-01
6.746939639513526155e-01
6.747625426775292201e-01
6.748427227510073179e-01
6.748363696468647754e-01
6.749165307059077357e-01
6.749165307059077357e-01
6.749165307059077357e-01
6.749165307059077357e-01
6.749134516113524107e-01
6.749259277760722986e-01
6.749083897747003569e-01
6.749083897747003569e-01
6.748773015694486954e-01
6.748706328888052219e-01
6.748706328888052219e-01
6.748706328888052219e-01
6.748706328888052219e-01
6.748706328888052219e-01
6.750059163528978612e-01
6.750668732134654793e-01
6.751782811822856223e-01
6.751782811822856223e-01
6.748897499143893253e-01
6.748509875100852096e-01
6.748509875100852096e-01
6.748509875100852096e-01
6.748509875100852096e-01
6.748509875100852096e-01
6.748509875100852096e-01
6.746155000842685157e-01
6.746155000842685157e-01
6.746155000842685157e-01
6.746155000842685157e-01
6.745682056209399979e-01
6.745373559897213100e-01
6.744283323906086203e-01
6.744283323906086203e-01
6.744283323906086203e-01
6.744283323906086203e-01
6.743004255539574165e-01
6.743004255539574165e-01
6.743004255539574165e-01
6.743004255539574165e-01
6.741149980805098973e-01
6.739523773798264950e-01
6.739523773798264950e-01
6.738214178655250741e-01
6.736921842237486580e-01
6.735835360898453361e-01
6.734382418604468734e-01
6.733509458283101212e-01
6.733509458283101212e-01
6.731519248569702851e-01
6.731280806115309545e-01
6.731280806115309545e-01
6.731280806115309545e-01
6.731280806115309545e-01
6.731280806115309545e-01
6.728772655762157440e-01
6.727089611449779127e-01
6.726853000712600394e-01
6.726853000712600394e-01
6.725558277987333522e-01
6.725558277987333522e-01
6.725059826168342525e-01
6.725092063812982968e-01
6.724985541871364436e-01
6.725278715716058731e-01
6.725278715716058731e-01
6.725278715716058731e-01
6.725918361846752180e-01
6.725918361846752180e-01
6.725918361846752180e-01
6.726726120571986378e-01
6.726726120571986378e-01
6.725353298838073757e-01
6.724067346796450684e-01
6.722688263121315844e-01
6.722688263121315844e-01
6.720848944489347110e-01
6.718649329027324146e-01
6.718649329027324146e-01
6.718241039136250148e-01
6.717059506848404027e-01
6.717059506848404027e-01
6.717059506848404027e-01
6.717059506848404027e-01
6.717059506848404027e-01
6.716415266731068368e-01
6.714681955121336587e-01
6.714681955121336587e-01
6.712560586020011044e-01
6.712560586020011044e-01
6.713629224181407729e-01
6.712248180537417896e-01
6.712248180537417896e-01
6.712248180537417896e-01
6.712248180537417896e-01
6.711910213716046902e-01
6.710084040503935254e-01
6.710084040503935254e-01
6.708124441950676919e-01
6.707385836116545041e-01
6.707385836116545041e-01
6.707130271734715876e-01
6.707130271734715876e-01
6.707130271734715876e-01
6.707130271734715876e-01
6.707130271734715876e-01
6.707849395048167684e-01
6.707849395048167684e-01
6.705257372612094535e-01
6.705257372612094535e-01
6.705257372612094535e-01
6.704844362270273583e-01
6.704844362270273583e-01
6.704844362270273583e-01
6.704844362270273583e-01
6.705575478847055626e-01
6.701726073668194950e-01
6.702418489538544133e-01
6.702418489538544133e-01
6.699526589927574660e-01
6.699526589927574660e-01
6.696267843031217248e-01
6.696267843031217248e-01
6.696267843031217248e-01
6.697029464763650797e-01
6.697029464763650797e-01
6.695180310164351445e-01
6.695658928755816586e-01
6.695658928755816586e-01
6.693108742225359897e-01
6.692368394995501513e-01
6.690917172174811745e-01
6.690423706924301106e-01
6.690423706924301106e-01
6.690423706924301106e-01
6.688294603762668933e-01
6.687825224384381650e-01
6.686232987528600846e-01
6.686231377581437485e-01
6.686231377581437485e-01
6.686021792943451780e-01
6.686021792943451780e-01
6.686826224252376827e-01
6.686826224252376827e-01
6.686826224252376827e-01
6.686297545251971286e-01
6.686297545251971286e-01
6.686297545251971286e-01
6.686297545251971286e-01
6.686297545251971286e-01
6.686297545251971286e-01
6.686297545251971286e-01
6.685694205110187527e-01
6.685694205110187527e-01
6.686541157943530767e-01
6.686541157943530767e-01
6.686541157943530767e-01
6.686621649979451742e-01
6.687706055219071466e-01
6.687649445297487727e-01
6.686738698708043493e-01
6.684872645131736402e-01
6.684872645131736402e-01
6.682028031226663334e-01
6.680496823199860712e-01
6.678967489841605154e-01
6.678967489841605154e-01
6.678967489841605154e-01
6.678967489841605154e-01
6.678967489841605154e-01
6.675417057507524454e-01
6.672481275700112846e-01
6.672481275700112846e-01
6.671709529053803100e-01
6.670867490397541788e-01
6.670867490397541788e-01
6.671071246267308297e-01
6.669638898378701386e-01
6.668138789416190315e-01
6.668138789416190315e-01
6.666568334305524868e-01
6.662966554825363596e-01
6.662966554825363596e-01
6.662677637829641508e-01
6.662380051956263705e-01
6.662463607696316181e-01
6.662487026879162499e-01
6.663423843868293561e-01
6.664267240752631549e-01
6.664907720653756584e-01
6.666600484418525596e-01
6.667718923369364559e-01
6.669231194049476397e-01
6.670915564985648860e-01
6.672552215555549449e-01
6.672552215555549449e-01
6.675910281140249314e-01
6.675910281140249314e-01
6.677558883796672617e-01
6.679152491120363688e-01
6.679152491120363688e-01
6.679152491120363688e-01
6.679992650748532990e-01
6.679899232774025863e-01
6.679447718637154807e-01
6.679169393576792624e-01
6.678165095941314133e-01
6.677791297903646894e-01
6.677314449128745055e-01
6.677314449128745055e-01
6.673223816443105694e-01
6.671033225279930923e-01
6.671033225279930923e-01
6.671033225279930923e-01
6.671033225279930923e-01
6.672353186378423562e-01
6.672353186378423562e-01
6.673735408257318591e-01
6.670816316436884996e-01
6.670816316436884996e-01
6.670816316436884996e-01
6.668925139977480709e-01
6.668925139977480709e-01
6.668925139977480709e-01
6.668925139977480709e-01
6.671169197155790709e-01
6.671169197155790709e-01
6.672190028906561654e-01
6.672190028906561654e-01
6.674625756286444167e-01
6.675730481339458011e-01
6.675730481339458011e-01
6.678237465202249146e-01
6.679618317606059730e-01
6.679618317606059730e-01
6.680998575734278244e-01
6.682284896214634173e-01
6.683692677635030277e-01
6.685384982306690205e-01
6.686635808391144797e-01
6.689917927110704543e-01
6.689917927110704543e-01
6.693259515376843716e-01
6.693259515376843716e-01
6.693259515376843716e-01
6.693259515376843716e-01
6.691648034484002361e-01
6.691609515834546773e-01
6.690355145816545557e-01
6.690251543005770740e-01
6.689252021186115060e-01
6.688649080437983896e-01
6.686818119884101463e-01
6.686064313008703852e-01
6.685687482793406522e-01
6.684848662694162780e-01
6.684848662694162780e-01
6.684848662694162780e-01
6.684848662694162780e-01
6.684848662694162780e-01
6.686541835936700151e-01
6.686541835936700151e-01
6.687956987184898727e-01
6.687956987184898727e-01
6.687956987184898727e-01
6.688115906258982335e-01
6.687286822413066600e-01
6.687286822413066600e-01
6.685220419593157493e-01
6.682747988729833555e-01
6.682747988729833555e-01
6.681428073519267707e-01
6.681428073519267707e-01
6.681428073519267707e-01
6.682585162126806200e-01
6.682585162126806200e-01
6.683994298933534361e-01
6.683994298933534361e-01
6.686946455871085604e-01
6.688352977642200159e-01
6.688352977642200159e-01
6.691466234271922220e-01
6.691466234271922220e-01
6.693124811955452058e-01
6.696450018525349490e-01
6.698110749088166394e-01
6.699775680467456862e-01
6.702771777822557064e-01
6.704442911477832556e-01
6.705821713067298129e-01
6.705821713067298129e-01
6.708341375529416339e-01
6.711086428223723699e-01
6.711086428223723699e-01
6.713956934078295635e-01
6.715327839661846543e-01
6.715327839661846543e-01
6.715327839661846543e-01
6.715327839661846543e-01
6.715327839661846543e-01
6.715815736441373973e-01
6.716356571386641328e-01
6.716356571386641328e-01
6.716356571386641328e-01
6.715378292457493403e-01
6.714922817217531259e-01
6.714922817217531259e-01
6.714922817217531259e-01
6.714922817217531259e-01
6.716575146472241187e-01
6.716575146472241187e-01
6.716575146472241187e-01
6.716575146472241187e-01
6.716575146472241187e-01
6.718181136142689081e-01
6.717939439586438910e-01
6.718857436711767050e-01
6.718750106944385569e-01
6.719391964479025647e-01
6.720393525294027226e-01
6.720393525294027226e-01
6.721351698817193965e-01
6.722426598353516969e-01
6.722426598353516969e-01
6.722748503594071501e-01
6.722228949131523468e-01
6.723374696702483222e-01
6.723374696702483222e-01
6.723374696702483222e-01
6.723374696702483222e-01
6.726261507813797724e-01
6.726261507813797724e-01
6.727635839699331877e-01
6.729119668812877375e-01
6.730466525865317351e-01
6.731910438801651519e-01
6.731910438801651519e-01
6.731910438801651519e-01
6.731910438801651519e-01
6.731910438801651519e-01
6.733786050052374961e-01
6.733786050052374961e-01
6.733786050052374961e-01
6.733786050052374961e-01
6.735393267257175909e-01
6.736648855818100357e-01
6.736648855818100357e-01
6.736648855818100357e-01
6.736648855818100357e-01
6.739139493903228972e-01
6.741637184217340595e-01
6.741637184217340595e-01
6.743046797685134930e-01
6.744455453431816849e-01
6.745736689225094729e-01
6.748544799913216430e-01
6.749824037246061614e-01
6.749824037246061614e-01
6.749824037246061614e-01
6.749824037246061614e-01
6.749824037246061614e-01
6.752513190913078667e-01
6.752513190913078667e-01
6.753516361551151759e-01
6.755112629033215299e-01
6.755723119814228683e-01
6.757304880051607787e-01
6.759504454683173957e-01
6.759742117767852942e-01
6.761257447254521713e-01
6.762796677663612810e-01
6.763198940110459745e-01
6.763198940110459745e-01
6.763198940110459745e-01
6.763198940110459745e-01
6.764953317169056790e-01
6.764953317169056790e-01
6.766293189208725245e-01
6.767464668028674302e-01
6.768927613547214284e-01
6.770158594384212414e-01
6.770158594384212414e-01
6.771665332822098815e-01
6.771665332822098815e-01
6.771665332822098815e-01
6.772884362035543893e-01
6.772884362035543893e-01
6.774380965013381273e-01
6.774380965013381273e-01
6.776285550660650081e-01
6.778123101896386116e-01
6.778123101896386116e-01
6.779683588145509754e-01
6.781128285987131354e-01
6.781054176100430597e-01
6.782543809562091575e-01
6.782543809562091575e-01
6.782543809562091575e-01
6.782543809562091575e-01
6.781859407335407708e-01
6.782877941802974986e-01
6.783896888364528976e-01
6.784763090670539176e-01
6.784763090670539176e-01
6.785885361479548905e-01
6.786940782600259237e-01
6.788234930167674763e-01
6.788234930167674763e-01
6.790239793821831737e-01
6.792253082055078606e-01
6.792253082055078606e-01
6.794493713877909347e-01
6.797028687332905550e-01
6.797028687332905550e-01
6.799729549338268120e-01
6.801261491635994805e-01
6.802792401769675035e-01
6.804307300928110758e-01
6.804307300928110758e-01
6.804307300928110758e-01
6.805840457971435997e-01
6.806305396195868607e-01
6.807844746135095493e-01
6.807844746135095493e-01
6.808406470025878399e-01
6.810428358428427531e-01
6.810428358428427531e-01
6.812424622665933516e-01
6.812836129109175465e-01
6.814007694281529748e-01
6.814480439372285758e-01
6.814480439372285758e-01
6.814480439372285758e-01
6.814480439372285758e-01
6.814480439372285758e-01
6.817283948800708648e-01
6.817283948800708648e-01
6.817283948800708648e-01
6.817283948800708648e-01
6.817283948800708648e-01
6.817283948800708648e-01
6.818164884243305135e-01
6.818164884243305135e-01
6.818164884243305135e-01
6.818164884243305135e-01
6.820506321410778616e-01
6.820506321410778616e-01
6.820506321410778616e-01
6.820506321410778616e-01
6.820506321410778616e-01
6.821842561334202637e-01
6.822144205533976491e-01
6.822144205533976491e-01
6.822144205533976491e-01
6.822776837312136688e-01
6.823582806078628549e-01
6.823582806078628549e-01
6.824218878102988883e-01
6.824856856154527529e-01
6.825584136055340423e-01
6.825884303098056494e-01
6.826697836820561083e-01
6.826697836820561083e-01
6.826697836820561083e-01
6.826697836820561083e-01
6.827617854185963342e-01
6.827617854185963342e-01
6.829113570512671538e-01
6.829113570512671538e-01
6.829113570512671538e-01
6.829113570512671538e-01
6.830306280528994911e-01
6.830306280528994911e-01
6.830306280528994911e-01
6.831813122387291326e-01
6.831813122387291326e-01
6.831813122387291326e-01
6.832301955423859541e-01
6.832301955423859541e-01
6.832301955423859541e-01
6.832659657247591722e-01
6.832807390066734099e-01
6.832807390066734099e-01
6.832807390066734099e-01
6.833717559315050094e-01
6.835203896027078896e-01
6.835203896027078896e-01
6.835203896027078896e-01
6.835203896027078896e-01
6.835203896027078896e-01
6.835181783569240777e-01
6.834983832107650592e-01
6.834983832107650592e-01
6.834983832107650592e-01
6.836450063263261878e-01
6.836450063263261878e-01
6.836450063263261878e-01
6.837830907090404198e-01
6.838055836456070624e-01
6.838582641451096400e-01
6.839769001876754295e-01
6.840098817377121554e-01
6.839248620919481381e-01
6.839248620919481381e-01
6.839132312664329971e-01
6.839132312664329971e-01
6.839132312664329971e-01
6.838093319394118463e-01
6.837905404486428473e-01
6.836981628297928992e-01
6.837325807633147789e-01
6.838686893581398252e-01
6.838686893581398252e-01
6.839555018678723508e-01
6.841292423415838986e-01
6.842047089854761399e-01
6.843023916786726835e-01
6.844001046780069375e-01
6.846379915482597722e-01
6.847481215358972584e-01
6.848610560399839287e-01
6.848610560399839287e-01
6.848610560399839287e-01
6.848610560399839287e-01
6.849885517179608030e-01
6.850696098023066893e-01
6.850696098023066893e-01
6.851823331116891902e-01
6.851625588137438827e-01
6.851878549527098405e-01
6.852376992906545894e-01
6.851518792215158804e-01
6.851518792215158804e-01
6.848895886591616078e-01
6.846664588533307727e-01
6.846815290301209167e-01
6.844676986613386083e-01
6.844604748966828245e-01
6.844604748966828245e-01
6.842901523409171682e-01
6.839394074687347169e-01
6.839394074687347169e-01
6.839394074687347169e-01
6.839394074687347169e-01
6.839394074687347169e-01
6.838021260467216367e-01
6.836069387199591452e-01
6.836069387199591452e-01
6.836069387199591452e-01
6.835610997263480426e-01
6.835610997263480426e-01
6.835094715374646634e-01
6.835497853930737611e-01
6.835497853930737611e-01
6.836850742344461329e-01
6.836850742344461329e-01
6.837354249098512859e-01
6.838530911931064438e-01
6.839854918210273027e-01
6.841100123404050271e-01
6.842249526014255734e-01
6.843344563781667000e-01
6.840767817065336320e-01
6.840767817065336320e-01
6.840767817065336320e-01
6.838907337360119465e-01
6.837842977994702531e-01
6.837842977994702531e-01
6.837842977994702531e-01
6.837842977994702531e-01
6.838909416000742425e-01
6.839946159060231734e-01
6.839946159060231734e-01
6.841040888383874696e-01
6.842107000944328554e-01
6.844017103718084138e-01
6.844017103718084138e-01
6.845962999241981262e-01
6.846969767315606026e-01
6.847656466123636099e-01
6.849722062041982973e-01
6.849722062041982973e-01
6.849722062041982973e-01
6.849722062041982973e-01
6.849576034939857117e-01
6.849576034939857117e-01
6.849488334707212189e-01
6.849695184943002113e-01
6.849695184943002113e-01
6.848480909869258948e-01
6.848480909869258948e-01
6.847142425555015066e-01
6.845855741522830495e-01
6.844867486118891842e-01
6.843880370204422636e-01
6.843241363936722887e-01
6.842183810656156107e-01
6.842183810656156107e-01
6.842183810656156107e-01
6.842183810656156107e-01
6.842183810656156107e-01
6.842875938389735291e-01
6.842875938389735291e-01
6.843727659327503154e-01
6.844062729499053033e-01
6.844448441077957135e-01
6.844448441077957135e-01
6.844448441077957135e-01
6.844448441077957135e-01
6.844448441077957135e-01
6.843937008152083390e-01
6.843937008152083390e-01
6.843937008152083390e-01
6.844075981587712798e-01
6.843433867968047313e-01
6.843433867968047313e-01
6.843433867968047313e-01
6.843433867968047313e-01
6.845147826695422433e-01
6.847215353079273426e-01
6.847215353079273426e-01
6.849615423844314099e-01
6.850705684325986145e-01
6.851870540311024715e-01
6.854342400908278732e-01
6.855590134866801355e-01
6.856966137928149907e-01
6.858319644882630017e-01
6.858319644882630017e-01
6.859676019724679774e-01
6.862402683720214558e-01
6.862402683720214558e-01
6.863685960239012118e-01
6.863685960239012118e-01
6.865013059691165154e-01
6.867509697012905701e-01
6.867509697012905701e-01
6.870070342652829787e-01
6.872725489597570903e-01
6.872725489597570903e-01
6.875326393601211006e-01
6.876643728014036894e-01
6.877898556240560346e-01
6.880327239902314096e-01
6.880327239902314096e-01
6.882826053897594942e-01
6.883698211451143578e-01
6.880997418072419824e-01
6.881933805051781983e-01
6.879906892971670018e-01
6.877573363406019880e-01
6.877787223103799530e-01
6.875630810816402150e-01
6.875989659778706242e-01
6.874005825251701118e-01
6.874005825251701118e-01
6.872406260239065645e-01
6.870945441665600173e-01
6.870945441665600173e-01
6.869452033891720877e-01
6.869452033891720877e-01
6.868036963158572483e-01
6.865361715605432513e-01
6.865361715605432513e-01
6.865361715605432513e-01
6.866575934044117924e-01
6.866575934044117924e-01
6.867726987169249231e-01
6.868815162533329355e-01
6.868815162533329355e-01
6.868430408859950154e-01
6.868430408859950154e-01
6.869532609471805662e-01
6.869532609471805662e-01
6.869532609471805662e-01
6.870849080056584679e-01
6.869440978553682520e-01
6.870809511382754975e-01
6.871030074075353822e-01
6.870131046060236057e-01
6.870131046060236057e-01
6.870131046060236057e-01
6.870458407913436760e-01
6.870997845990578501e-01
6.870997845990578501e-01
6.872270374731305198e-01
6.872808351763889378e-01
6.872428169421873623e-01
6.873666720420540388e-01
6.874404933754350022e-01
6.874201538270580114e-01
6.874201538270580114e-01
6.874201538270580114e-01
6.874201538270580114e-01
6.874201538270580114e-01
6.875625144355661522e-01
6.875625144355661522e-01
6.875625144355661522e-01
6.875625144355661522e-01
6.875625144355661522e-01
6.875625144355661522e-01
6.876876286869535448e-01
6.877046703112957848e-01
6.878746211734787508e-01
6.878746211734787508e-01
6.879151946512149784e-01
6.879151946512149784e-01
6.879727416532995798e-01
6.881580110025022901e-01
6.881580110025022901e-01
6.884233263078993748e-01
6.885443378356226329e-01
6.886801116853862315e-01
6.888807433937714775e-01
6.889530665912734220e-01
6.890852875186683768e-01
6.891574996735283509e-01
6.892886490622309736e-01
6.892447168293999171e-01
6.892242913704638152e-01
6.892242913704638152e-01
6.893297524409106591e-01
6.893464196703742441e-01
6.894565158993576359e-01
6.894565158993576359e-01
6.894889501542044163e-01
6.894889501542044163e-01
6.894889501542044163e-01
6.894889501542044163e-01
6.895333080591513619e-01
6.896579464882387489e-01
6.896579464882387489e-01
6.897022436663354794e-01
6.897022436663354794e-01
6.897139282582989139e-01
6.897268297024130579e-01
6.897753963543488132e-01
6.897821030479184268e-01
6.895385107332556718e-01
6.896068152997610889e-01
6.896068152997610889e-01
6.894981786381949584e-01
6.894981786381949584e-01
6.894981786381949584e-01
6.895426380237358321e-01
6.896875018514995181e-01
6.896875018514995181e-01
6.896875018514995181e-01
6.896875018514995181e-01
6.896875018514995181e-01
6.896619837935499264e-01
6.896619837935499264e-01
6.897437948720290812e-01
6.897437948720290812e-01
6.898319998146026366e-01
6.899289107118238284e-01
6.899289107118238284e-01
6.900075274269419356e-01
6.900075274269419356e-01
6.900075274269419356e-01
6.900075274269419356e-01
6.899585528584846195e-01
6.899585528584846195e-01
6.900152530183247812e-01
6.900065703053779309e-01
6.900916069771048100e-01
6.900916069771048100e-01
6.900916069771048100e-01
6.900916069771048100e-01
6.900916069771048100e-01
6.901667407038099000e-01
6.901737702464347812e-01
6.900144887549823913e-01
6.899207236592961312e-01
6.897298219275869169e-01
6.897298219275869169e-01
6.897298219275869169e-01
6.897298219275869169e-01
6.897298219275869169e-01
6.897298219275869169e-01
6.899311240841422554e-01
6.899311240841422554e-01
6.900277395979282913e-01
6.901295081932196096e-01
6.902312101997893912e-01
6.903095713042863846e-01
6.903095713042863846e-01
6.903810584874670031e-01
6.903810584874670031e-01
6.904647260834814171e-01
6.905978548924290861e-01
6.905978548924290861e-01
6.907389080209551668e-01
6.907389080209551668e-01
6.908847052627515861e-01
6.909246506872730453e-01
6.909688593055915984e-01
6.910873621179109971e-01
6.910873621179109971e-01
6.911991134026546080e-01
6.913259790229678847e-01
6.913259790229678847e-01
6.914806397024464424e-01
6.916386796241814627e-01
6.916386796241814627e-01
6.917951347662687489e-01
6.918980586517592402e-01
6.919906693287553034e-01
6.921723023089626503e-01
6.921723023089626503e-01
6.923057632360977154e-01
6.924367317118039766e-01
6.924367317118039766e-01
6.925027744600793511e-01
6.925634981527436507e-01
6.925634981527436507e-01
6.926021551244438967e-01
6.926021551244438967e-01
6.925850132870972065e-01
6.925636108005821523e-01
6.925636108005821523e-01
6.925503078963016756e-01
6.925370462237900870e-01
6.925264903363641533e-01
6.925238708142877897e-01
6.924942221362057060e-01
6.924762237128058162e-01
6.924467184427662847e-01
6.923814982452919375e-01
6.923346896008126805e-01
6.922030078495999827e-01
6.920987339046527076e-01
6.920080852054270037e-01
6.918829843077082264e-01
6.918829843077082264e-01
6.916392265303226150e-01
6.916392265303226150e-01
6.916392265303226150e-01
6.911522231292429597e-01
6.911522231292429597e-01
6.909090780960918110e-01
6.904660428808516714e-01
6.904660428808516714e-01
6.900812551233423964e-01
6.898891599720562429e-01
6.896972300426287283e-01
6.893218516276529151e-01
6.893218516276529151e-01
6.890093566163550953e-01
6.888645810296960548e-01
6.886894437173256556e-01
6.883780683659374011e-01
6.882484629914810137e-01
6.880968943623507750e-01
6.879746956766149557e-01
6.877306451700938572e-01
6.876016426145553639e-01
6.874939027552955384e-01
6.872923232506759073e-01
6.871917349381454487e-01
6.871917349381454487e-01
6.869908600657489428e-01
6.868973056590920168e-01
6.868038469658168665e-01
6.866740351523564767e-01
6.866740351523564767e-01
6.865519504421444541e-01
6.864237432382018778e-01
6.864237432382018778e-01
6.863202820111887759e-01
6.863202820111887759e-01
6.862834732748733790e-01
6.862409146579129260e-01
6.862409146579129260e-01
6.861550769810992323e-01
6.861259609546642713e-01
6.861259609546642713e-01
6.861169592121215688e-01
6.861182804578076500e-01
6.861182804578076500e-01
6.862465320535890978e-01
6.863703175525035505e-01
6.863703175525035505e-01
6.863703175525035505e-01
6.863703175525035505e-01
6.863703175525035505e-01
6.863909220554961221e-01
6.864365546909567684e-01
6.864571977512765599e-01
6.864912928574165019e-01
6.864912928574165019e-01
6.865506383690695991e-01
6.865890182353345805e-01
6.866434861685797308e-01
6.866498694985870843e-01
6.866498694985870843e-01
6.866586200521648253e-01
6.866859430809170162e-01
6.866859430809170162e-01
6.866666666713895362e-01
6.867092773799688965e-01
6.864995988420794504e-01
6.861518635270736910e-01
6.860123605804733238e-01
6.858194998950450927e-01
6.856729242918053746e-01
6.853565641400747310e-01
6.853565641400747310e-01
6.850925468298241228e-01
6.848364272211709958e-01
6.848364272211709958e-01
6.845668300419823771e-01
6.845668300419823771e-01
6.843047295112726358e-01
6.842217550261823211e-01
6.842217550261823211e-01
6.839880639033014686e-01
6.839880639033014686e-01
6.838226597629667447e-01
6.836621131808924279e-01
6.836621131808924279e-01
6.835086972813388950e-01
6.833939770995289820e-01
6.833939770995289820e-01
6.833488109306565805e-01
6.833488109306565805e-01
6.833151966334207739e-01
6.831810437456131702e-01
6.831810437456131702e-01
6.831198139169905037e-01
6.831198139169905037e-01
6.830752427574333652e-01
6.830246605623649936e-01
6.830246605623649936e-01
6.830132117844346373e-01
6.830614414884101926e-01
6.831230079304199121e-01
6.831230079304199121e-01
6.831115248903588677e-01
6.831657485319198031e-01
6.830612239326617763e-01
6.830612239326617763e-01
6.831537245540797443e-01
6.831537245540797443e-01
6.832726673969158337e-01
6.833957649453423766e-01
6.833957649453423766e-01
6.833957649453423766e-01
6.833957649453423766e-01
6.833957649453423766e-01
6.835169335238726607e-01
6.835169335238726607e-01
6.835685323951717907e-01
6.836380161277246792e-01
6.836970320734917506e-01
6.838518607448368369e-01
6.838518607448368369e-01
6.839212224283520714e-01
6.838069890190382472e-01
6.834231249452558110e-01
6.834231249452558110e-01
6.832011397655382012e-01
6.830664464120587143e-01
6.830664464120587143e-01
6.829389756181368787e-01
6.828772342610567314e-01
6.827047630667512079e-01
6.827047630667512079e-01
6.825397257638434745e-01
6.824402336795860613e-01
6.824402336795860613e-01
6.823086837347772660e-01
6.822170803384850490e-01
6.822170803384850490e-01
6.821434108318242817e-01
6.820935405144147312e-01
6.820935405144147312e-01
6.820455121825108602e-01
6.820776240415624692e-01
6.820229771893072668e-01
6.820021472651897065e-01
6.820021472651897065e-01
6.819998744324050621e-01
6.819992764544660080e-01
6.819992764544660080e-01
6.820477641920371648e-01
6.821037718677929185e-01
6.821037718677929185e-01
6.820611639264512194e-01
6.820957750957028498e-01
6.821553929676059669e-01
6.821402900696779126e-01
6.821998960604170881e-01
6.822630474027839842e-01
6.822866539058833890e-01
6.823596420593865952e-01
6.824389296492011647e-01
6.824580583757622332e-01
6.825428002282100115e-01
6.826537901804871078e-01
6.826773799622183336e-01
6.827722402709555105e-01
6.828127091893189116e-01
6.828127091893189116e-01
6.828289108581037103e-01
6.828289108581037103e-01
6.828567512606523726e-01
6.828567512606523726e-01
6.828567512606523726e-01
6.828567512606523726e-01
6.829228760133844167e-01
6.829463485725749683e-01
6.829463485725749683e-01
6.829463485725749683e-01
6.829463485725749683e-01
6.829463485725749683e-01
6.830288868327151208e-01
6.830288868327151208e-01
6.830288868327151208e-01
6.830769770708923216e-01
6.829836936045129425e-01
6.827854054238532422e-01
6.827854054238532422e-01
6.825872738298923714e-01
6.824125869789448018e-01
6.824125869789448018e-01
6.822819716687215097e-01
6.819812265839608756e-01
6.818220880997345468e-01
6.817057857134217747e-01
6.814442557952964385e-01
6.812856029835373528e-01
6.812856029835373528e-01
6.811488428286066599e-01
6.807916428430722533e-01
6.807916428430722533e-01
6.807916428430722533e-01
6.806481035965263882e-01
6.805526776398110878e-01
6.805526776398110878e-01
6.804373605354069321e-01
6.803355572387563832e-01
6.803355572387563832e-01
6.802338464647249561e-01
6.802338464647249561e-01
6.801452440966162527e-01
6.800755156990738737e-01
6.800755156990738737e-01
6.800119267099574705e-01
6.799602454175721622e-01
6.799602454175721622e-01
6.798907257487615263e-01
6.798907257487615263e-01
6.798391713637543798e-01
6.798155500097405879e-01
6.798155500097405879e-01
6.797919709467643568e-01
6.797919709467643568e-01
6.797575833084916752e-01
6.797575833084916752e-01
6.797643062677641845e-01
6.797461232758553740e-01
6.797461232758553740e-01
6.797432209153826399e-01
6.797432209153826399e-01
6.797353646338620825e-01
6.797514717946048224e-01
6.797514717946048224e-01
6.797890934593950885e-01
6.798141087719604680e-01
6.798141087719604680e-01
6.798434285641786756e-01
6.798434285641786756e-01
6.798727528090652283e-01
6.796941622043690678e-01
6.796941622043690678e-01
6.796941622043690678e-01
6.794681698590684382e-01
6.794681698590684382e-01
6.794681698590684382e-01
6.794681698590684382e-01
6.792925832550996690e-01
6.792925832550996690e-01
6.792925832550996690e-01
6.792925832550996690e-01
6.791294561543429475e-01
6.791294561543429475e-01
6.791294561543429475e-01
6.791294561543429475e-01
6.791294561543429475e-01
6.791932712925249360e-01
6.791932712925249360e-01
6.791932712925249360e-01
6.791932712925249360e-01
6.791932712925249360e-01
6.789760722318082253e-01
6.788889617265025933e-01
6.787262662522972612e-01
6.786639607207902714e-01
6.786076337217021859e-01
6.786076337217021859e-01
6.785513694283812347e-01
6.785513694283812347e-01
6.785123153301109156e-01
6.785123153301109156e-01
6.784788344916247160e-01
6.784561526896109029e-01
6.784561526896109029e-01
6.784387412900918513e-01
6.784387412900918513e-01
6.784264988511582439e-01
6.784264988511582439e-01
6.784264988511582439e-01
6.784264988511582439e-01
6.784264988511582439e-01
6.784264988511582439e-01
6.780543625304622513e-01
6.780543625304622513e-01
6.780543625304622513e-01
6.780543625304622513e-01
6.780543625304622513e-01
6.780961563479169785e-01
6.781455997024077309e-01
6.781455997024077309e-01
6.782022994417735706e-01
6.782022994417735706e-01
6.782624698473281866e-01
6.782624698473281866e-01
6.783325051853745791e-01
6.783325051853745791e-01
6.783325051853745791e-01
6.784025104556330454e-01
6.784814997432543349e-01
6.784814997432543349e-01
6.785659774147991818e-01
6.786579783465849225e-01
6.786579783465849225e-01
6.784428486375211342e-01
6.785630408039300399e-01
6.785630408039300399e-01
6.785630408039300399e-01
6.785630408039300399e-01
6.783481092384965327e-01
6.783481092384965327e-01
6.783481092384965327e-01
6.784575695410997032e-01
6.784575695410997032e-01
6.785722394242150735e-01
6.785722394242150735e-01
6.786879091484544491e-01
6.786879091484544491e-01
6.788044807904345390e-01
6.789248629379037725e-01
6.789248629379037725e-01
6.790429427030928444e-01
6.790429427030928444e-01
6.790429427030928444e-01
6.790429427030928444e-01
6.790429427030928444e-01
6.790429427030928444e-01
6.789342359039391983e-01
6.789342359039391983e-01
6.789342359039391983e-01
6.789342359039391983e-01
6.789342359039391983e-01
6.790549233556311126e-01
6.790549233556311126e-01
6.790549233556311126e-01
6.790549233556311126e-01
6.790549233556311126e-01
6.790549233556311126e-01
6.790756592257626290e-01
6.790756592257626290e-01
6.790756592257626290e-01
6.790756592257626290e-01
6.791950434410514159e-01
