1.000000000000000000e+00
1.000000000000000000e+00
1.000000000000000000e+00
1.000000000000000000e+00
1.000000000000000000e+00
1.000000000000000000e+00
1.000000000000000000e+00
1.000000000000000000e+00
1.000000000000000000e+00
1.000000000000000000e+00
1.000000000000000000e+00
1.000000000000000000e+00
1.000000000000000000e+00
1.000000000000000000e+00
1.000000000000000000e+00
1.000000000000000000e+00
1.000000000000000000e+00
1.000000000000000000e+00
1.000000000000000000e+00
1.000000000000000000e+00
1.000000000000000000e+00
1.000000000000000000e+00
1.000000000000000000e+00
1.000000000000000000e+00
1.000000000000000000e+00
1.000000000000000000e+00
1.000000000000000000e+00
1.000000000000000000e+00
1.000000000000000000e+00
1.000000000000000000e+00
1.000000000000000000e+00
1.000000000000000000e+00
1.000000000000000000e+00
1.000000000000000000e+00
1.000000000000000000e+00
1.000000000000000000e+00
1.000000000000000000e+00
1.000000000000000000e+00
1.000000000000000000e+00
1.000000000000000000e+00
1.000000000000000000e+00
1.000000000000000000e+00
1.000000000000000000e+00
1.000000000000000000e+00
1.000000000000000000e+00
7.619047619047618625e-01
7.619047619047618625e-01
7.831236121391561555e-01
7.831236121391561555e-01
8.096895074946466320e-01
8.096895074946466320e-01
8.096895074946466320e-01
8.096895074946466320e-01
7.068037200195790293e-01
7.068037200195790293e-01
7.068037200195790293e-01
7.068037200195790293e-01
6.899425287356322212e-01
6.899425287356322212e-01
7.063717532467532756e-01
7.063717532467532756e-01
6.860250737463127191e-01
6.860250737463127191e-01
6.860250737463127191e-01
6.832021246324575525e-01
7.053474273278408369e-01
7.053474273278408369e-01
7.053474273278408369e-01
6.795631825273010795e-01
6.995407442298634537e-01
6.995407442298634537e-01
7.115232927791189654e-01
7.184626062814506442e-01
7.184626062814506442e-01
7.184626062814506442e-01
7.137234552131566101e-01
7.264597656278238835e-01
7.354935141194682835e-01
7.467820366132723597e-01
7.467820366132723597e-01
7.517805313686091173e-01
7.517805313686091173e-01
7.517805313686091173e-01
7.517805313686091173e-01
7.597725587144622539e-01
7.688539591968562847e-01
7.561645841678403812e-01
7.537195523370638917e-01
7.604698993866849666e-01
7.604698993866849666e-01
7.604698993866849666e-01
7.604698993866849666e-01
7.494247945694890722e-01
7.521433873351175414e-01
7.448856201514160169e-01
7.448856201514160169e-01
7.448856201514160169e-01
7.349699908446645225e-01
7.349699908446645225e-01
7.258769385466218305e-01
7.258769385466218305e-01
7.295539862681305054e-01
7.295539862681305054e-01
7.238410819379099692e-01
7.238410819379099692e-01
7.276958690071356761e-01
7.348051576443657140e-01
7.276499289922109259e-01
7.276499289922109259e-01
6.998009166427957561e-01
6.998009166427957561e-01
6.958981120149690947e-01
6.879899246520313483e-01
6.879899246520313483e-01
6.920979977614724055e-01
6.920979977614724055e-01
6.920979977614724055e-01
6.920979977614724055e-01
6.920979977614724055e-01
6.527706000574217127e-01
6.527706000574217127e-01
6.527706000574217127e-01
6.527706000574217127e-01
6.527706000574217127e-01
6.601670894185392990e-01
6.601670894185392990e-01
6.636329052532511374e-01
6.636329052532511374e-01
6.636329052532511374e-01
6.546522597907437069e-01
6.546522597907437069e-01
6.546522597907437069e-01
6.546522597907437069e-01
6.546522597907437069e-01
6.576415243789044407e-01
6.625342392657678214e-01
6.625342392657678214e-01
6.625342392657678214e-01
6.625342392657678214e-01
6.625342392657678214e-01
6.625342392657678214e-01
6.551901336073997495e-01
6.551901336073997495e-01
6.551901336073997495e-01
6.617743281829968627e-01
6.679150672255624865e-01
6.679150672255624865e-01
6.679150672255624865e-01
6.679150672255624865e-01
6.661825532446089548e-01
6.661825532446089548e-01
6.661825532446089548e-01
6.661825532446089548e-01
6.737244422997276105e-01
6.737244422997276105e-01
6.737244422997276105e-01
6.737244422997276105e-01
6.737244422997276105e-01
6.737244422997276105e-01
6.737244422997276105e-01
6.618390914888706567e-01
6.618390914888706567e-01
6.618390914888706567e-01
6.618390914888706567e-01
6.675567640456215868e-01
6.675567640456215868e-01
6.712959437364212079e-01
6.712959437364212079e-01
6.762188557257741151e-01
6.861247069300066004e-01
6.861247069300066004e-01
6.931391922882574885e-01
6.976551620422588584e-01
7.007970519866485448e-01
7.029482851927609799e-01
7.072526283381699308e-01
7.057124366772804525e-01
7.057124366772804525e-01
7.057124366772804525e-01
7.098323462837629050e-01
7.071411603230745024e-01
7.071411603230745024e-01
7.071411603230745024e-01
7.128937984934418104e-01
7.128937984934418104e-01
7.128937984934418104e-01
7.128937984934418104e-01
7.128937984934418104e-01
7.128937984934418104e-01
7.128937984934418104e-01
7.053837093413065640e-01
7.053837093413065640e-01
7.084864143940737824e-01
7.084864143940737824e-01
7.116951354144073205e-01
7.151025953677638825e-01
7.151025953677638825e-01
7.213360675458250215e-01
7.200875781789308760e-01
7.222644044568151678e-01
7.222644044568151678e-01
7.222644044568151678e-01
7.222644044568151678e-01
7.222644044568151678e-01
7.173105103285007944e-01
7.173105103285007944e-01
7.173105103285007944e-01
7.173105103285007944e-01
7.182004298336384096e-01
7.208995380871642267e-01
7.208995380871642267e-01
7.208995380871642267e-01
7.208995380871642267e-01
7.208995380871642267e-01
7.226440695563676186e-01
7.226440695563676186e-01
7.226440695563676186e-01
7.226440695563676186e-01
7.255741805414033241e-01
7.255741805414033241e-01
7.255741805414033241e-01
7.255741805414033241e-01
7.278369565954215803e-01
7.278369565954215803e-01
7.295839382233049175e-01
7.295839382233049175e-01
7.295839382233049175e-01
7.295839382233049175e-01
7.295839382233049175e-01
7.335445197039226484e-01
7.335445197039226484e-01
7.335445197039226484e-01
7.335445197039226484e-01
7.335445197039226484e-01
7.378510545270342558e-01
7.378510545270342558e-01
7.378510545270342558e-01
7.378510545270342558e-01
7.378510545270342558e-01
7.378510545270342558e-01
7.431003215666310835e-01
7.431003215666310835e-01
7.431003215666310835e-01
7.431003215666310835e-01
7.452316635780494858e-01
7.452316635780494858e-01
7.477639528875860142e-01
7.477639528875860142e-01
7.477639528875860142e-01
7.495878079889507495e-01
7.495878079889507495e-01
7.515338287787837190e-01
7.515338287787837190e-01
7.537669667393563921e-01
7.537669667393563921e-01
7.548701885428588110e-01
7.548701885428588110e-01
7.548701885428588110e-01
7.548701885428588110e-01
7.558192059548833885e-01
7.571671089479584671e-01
7.592283788680936896e-01
7.610839350881279941e-01
7.610839350881279941e-01
7.643872396851926210e-01
7.643872396851926210e-01
7.651702484071427612e-01
7.651702484071427612e-01
7.651702484071427612e-01
7.672614268876845056e-01
7.682318156933455322e-01
7.682318156933455322e-01
7.682318156933455322e-01
7.682318156933455322e-01
7.701151519094397990e-01
7.721055083240631056e-01
7.721055083240631056e-01
7.721055083240631056e-01
7.721055083240631056e-01
7.716781636585495763e-01
7.713242002453610802e-01
7.713242002453610802e-01
7.713242002453610802e-01
7.713242002453610802e-01
7.718193344448163185e-01
7.737360564435474819e-01
7.736864559008442832e-01
7.754631681588511904e-01
7.771017754955555912e-01
7.778169767319528249e-01
7.778169767319528249e-01
7.778169767319528249e-01
7.778169767319528249e-01
7.791491506443614101e-01
7.744200454326426453e-01
7.744200454326426453e-01
7.744200454326426453e-01
7.744200454326426453e-01
7.744200454326426453e-01
7.736549656296486388e-01
7.736549656296486388e-01
7.754148049929513453e-01
7.754148049929513453e-01
7.754148049929513453e-01
7.744888969481094065e-01
7.744888969481094065e-01
7.744888969481094065e-01
7.744888969481094065e-01
7.744888969481094065e-01
7.755455048695758524e-01
7.755455048695758524e-01
7.755455048695758524e-01
7.755455048695758524e-01
7.755455048695758524e-01
7.768706404565630663e-01
7.768706404565630663e-01
7.768706404565630663e-01
7.768706404565630663e-01
7.768706404565630663e-01
7.752068958595472736e-01
7.752068958595472736e-01
7.752068958595472736e-01
7.752068958595472736e-01
7.752068958595472736e-01
7.767926535021267842e-01
7.779823914347847591e-01
7.779823914347847591e-01
7.779823914347847591e-01
7.779823914347847591e-01
7.773648136199365899e-01
7.722543827360839330e-01
7.722543827360839330e-01
7.722543827360839330e-01
7.719837889577448875e-01
7.725446483250888452e-01
7.725446483250888452e-01
7.725446483250888452e-01
7.725446483250888452e-01
7.725446483250888452e-01
7.725446483250888452e-01
7.725446483250888452e-01
7.707965419066500345e-01
7.707965419066500345e-01
7.722948872001386134e-01
7.722948872001386134e-01
7.703598408618955728e-01
7.703598408618955728e-01
7.703598408618955728e-01
7.703598408618955728e-01
7.640611539848753964e-01
7.640611539848753964e-01
7.640611539848753964e-01
7.640611539848753964e-01
7.639223470675522432e-01
7.639223470675522432e-01
7.639223470675522432e-01
7.633566974701481156e-01
7.633566974701481156e-01
7.633566974701481156e-01
7.535885437367709772e-01
7.535885437367709772e-01
7.535885437367709772e-01
7.535885437367709772e-01
7.535885437367709772e-01
7.543027457622193399e-01
7.543027457622193399e-01
7.543027457622193399e-01
7.543027457622193399e-01
7.543027457622193399e-01
7.543027457622193399e-01
7.543027457622193399e-01
7.415784311307491716e-01
7.415784311307491716e-01
7.415784311307491716e-01
7.414565660721792462e-01
7.414565660721792462e-01
7.414565660721792462e-01
7.424672566969018339e-01
7.329167980601819510e-01
7.329167980601819510e-01
7.310695610475275164e-01
7.310695610475275164e-01
7.310695610475275164e-01
7.326742892944502206e-01
7.326742892944502206e-01
7.326742892944502206e-01
7.326742892944502206e-01
7.326742892944502206e-01
7.294673254941874685e-01
7.294673254941874685e-01
7.222783356325256365e-01
7.222783356325256365e-01
7.184649719541518209e-01
7.124816643740966571e-01
7.124816643740966571e-01
7.107987873256628175e-01
7.107987873256628175e-01
7.107987873256628175e-01
7.107987873256628175e-01
7.124480078941607397e-01
7.111379129778366837e-01
7.111379129778366837e-01
7.111379129778366837e-01
7.111379129778366837e-01
7.092370966857320935e-01
7.092370966857320935e-01
7.092370966857320935e-01
7.075402023961048226e-01
7.075402023961048226e-01
7.075402023961048226e-01
7.092907977619125059e-01
7.092907977619125059e-01
7.092907977619125059e-01
7.039345489806905221e-01
7.039345489806905221e-01
7.039345489806905221e-01
7.030343854704331763e-01
7.030343854704331763e-01
7.027331317323272097e-01
7.030974927994410040e-01
7.030974927994410040e-01
7.030974927994410040e-01
7.029324155755408698e-01
7.029324155755408698e-01
7.038712726351538107e-01
7.038712726351538107e-01
7.050483402386394927e-01
7.050483402386394927e-01
7.050483402386394927e-01
7.050483402386394927e-01
7.050483402386394927e-01
7.031894472173154664e-01
7.031894472173154664e-01
7.031894472173154664e-01
7.052944217710430674e-01
7.052944217710430674e-01
7.052944217710430674e-01
7.052944217710430674e-01
7.052944217710430674e-01
7.036000749319631931e-01
7.036000749319631931e-01
7.020754992089346391e-01
7.020754992089346391e-01
7.033282022121662980e-01
7.044944441790726986e-01
7.044944441790726986e-01
7.044944441790726986e-01
7.044944441790726986e-01
7.020960298998872862e-01
7.020960298998872862e-01
6.995061953202438287e-01
6.995061953202438287e-01
6.995061953202438287e-01
6.995061953202438287e-01
7.007478024733404531e-01
7.022119268539491754e-01
7.022119268539491754e-01
7.022119268539491754e-01
7.022119268539491754e-01
7.022119268539491754e-01
7.022119268539491754e-01
6.991986228645282742e-01
6.977287923116113344e-01
6.977287923116113344e-01
6.990840248727675510e-01
6.990840248727675510e-01
7.005964461837481672e-01
7.005964461837481672e-01
7.005964461837481672e-01
7.005964461837481672e-01
6.974947231667041336e-01
6.949323539734889588e-01
6.949323539734889588e-01
6.949323539734889588e-01
6.964146266253919970e-01
6.964146266253919970e-01
6.964146266253919970e-01
6.964146266253919970e-01
6.964146266253919970e-01
6.934974217765902393e-01
6.903105107084986924e-01
6.903105107084986924e-01
6.903105107084986924e-01
6.903105107084986924e-01
6.917460717807457637e-01
6.931749599707153209e-01
6.931749599707153209e-01
6.931749599707153209e-01
6.931749599707153209e-01
6.859686443719500426e-01
6.859686443719500426e-01
6.859686443719500426e-01
6.859686443719500426e-01
6.874221690562501985e-01
6.887650240358194065e-01
6.887650240358194065e-01
6.887650240358194065e-01
6.887650240358194065e-01
6.887650240358194065e-01
6.845423438940874128e-01
6.808209630600304818e-01
6.808209630600304818e-01
6.808209630600304818e-01
6.808209630600304818e-01
6.823171313001595850e-01
6.823171313001595850e-01
6.837391495429469002e-01
6.837391495429469002e-01
6.837391495429469002e-01
6.837391495429469002e-01
6.795708279701052623e-01
6.753785773090152933e-01
6.718003727731591823e-01
6.686495696881316064e-01
6.620664211490524531e-01
6.620664211490524531e-01
6.589866700617006412e-01
6.589866700617006412e-01
6.589866700617006412e-01
6.589866700617006412e-01
6.589866700617006412e-01
6.620071893781643846e-01
6.620071893781643846e-01
6.620071893781643846e-01
6.587722253969999775e-01
6.558193250395720764e-01
6.558193250395720764e-01
6.558193250395720764e-01
6.558193250395720764e-01
6.572933435175118966e-01
6.587633052836553427e-01
6.587633052836553427e-01
6.587633052836553427e-01
6.557796073167067030e-01
6.535262966480755997e-01
6.535262966480755997e-01
6.535262966480755997e-01
6.535262966480755997e-01
6.535262966480755997e-01
6.564468182700280430e-01
6.564468182700280430e-01
6.564468182700280430e-01
6.564468182700280430e-01
6.564468182700280430e-01
6.564468182700280430e-01
6.535837021974042482e-01
6.505872377953552110e-01
6.505872377953552110e-01
6.505872377953552110e-01
6.505872377953552110e-01
6.535343329699688786e-01
6.535343329699688786e-01
6.535343329699688786e-01
6.535343329699688786e-01
6.506204633210521671e-01
6.476802149852108892e-01
6.447200849214232976e-01
6.420125604289198540e-01
6.398658862993621410e-01
6.376717497761381637e-01
6.376717497761381637e-01
6.376717497761381637e-01
6.376717497761381637e-01
6.391572558304919882e-01
6.391572558304919882e-01
6.405289455906451046e-01
6.405289455906451046e-01
6.405289455906451046e-01
6.386289077652752555e-01
6.386289077652752555e-01
6.386289077652752555e-01
6.371089847854667365e-01
6.371089847854667365e-01
6.371089847854667365e-01
6.371089847854667365e-01
6.385837955958186818e-01
6.400264810952583927e-01
6.400264810952583927e-01
6.400264810952583927e-01
6.376286379556426187e-01
6.357252784299863846e-01
6.357252784299863846e-01
6.357252784299863846e-01
6.357252784299863846e-01
6.370215412273949607e-01
6.383386022492751888e-01
6.383386022492751888e-01
6.383386022492751888e-01
6.383386022492751888e-01
6.343549157662052851e-01
6.343549157662052851e-01
6.343549157662052851e-01
6.343549157662052851e-01
6.357791833919957947e-01
6.357791833919957947e-01
6.368910672414193064e-01
6.395057332128805117e-01
6.395057332128805117e-01
6.420432299430723910e-01
6.420432299430723910e-01
6.433389832231021233e-01
6.441591972970486246e-01
6.441591972970486246e-01
6.441591972970486246e-01
6.416088450997567971e-01
6.399319306714109645e-01
6.399319306714109645e-01
6.399319306714109645e-01
6.399319306714109645e-01
6.411843354047492838e-01
6.417841171087752539e-01
6.417841171087752539e-01
6.417841171087752539e-01
6.417841171087752539e-01
6.400960214362944045e-01
6.378358090957959581e-01
6.378358090957959581e-01
6.378358090957959581e-01
6.378358090957959581e-01
6.401099158011677170e-01
6.401099158011677170e-01
6.401099158011677170e-01
6.401099158011677170e-01
6.401099158011677170e-01
6.401099158011677170e-01
6.386319753658056264e-01
6.372753830279683784e-01
6.372753830279683784e-01
6.386077910813710012e-01
6.397249318528551720e-01
6.397249318528551720e-01
6.397249318528551720e-01
6.397249318528551720e-01
6.397249318528551720e-01
6.397249318528551720e-01
6.384689094703429602e-01
6.369293948159687746e-01
6.369293948159687746e-01
6.369293948159687746e-01
6.381515954499187293e-01
6.381515954499187293e-01
6.394574358372471234e-01
6.394574358372471234e-01
6.394574358372471234e-01
6.368667709835632573e-01
6.368667709835632573e-01
6.368667709835632573e-01
6.368667709835632573e-01
6.380434903217541143e-01
6.392718640449724932e-01
6.392718640449724932e-01
6.392718640449724932e-01
6.392718640449724932e-01
6.392718640449724932e-01
6.363514068557860615e-01
6.363514068557860615e-01
6.363514068557860615e-01
6.363514068557860615e-01
6.375289174296336903e-01
6.387652389219635740e-01
6.387652389219635740e-01
6.387652389219635740e-01
6.387652389219635740e-01
6.370631001723745523e-01
6.370631001723745523e-01
6.356469067120843475e-01
6.356469067120843475e-01
6.356469067120843475e-01
6.356469067120843475e-01
6.368235441498505400e-01
6.380769768726600732e-01
6.380769768726600732e-01
6.380769768726600732e-01
6.380769768726600732e-01
6.380769768726600732e-01
6.348961397651299299e-01
6.348961397651299299e-01
6.348961397651299299e-01
6.360864112996077457e-01
6.360864112996077457e-01
6.373008779574400595e-01
6.373008779574400595e-01
6.373008779574400595e-01
6.373008779574400595e-01
6.357513718583247542e-01
6.344147874733969683e-01
6.344147874733969683e-01
6.344147874733969683e-01
6.344147874733969683e-01
6.354166088848048899e-01
6.354166088848048899e-01
6.366072565673570605e-01
6.366072565673570605e-01
6.366072565673570605e-01
6.336414764376626652e-01
6.336414764376626652e-01
6.336414764376626652e-01
6.336414764376626652e-01
6.336414764376626652e-01
6.358933543247831111e-01
6.358933543247831111e-01
6.358933543247831111e-01
6.341242711803327659e-01
6.341242711803327659e-01
6.341242711803327659e-01
6.324321645978564499e-01
6.324321645978564499e-01
6.324321645978564499e-01
6.324321645978564499e-01
6.346870426141469901e-01
6.346870426141469901e-01
6.346870426141469901e-01
6.346870426141469901e-01
6.328625181457192550e-01
6.313539508136055689e-01
6.313539508136055689e-01
6.313539508136055689e-01
6.313539508136055689e-01
6.322886715515573242e-01
6.322886715515573242e-01
6.334768097393962405e-01
6.334768097393962405e-01
6.334768097393962405e-01
6.319301238212271521e-01
6.303120929657470839e-01
6.303120929657470839e-01
6.303120929657470839e-01
6.303120929657470839e-01
6.303120929657470839e-01
6.324160766220910945e-01
6.324160766220910945e-01
6.324160766220910945e-01
6.324160766220910945e-01
6.324160766220910945e-01
6.296187107532033034e-01
6.296187107532033034e-01
6.296187107532033034e-01
6.296187107532033034e-01
6.296187107532033034e-01
6.296187107532033034e-01
6.307742837659741086e-01
6.317809295747793819e-01
6.317809295747793819e-01
6.317809295747793819e-01
6.317809295747793819e-01
6.308619958409220629e-01
6.308619958409220629e-01
6.296249583966179175e-01
6.296249583966179175e-01
6.307021297048085451e-01
6.318521032641213342e-01
6.318521032641213342e-01
6.318521032641213342e-01
6.304968558278160051e-01
6.304968558278160051e-01
6.298328986890423531e-01
6.298328986890423531e-01
6.298328986890423531e-01
6.309125098378814966e-01
6.309125098378814966e-01
6.320415754090590310e-01
6.320415754090590310e-01
6.331409811593782244e-01
6.351738115607223900e-01
6.362227508027268330e-01
6.362227508027268330e-01
6.371765521504112462e-01
6.371765521504112462e-01
6.371765521504112462e-01
6.371765521504112462e-01
6.362491141875743494e-01
6.351721905038231197e-01
6.351721905038231197e-01
6.351721905038231197e-01
6.361987150248851197e-01
6.372127860138846467e-01
6.372127860138846467e-01
6.372127860138846467e-01
6.372127860138846467e-01
6.355180932974348051e-01
6.355180932974348051e-01
6.355180932974348051e-01
6.355180932974348051e-01
6.355180932974348051e-01
6.374452855175000154e-01
6.374452855175000154e-01
6.374452855175000154e-01
6.374452855175000154e-01
6.363024594515724885e-01
6.363024594515724885e-01
6.363024594515724885e-01
6.357037075994648179e-01
6.357037075994648179e-01
6.357037075994648179e-01
6.357037075994648179e-01
6.357037075994648179e-01
6.366539075008201820e-01
6.366539075008201820e-01
6.376678304863372393e-01
6.370136745885546237e-01
6.361227998744324319e-01
6.361227998744324319e-01
6.361227998744324319e-01
6.361227998744324319e-01
6.361227998744324319e-01
6.370889573325639876e-01
6.381313318798659262e-01
6.381313318798659262e-01
6.373587929759495507e-01
6.368533454856928344e-01
6.368533454856928344e-01
6.368533454856928344e-01
6.368533454856928344e-01
6.368533454856928344e-01
6.368533454856928344e-01
6.378649296415574987e-01
6.388420343230012399e-01
6.378804767043717572e-01
6.370775935755613739e-01
6.370775935755613739e-01
6.370775935755613739e-01
6.370775935755613739e-01
6.370775935755613739e-01
6.370775935755613739e-01
6.370775935755613739e-01
6.380395413947208549e-01
6.380395413947208549e-01
6.380395413947208549e-01
6.379957513071150554e-01
6.379957513071150554e-01
6.372098393195112509e-01
6.372098393195112509e-01
6.372098393195112509e-01
6.382255638337707149e-01
6.392231074341709895e-01
6.392231074341709895e-01
6.392231074341709895e-01
6.392231074341709895e-01
6.392231074341709895e-01
6.374805175006659219e-01
6.374805175006659219e-01
6.374805175006659219e-01
6.374805175006659219e-01
6.374805175006659219e-01
6.374805175006659219e-01
6.394475604316166573e-01
6.394475604316166573e-01
6.394475604316166573e-01
6.394475604316166573e-01
6.377145918356089682e-01
6.377145918356089682e-01
6.377145918356089682e-01
6.377145918356089682e-01
6.377145918356089682e-01
6.377145918356089682e-01
6.386843171217364556e-01
6.386843171217364556e-01
6.386843171217364556e-01
6.396577046348456141e-01
6.381896322371426455e-01
6.381896322371426455e-01
6.381896322371426455e-01
6.381896322371426455e-01
6.391687579297602451e-01
6.401355148672455142e-01
6.401355148672455142e-01
6.401355148672455142e-01
6.401355148672455142e-01
6.401355148672455142e-01
6.401355148672455142e-01
6.394459593117208795e-01
6.388303961528727370e-01
6.388303961528727370e-01
6.397776547602996855e-01
6.397776547602996855e-01
6.397776547602996855e-01
6.407386874158068624e-01
6.407386874158068624e-01
6.407386874158068624e-01
6.395086033756066657e-01
6.395086033756066657e-01
6.395086033756066657e-01
6.395086033756066657e-01
6.395086033756066657e-01
6.414073338877825936e-01
6.414073338877825936e-01
6.414073338877825936e-01
6.414073338877825936e-01
6.414073338877825936e-01
6.414073338877825936e-01
6.406621725652914545e-01
6.406621725652914545e-01
6.406621725652914545e-01
6.406621725652914545e-01
6.410374884074667712e-01
6.419468307367601767e-01
6.419468307367601767e-01
6.419468307367601767e-01
6.419468307367601767e-01
6.411919896077823422e-01
6.411919896077823422e-01
6.405861155890112402e-01
6.405861155890112402e-01
6.405861155890112402e-01
6.415129313532902389e-01
6.424378771073104843e-01
6.424378771073104843e-01
6.424378771073104843e-01
6.424378771073104843e-01
6.417504698052897139e-01
6.411318985512758362e-01
6.411318985512758362e-01
6.411318985512758362e-01
6.411318985512758362e-01
6.411318985512758362e-01
6.428589756408270572e-01
6.428589756408270572e-01
6.428589756408270572e-01
6.428589756408270572e-01
6.428589756408270572e-01
6.422774265769295443e-01
6.417351741281267508e-01
6.409177158587680001e-01
6.409243021453162603e-01
6.409243021453162603e-01
6.411414484660095114e-01
6.411414484660095114e-01
6.411414484660095114e-01
6.411414484660095114e-01
6.411414484660095114e-01
6.428644868051552885e-01
6.428644868051552885e-01
6.428644868051552885e-01
6.428644868051552885e-01
6.430810130514376111e-01
6.430810130514376111e-01
6.430810130514376111e-01
6.430810130514376111e-01
6.438785662441480762e-01
6.438785662441480762e-01
6.447533717614716275e-01
6.447533717614716275e-01
6.447533717614716275e-01
6.447533717614716275e-01
6.448161279118965750e-01
6.450943954314530826e-01
6.450943954314530826e-01
6.450943954314530826e-01
6.450943954314530826e-01
6.459489929677739717e-01
6.468066458516033013e-01
6.468066458516033013e-01
6.468066458516033013e-01
6.468066458516033013e-01
6.470809442863567629e-01
6.470809442863567629e-01
6.470809442863567629e-01
6.470809442863567629e-01
6.470809442863567629e-01
6.487663489236692449e-01
6.487663489236692449e-01
6.487663489236692449e-01
6.487663489236692449e-01
6.489196192643573724e-01
6.489593155237179944e-01
6.489593155237179944e-01
6.489593155237179944e-01
6.489593155237179944e-01
6.489593155237179944e-01
6.497399873135150106e-01
6.497399873135150106e-01
6.497399873135150106e-01
6.505463406401181814e-01
6.505463406401181814e-01
6.506294907841299047e-01
6.509256241044311109e-01
6.509256241044311109e-01
6.509256241044311109e-01
6.509256241044311109e-01
6.509256241044311109e-01
6.516996881519737661e-01
6.516996881519737661e-01
6.516996881519737661e-01
6.516996881519737661e-01
6.527896082851581960e-01
6.529172262212288302e-01
6.529172262212288302e-01
6.529172262212288302e-01
6.529172262212288302e-01
6.544600191828737756e-01
6.544600191828737756e-01
6.544600191828737756e-01
6.544600191828737756e-01
6.544600191828737756e-01
6.547453803420030249e-01
6.547453803420030249e-01
6.549589839999742091e-01
6.549589839999742091e-01
6.549589839999742091e-01
6.564474807765802167e-01
6.564474807765802167e-01
6.564474807765802167e-01
6.564474807765802167e-01
6.564474807765802167e-01
6.567310250254647652e-01
6.569035608904965073e-01
6.569035608904965073e-01
6.569035608904965073e-01
6.569035608904965073e-01
6.569035608904965073e-01
6.575516995082365534e-01
6.583230726887148165e-01
6.583230726887148165e-01
6.585170657742582812e-01
6.585170657742582812e-01
6.591865199424054023e-01
6.596097194765289107e-01
6.596097194765289107e-01
6.605005907061789472e-01
6.605005907061789472e-01
6.610065209607487446e-01
6.610065209607487446e-01
6.610065209607487446e-01
6.617740708769093150e-01
6.617740708769093150e-01
6.617740708769093150e-01
6.623501656246923996e-01
6.623501656246923996e-01
6.627999594251259285e-01
6.632610311588602592e-01
6.632610311588602592e-01
6.632610311588602592e-01
6.632610311588602592e-01
6.632610311588602592e-01
6.637676593803117919e-01
6.645249379160677039e-01
6.645249379160677039e-01
6.645249379160677039e-01
6.645249379160677039e-01
6.645249379160677039e-01
6.655179625115770214e-01
6.655179625115770214e-01
6.655179625115770214e-01
6.655179625115770214e-01
6.659543738624013054e-01
6.659543738624013054e-01
6.659543738624013054e-01
6.666989154548058627e-01
6.666989154548058627e-01
6.676333964052575398e-01
6.676333964052575398e-01
6.676333964052575398e-01
6.676333964052575398e-01
6.676333964052575398e-01
6.680258584267542155e-01
6.680258584267542155e-01
6.687602356669211101e-01
6.687602356669211101e-01
6.687602356669211101e-01
6.698373178553503893e-01
6.698373178553503893e-01
6.698373178553503893e-01
6.698373178553503893e-01
6.698373178553503893e-01
6.708599905236619643e-01
6.708599905236619643e-01
6.708599905236619643e-01
6.708599905236619643e-01
6.708599905236619643e-01
6.714074454101452982e-01
6.714074454101452982e-01
6.714074454101452982e-01
6.719609566661706168e-01
6.719609566661706168e-01
6.726726190098334390e-01
6.729494047750671504e-01
6.729494047750671504e-01
6.729494047750671504e-01
6.729494047750671504e-01
6.734744070995729581e-01
6.739921967718159879e-01
6.739921967718159879e-01
6.739921967718159879e-01
6.739921967718159879e-01
6.749190564113866087e-01
6.749190564113866087e-01
6.749190564113866087e-01
6.749190564113866087e-01
6.754431483345926246e-01
6.754431483345926246e-01
6.759733571773310912e-01
6.759733571773310912e-01
6.759733571773310912e-01
6.766488408465567428e-01
6.766488408465567428e-01
6.766488408465567428e-01
6.768431941636955385e-01
6.768431941636955385e-01
6.768431941636955385e-01
6.773725737308824435e-01
6.779135752725816699e-01
6.779135752725816699e-01
6.779135752725816699e-01
6.779135752725816699e-01
6.787728506380735771e-01
6.787728506380735771e-01
6.787728506380735771e-01
6.787728506380735771e-01
6.787728506380735771e-01
6.793004171355675469e-01
6.793004171355675469e-01
6.798390974999130032e-01
6.798390974999130032e-01
6.798390974999130032e-01
6.805038390178266283e-01
6.805038390178266283e-01
6.805038390178266283e-01
6.807748262698645192e-01
6.807748262698645192e-01
6.807748262698645192e-01
6.813055026062352360e-01
6.818519420189349534e-01
6.818519420189349534e-01
6.818519420189349534e-01
6.824799409430613029e-01
6.824799409430613029e-01
6.824799409430613029e-01
6.826753065138266852e-01
6.826753065138266852e-01
6.831803063534167553e-01
6.831803063534167553e-01
6.836964882486178396e-01
6.836964882486178396e-01
6.836964882486178396e-01
6.843328820072268615e-01
6.844936874770033430e-01
6.844936874770033430e-01
6.844936874770033430e-01
6.844936874770033430e-01
6.850029829689397998e-01
6.855385038406202058e-01
6.855385038406202058e-01
6.855385038406202058e-01
6.855385038406202058e-01
6.861423672663309326e-01
6.862579273286870674e-01
6.862579273286870674e-01
6.862579273286870674e-01
6.867485001779007892e-01
6.872554829484045502e-01
6.872554829484045502e-01
6.872554829484045502e-01
6.872554829484045502e-01
6.873484454749742012e-01
6.873484454749742012e-01
6.873484454749742012e-01
6.879276977114241465e-01
6.879276977114241465e-01
6.879276977114241465e-01
6.884496018869512568e-01
6.889653698457540720e-01
6.889653698457540720e-01
6.889653698457540720e-01
6.889653698457540720e-01
6.895038489780246360e-01
6.896186926196700151e-01
6.896186926196700151e-01
6.896186926196700151e-01
6.896186926196700151e-01
6.901383405666483561e-01
6.906470478587066752e-01
6.906470478587066752e-01
6.906470478587066752e-01
6.906470478587066752e-01
6.907911358355500742e-01
6.907911358355500742e-01
6.913230069898887997e-01
6.913230069898887997e-01
6.913230069898887997e-01
6.918305735830643233e-01
6.923370637772909841e-01
6.923370637772909841e-01
6.923370637772909841e-01
6.923370637772909841e-01
6.929459868826940427e-01
6.929459868826940427e-01
6.929459868826940427e-01
6.929459868826940427e-01
6.934419964319755714e-01
6.939418171264818413e-01
6.939418171264818413e-01
6.939418171264818413e-01
6.939418171264818413e-01
6.940831753210722210e-01
6.940831753210722210e-01
6.940831753210722210e-01
6.945531940577036600e-01
6.945531940577036600e-01
6.945531940577036600e-01
6.955588738248000835e-01
6.955588738248000835e-01
6.955588738248000835e-01
6.955588738248000835e-01
6.955588738248000835e-01
6.955588738248000835e-01
6.961654530429673970e-01
6.961654530429673970e-01
6.961654530429673970e-01
6.966385667668708592e-01
6.971205037652077330e-01
6.971205037652077330e-01
6.971205037652077330e-01
6.971205037652077330e-01
6.975768007696035999e-01
6.975768007696035999e-01
6.977264936740883439e-01
6.977264936740883439e-01
6.977264936740883439e-01
6.981395204907360208e-01
6.981395204907360208e-01
6.985961217305008963e-01
6.985961217305008963e-01
6.985961217305008963e-01
6.985961217305008963e-01
6.985961217305008963e-01
6.990469956990675859e-01
6.992235666443976649e-01
6.992235666443976649e-01
6.996486172223904676e-01
6.996486172223904676e-01
7.000622735798294194e-01
7.000622735798294194e-01
7.005026826302622744e-01
7.009757943766500299e-01
7.019393913314426747e-01
7.024218521243623670e-01
7.024218521243623670e-01
7.024218521243623670e-01
7.024218521243623670e-01
7.024218521243623670e-01
7.027792028562613869e-01
7.029236664497157117e-01
7.029236664497157117e-01
7.029236664497157117e-01
7.038924989187690384e-01
7.038924989187690384e-01
7.038924989187690384e-01
7.038924989187690384e-01
7.038924989187690384e-01
7.040332624405312156e-01
7.040332624405312156e-01
7.043880881593715948e-01
7.043880881593715948e-01
7.043880881593715948e-01
7.053370491412304100e-01
7.053370491412304100e-01
7.053370491412304100e-01
7.053370491412304100e-01
7.053370491412304100e-01
7.053370491412304100e-01
7.054936656851148458e-01
7.058251490559352970e-01
7.058251490559352970e-01
7.063015927843896424e-01
7.067838071488045104e-01
7.067838071488045104e-01
7.067838071488045104e-01
7.067838071488045104e-01
7.067838071488045104e-01
7.072369782705276720e-01
7.072369782705276720e-01
7.072369782705276720e-01
7.072369782705276720e-01
7.072369782705276720e-01
7.082303546972296138e-01
7.082303546972296138e-01
7.082303546972296138e-01
7.082303546972296138e-01
7.082303546972296138e-01
7.086342472794596725e-01
7.086342472794596725e-01
7.086342472794596725e-01
7.086342472794596725e-01
7.086342472794596725e-01
7.086342472794596725e-01
7.091150824995375856e-01
7.095882073264119239e-01
7.095882073264119239e-01
7.097708125194317486e-01
7.100017132868050584e-01
7.100017132868050584e-01
7.100017132868050584e-01
7.100017132868050584e-01
7.100017132868050584e-01
7.100017132868050584e-01
7.109433641684999028e-01
7.109433641684999028e-01
7.109433641684999028e-01
7.111466260743665169e-01
7.113598288850607743e-01
7.113598288850607743e-01
7.113598288850607743e-01
7.113598288850607743e-01
7.118157875998012418e-01
7.118157875998012418e-01
7.122738803964215881e-01
7.122738803964215881e-01
7.122738803964215881e-01
7.124893390245709002e-01
7.127212240927049969e-01
7.127212240927049969e-01
7.127212240927049969e-01
7.127212240927049969e-01
7.131418532121246434e-01
7.131418532121246434e-01
7.131418532121246434e-01
7.135770271110333240e-01
7.135770271110333240e-01
7.135770271110333240e-01
7.137971753593366220e-01
7.137971753593366220e-01
7.137971753593366220e-01
7.140332218202589676e-01
7.140332218202589676e-01
7.140332218202589676e-01
7.140332218202589676e-01
7.148784694740941692e-01
7.148784694740941692e-01
7.148784694740941692e-01
7.150959847771927169e-01
7.153223867798204072e-01
7.153223867798204072e-01
7.153223867798204072e-01
7.153223867798204072e-01
7.153223867798204072e-01
7.157031245924132534e-01
7.161313887306136605e-01
7.161313887306136605e-01
7.161313887306136605e-01
7.161313887306136605e-01
7.163601579365477257e-01
7.163601579365477257e-01
7.166102722009436432e-01
7.173740549434188818e-01
7.173740549434188818e-01
7.173740549434188818e-01
7.173740549434188818e-01
7.173740549434188818e-01
7.176003548566508572e-01
7.176003548566508572e-01
7.178283714819341244e-01
7.178283714819341244e-01
7.181359004743588237e-01
7.184598264713308868e-01
7.188087292654765648e-01
7.191800998385331489e-01
7.195753482996164463e-01
7.195753482996164463e-01
7.195753482996164463e-01
7.195753482996164463e-01
7.199772954707724937e-01
7.203427880090126356e-01
7.203427880090126356e-01
7.207322338541027884e-01
7.210744986054539174e-01
7.210744986054539174e-01
7.210744986054539174e-01
7.210744986054539174e-01
7.210744986054539174e-01
7.218064771663458279e-01
7.218064771663458279e-01
7.218064771663458279e-01
7.218064771663458279e-01
7.218064771663458279e-01
7.222009834526355032e-01
7.225554077731799474e-01
7.225554077731799474e-01
7.225554077731799474e-01
7.225554077731799474e-01
7.225554077731799474e-01
7.229450119783596973e-01
7.232942710325976909e-01
7.232942710325976909e-01
7.232942710325976909e-01
7.240167356209135097e-01
7.240167356209135097e-01
7.240167356209135097e-01
7.240167356209135097e-01
7.240167356209135097e-01
7.243929940637899856e-01
7.247491119999501796e-01
7.247491119999501796e-01
7.247491119999501796e-01
7.247491119999501796e-01
7.250922804719945880e-01
7.254809633944017122e-01
7.254809633944017122e-01
7.254809633944017122e-01
7.254809633944017122e-01
7.262050537937281280e-01
7.262050537937281280e-01
7.262050537937281280e-01
7.262050537937281280e-01
7.262050537937281280e-01
7.265423653119824632e-01
7.269347448882660379e-01
7.269347448882660379e-01
7.269347448882660379e-01
7.269347448882660379e-01
7.272669525728641116e-01
7.276415075712709957e-01
7.276415075712709957e-01
7.276415075712709957e-01
7.280187581976490518e-01
7.283497906031460856e-01
7.283497906031460856e-01
7.283497906031460856e-01
7.283497906031460856e-01
7.283497906031460856e-01
7.286847791108936878e-01
7.290569069112582401e-01
7.290569069112582401e-01
7.290569069112582401e-01
7.290569069112582401e-01
7.293911039272926722e-01
7.297747371408922490e-01
7.297747371408922490e-01
7.297747371408922490e-01
7.297747371408922490e-01
7.304950639552402203e-01
7.304950639552402203e-01
7.304950639552402203e-01
7.304950639552402203e-01
7.304950639552402203e-01
7.304950639552402203e-01
7.308465263837534698e-01
7.308465263837534698e-01
7.312300262883493218e-01
7.312300262883493218e-01
7.316126341003466038e-01
7.316126341003466038e-01
7.319547914355726270e-01
7.322810886463142488e-01
7.326526814889553485e-01
7.326526814889553485e-01
7.326526814889553485e-01
7.326526814889553485e-01
7.326526814889553485e-01
7.330234754477096271e-01
7.333635118255825702e-01
7.333635118255825702e-01
7.333635118255825702e-01
7.333635118255825702e-01
7.336840470419138116e-01
7.336840470419138116e-01
7.336840470419138116e-01
7.336840470419138116e-01
7.340528337040582718e-01
7.344116402944576016e-01
7.344116402944576016e-01
7.344116402944576016e-01
7.347459779991979412e-01
7.347459779991979412e-01
7.350834574657082454e-01
7.350834574657082454e-01
7.354464555909828727e-01
7.354464555909828727e-01
7.354464555909828727e-01
7.357756367020996668e-01
7.357756367020996668e-01
7.357756367020996668e-01
7.361429868161013523e-01
7.361429868161013523e-01
7.361429868161013523e-01
7.361429868161013523e-01
7.361429868161013523e-01
7.368412352340185656e-01
7.368412352340185656e-01
7.368412352340185656e-01
7.371752830273440305e-01
7.371752830273440305e-01
7.375396173573947056e-01
7.375396173573947056e-01
7.375396173573947056e-01
7.378619427791358598e-01
7.378619427791358598e-01
7.382220702408904822e-01
7.382220702408904822e-01
7.382220702408904822e-01
7.385813940604754047e-01
7.389090684160835032e-01
7.389090684160835032e-01
7.389090684160835032e-01
7.389090684160835032e-01
7.392669343669858728e-01
7.395865548653057786e-01
7.395865548653057786e-01
7.395865548653057786e-01
7.395865548653057786e-01
7.402541836885445647e-01
7.402541836885445647e-01
7.402541836885445647e-01
7.402541836885445647e-01
7.402541836885445647e-01
7.406092296070143632e-01
7.409335982592060166e-01
7.409335982592060166e-01
7.409335982592060166e-01
7.412472571011581302e-01
7.412472571011581302e-01
7.416002233379690445e-01
7.416002233379690445e-01
7.416002233379690445e-01
7.416002233379690445e-01
7.416002233379690445e-01
7.419058004538927609e-01
7.422599329207927310e-01
7.422599329207927310e-01
7.422599329207927310e-01
7.425715957916623200e-01
7.425715957916623200e-01
7.429242654670522583e-01
7.429242654670522583e-01
7.429242654670522583e-01
7.432382644920297876e-01
7.435790611234310843e-01
7.435790611234310843e-01
7.435790611234310843e-01
7.435790611234310843e-01
7.438852855577872125e-01
7.442274674787967559e-01
7.442274674787967559e-01
7.442274674787967559e-01
7.442274674787967559e-01
7.445394189570205823e-01
7.445394189570205823e-01
7.448877720015409931e-01
7.448877720015409931e-01
7.448877720015409931e-01
7.451986195178794681e-01
7.455272124452627658e-01
7.455272124452627658e-01
7.455272124452627658e-01
7.455272124452627658e-01
7.461935312679269794e-01
7.461935312679269794e-01
7.461935312679269794e-01
7.461935312679269794e-01
7.461935312679269794e-01
7.464854755126129060e-01
7.464854755126129060e-01
7.467937644910830342e-01
7.467937644910830342e-01
7.474806894378650535e-01
7.474806894378650535e-01
7.474806894378650535e-01
7.474806894378650535e-01
7.474806894378650535e-01
7.477601647215825764e-01
7.477601647215825764e-01
7.477601647215825764e-01
7.480321071746561801e-01
7.480321071746561801e-01
7.480321071746561801e-01
7.480321071746561801e-01
7.480321071746561801e-01
7.483632009310039468e-01
7.487191091715471591e-01
7.489784680153234175e-01
7.489784680153234175e-01
7.492454269727807370e-01
7.492454269727807370e-01
7.492454269727807370e-01
7.492454269727807370e-01
7.499119847603277211e-01
7.499119847603277211e-01
7.499119847603277211e-01
7.499119847603277211e-01
7.499119847603277211e-01
7.501665288835988044e-01
7.504286788384053608e-01
7.504286788384053608e-01
7.504286788384053608e-01
7.504286788384053608e-01
7.510883542100441623e-01
7.510883542100441623e-01
7.510883542100441623e-01
7.510883542100441623e-01
7.510883542100441623e-01
7.513303066517418305e-01
7.515877647464997979e-01
7.515877647464997979e-01
7.515877647464997979e-01
7.515877647464997979e-01
7.518965499913433659e-01
7.522435896063410787e-01
7.522435896063410787e-01
7.522435896063410787e-01
7.522435896063410787e-01
7.527599220302643168e-01
7.527599220302643168e-01
7.527599220302643168e-01
7.527599220302643168e-01
7.527599220302643168e-01
7.530666357085658014e-01
7.534074658391370916e-01
7.534074658391370916e-01
7.534074658391370916e-01
7.534074658391370916e-01
7.536517165212176517e-01
7.539070508298912898e-01
7.541794082924904163e-01
7.544640406049683001e-01
7.547652055985114572e-01
7.550658141268230539e-01
7.550658141268230539e-01
7.550658141268230539e-01
7.550658141268230539e-01
7.550658141268230539e-01
7.550658141268230539e-01
7.556918500422831197e-01
7.556918500422831197e-01
7.556918500422831197e-01
7.556918500422831197e-01
7.559906591839772316e-01
7.550575694587280395e-01
7.550575694587280395e-01
7.550575694587280395e-01
7.550575694587280395e-01
7.550575694587280395e-01
7.556759506590994269e-01
7.556759506590994269e-01
7.556759506590994269e-01
7.556759506590994269e-01
7.559712466133354791e-01
7.559712466133354791e-01
7.562432909590077745e-01
7.562432909590077745e-01
7.562432909590077745e-01
7.565585785289224985e-01
7.565585785289224985e-01
7.565585785289224985e-01
7.565585785289224985e-01
7.565585785289224985e-01
7.568235415241035824e-01
7.571375770410209149e-01
7.574352248873114091e-01
7.574352248873114091e-01
7.574352248873114091e-01
7.574352248873114091e-01
7.580451253914906040e-01
7.580451253914906040e-01
7.580451253914906040e-01
7.585862970031598262e-01
7.585862970031598262e-01
7.585862970031598262e-01
7.585862970031598262e-01
7.585862970031598262e-01
7.585862970031598262e-01
7.588923820262190034e-01
7.591842266669338590e-01
7.591842266669338590e-01
7.591842266669338590e-01
7.591842266669338590e-01
7.591842266669338590e-01
7.594423469163967821e-01
7.597332170380746152e-01
7.597332170380746152e-01
7.597332170380746152e-01
7.600108332487249818e-01
7.602982296826820141e-01
7.602982296826820141e-01
7.602982296826820141e-01
7.602982296826820141e-01
7.605549240453539639e-01
7.608569194132166480e-01
7.608569194132166480e-01
7.608569194132166480e-01
7.608569194132166480e-01
7.608569194132166480e-01
7.611245218849040928e-01
7.613831324875520723e-01
7.613831324875520723e-01
7.613831324875520723e-01
7.613831324875520723e-01
7.619623387657549207e-01
7.619623387657549207e-01
7.619623387657549207e-01
7.624464025958685998e-01
7.624464025958685998e-01
7.624464025958685998e-01
7.624464025958685998e-01
7.624464025958685998e-01
7.624464025958685998e-01
7.627197156824504498e-01
7.630172496935901938e-01
7.630172496935901938e-01
7.630172496935901938e-01
7.630172496935901938e-01
7.635084016454731781e-01
7.635084016454731781e-01
7.635084016454731781e-01
7.635084016454731781e-01
7.635084016454731781e-01
7.637940972721889432e-01
7.640574416723300288e-01
7.640574416723300288e-01
7.640574416723300288e-01
7.642974164700381268e-01
7.642974164700381268e-01
7.645309560014585948e-01
7.645309560014585948e-01
7.648034396710280403e-01
7.650730193765702403e-01
7.653514745955446452e-01
7.653514745955446452e-01
7.656453808549711360e-01
7.656453808549711360e-01
7.662130884926814378e-01
7.662130884926814378e-01
7.664619182867750125e-01
7.664619182867750125e-01
7.664619182867750125e-01
7.667515970609345421e-01
7.670245471818525340e-01
7.670245471818525340e-01
7.670245471818525340e-01
7.670245471818525340e-01
7.670245471818525340e-01
7.670245471818525340e-01
7.672991690040867896e-01
7.675593838469541019e-01
7.675593838469541019e-01
7.675593838469541019e-01
7.681235429565590467e-01
7.681235429565590467e-01
7.681235429565590467e-01
7.681235429565590467e-01
7.681235429565590467e-01
7.681235429565590467e-01
7.686508770517971323e-01
7.686508770517971323e-01
7.686508770517971323e-01
7.686508770517971323e-01
7.689423285958078003e-01
7.692172738036454627e-01
7.692172738036454627e-01
7.692172738036454627e-01
7.694613906326299713e-01
7.697270006587880742e-01
7.697270006587880742e-01
7.697270006587880742e-01
7.697270006587880742e-01
7.697270006587880742e-01
7.697270006587880742e-01
7.699984121834320128e-01
7.702896541206024628e-01
7.702896541206024628e-01
7.702896541206024628e-01
7.705598863119509367e-01
7.705598863119509367e-01
7.708094948447842265e-01
7.708094948447842265e-01
7.708094948447842265e-01
7.713569436298847171e-01
7.713569436298847171e-01
7.713569436298847171e-01
7.716145356939175803e-01
7.716145356939175803e-01
7.716145356939175803e-01
7.718548586168035852e-01
7.718548586168035852e-01
7.718548586168035852e-01
7.718548586168035852e-01
7.718548586168035852e-01
7.721180140635179878e-01
7.724043032267310371e-01
7.724043032267310371e-01
7.724043032267310371e-01
7.728950513845099790e-01
7.728950513845099790e-01
7.728950513845099790e-01
7.728950513845099790e-01
7.728950513845099790e-01
7.728950513845099790e-01
7.731753735088497947e-01
7.731753735088497947e-01
7.734417635813303216e-01
7.734417635813303216e-01
7.739437117668790389e-01
7.739437117668790389e-01
7.739437117668790389e-01
7.739437117668790389e-01
7.739437117668790389e-01
7.742202055467090061e-01
7.744844679105163943e-01
7.744844679105163943e-01
7.744844679105163943e-01
7.744844679105163943e-01
7.747444316558935729e-01
7.747444316558935729e-01
7.747444316558935729e-01
7.749936515421792516e-01
7.749936515421792516e-01
7.755303270059962228e-01
7.755303270059962228e-01
7.755303270059962228e-01
7.755303270059962228e-01
7.760202675156411267e-01
7.760202675156411267e-01
7.760202675156411267e-01
7.760202675156411267e-01
7.760202675156411267e-01
7.760202675156411267e-01
7.760202675156411267e-01
7.762961998104910277e-01
7.762961998104910277e-01
7.765525543329604430e-01
7.768102454397752821e-01
7.768102454397752821e-01
7.770468134273808003e-01
7.770468134273808003e-01
7.770468134273808003e-01
7.770468134273808003e-01
7.770468134273808003e-01
7.775734170042398752e-01
7.775734170042398752e-01
7.775734170042398752e-01
7.775734170042398752e-01
7.780543562111462697e-01
7.780543562111462697e-01
7.780543562111462697e-01
7.780543562111462697e-01
7.780543562111462697e-01
7.783216888646240506e-01
7.785775700345876071e-01
7.785775700345876071e-01
7.785775700345876071e-01
7.785775700345876071e-01
7.788065029530416572e-01
7.790579131691971471e-01
7.795654224927274223e-01
7.795654224927274223e-01
7.800971687657517473e-01
7.800971687657517473e-01
7.803751218763901321e-01
7.803751218763901321e-01
7.803751218763901321e-01
7.803751218763901321e-01
7.808681428273122060e-01
7.808681428273122060e-01
7.808681428273122060e-01
7.808681428273122060e-01
7.811422752663856883e-01
7.813954475594457882e-01
7.813954475594457882e-01
7.813954475594457882e-01
7.813954475594457882e-01
7.818732936593747462e-01
7.818732936593747462e-01
7.818732936593747462e-01
7.818732936593747462e-01
7.818732936593747462e-01
7.818732936593747462e-01
7.821455904625974620e-01
7.823996036752252081e-01
7.823996036752252081e-01
7.823996036752252081e-01
7.823996036752252081e-01
7.828873441271069211e-01
7.828873441271069211e-01
7.828873441271069211e-01
7.828873441271069211e-01
7.828873441271069211e-01
7.831602819897383050e-01
7.834120572662244264e-01
7.834120572662244264e-01
7.834120572662244264e-01
7.834120572662244264e-01
7.836618447866015025e-01
7.838979041607319065e-01
7.838979041607319065e-01
7.838979041607319065e-01
7.838979041607319065e-01
7.838979041607319065e-01
7.844181743534712759e-01
7.844181743534712759e-01
7.844181743534712759e-01
7.844181743534712759e-01
7.846685719105770396e-01
7.846685719105770396e-01
7.849043916025811862e-01
7.849043916025811862e-01
7.849043916025811862e-01
7.854197738006118978e-01
7.854197738006118978e-01
7.854197738006118978e-01
7.854197738006118978e-01
7.854197738006118978e-01
7.858939747975963730e-01
7.858939747975963730e-01
7.858939747975963730e-01
7.858939747975963730e-01
7.861511791977545682e-01
7.861511791977545682e-01
7.863936148598978937e-01
7.863936148598978937e-01
7.863936148598978937e-01
7.863936148598978937e-01
7.863936148598978937e-01
7.866340651030655495e-01
7.866340651030655495e-01
7.868659631396457410e-01
7.871180307937021281e-01
7.871180307937021281e-01
7.871180307937021281e-01
7.873625467307669989e-01
7.873625467307669989e-01
7.873625467307669989e-01
7.875857851062333381e-01
7.875857851062333381e-01
7.878305715908427986e-01
7.878305715908427986e-01
7.878305715908427986e-01
7.878305715908427986e-01
7.883188285981195254e-01
7.883188285981195254e-01
7.883188285981195254e-01
7.887826294287605400e-01
7.887826294287605400e-01
7.887826294287605400e-01
7.887826294287605400e-01
7.887826294287605400e-01
7.887826294287605400e-01
7.890103057718264035e-01
7.892565027251712273e-01
7.892565027251712273e-01
7.892565027251712273e-01
7.892565027251712273e-01
7.894988438510360806e-01
7.894988438510360806e-01
7.894988438510360806e-01
7.897382323605065535e-01
7.899827899259005415e-01
7.902112901734602568e-01
7.902112901734602568e-01
7.902112901734602568e-01
7.902112901734602568e-01
7.902112901734602568e-01
7.904503643511721078e-01
7.904503643511721078e-01
7.906837865279120470e-01
7.906837865279120470e-01
7.906837865279120470e-01
7.911413356600748292e-01
7.911413356600748292e-01
7.911413356600748292e-01
7.911413356600748292e-01
7.911413356600748292e-01
7.913784079449870390e-01
7.916071068622273499e-01
7.916071068622273499e-01
7.916071068622273499e-01
7.918454288832554866e-01
7.918454288832554866e-01
7.920702119442150080e-01
7.920702119442150080e-01
7.920702119442150080e-01
7.922930159869706612e-01
7.922930159869706612e-01
7.925337640656605620e-01
7.925337640656605620e-01
7.925337640656605620e-01
7.925337640656605620e-01
7.927689707344259817e-01
7.927689707344259817e-01
7.929933908661704889e-01
7.929933908661704889e-01
7.929933908661704889e-01
7.929933908661704889e-01
7.929933908661704889e-01
7.934579574611844155e-01
7.934579574611844155e-01
7.936888834116760938e-01
7.936888834116760938e-01
7.939069154578999310e-01
7.939069154578999310e-01
7.939069154578999310e-01
7.939069154578999310e-01
7.941275940283641921e-01
7.941275940283641921e-01
7.945974649604183870e-01
7.945974649604183870e-01
7.948354146003275833e-01
7.950741788988915371e-01
7.953145776131788081e-01
7.953145776131788081e-01
7.953145776131788081e-01
7.953145776131788081e-01
7.957485977574836333e-01
7.957485977574836333e-01
7.957485977574836333e-01
7.957485977574836333e-01
7.957485977574836333e-01
7.959831876336039835e-01
7.962214551522203143e-01
7.962214551522203143e-01
7.962214551522203143e-01
7.964428252410457043e-01
7.966488949241350426e-01
7.966488949241350426e-01
7.966488949241350426e-01
7.966488949241350426e-01
7.966488949241350426e-01
7.971058388026758257e-01
7.971058388026758257e-01
7.971058388026758257e-01
7.971058388026758257e-01
7.971058388026758257e-01
7.973266333723946220e-01
7.975343450604176487e-01
7.975343450604176487e-01
7.975343450604176487e-01
7.975343450604176487e-01
7.975343450604176487e-01
7.977587448883385335e-01
7.979769802582009630e-01
7.979769802582009630e-01
7.982004379341011147e-01
7.984032647125033355e-01
7.984032647125033355e-01
7.984032647125033355e-01
7.984032647125033355e-01
7.984032647125033355e-01
7.986163120173234153e-01
7.988315704967965392e-01
7.988315704967965392e-01
7.988315704967965392e-01
7.988315704967965392e-01
7.988315704967965392e-01
7.990551643160804796e-01
7.992669226254758286e-01
7.992669226254758286e-01
7.992669226254758286e-01
7.994725571065763869e-01
7.996835122580355781e-01
7.996835122580355781e-01
7.996835122580355781e-01
7.998898651796791937e-01
8.001072338093497827e-01
8.001072338093497827e-01
8.001072338093497827e-01
8.001072338093497827e-01
8.003097963882318533e-01
8.003097963882318533e-01
8.003097963882318533e-01
8.005229056348807104e-01
8.005229056348807104e-01
8.005229056348807104e-01
8.007419754299740511e-01
8.007419754299740511e-01
8.009529969724604737e-01
8.009529969724604737e-01
8.011539906134932387e-01
8.013546281597103693e-01
8.013546281597103693e-01
8.013546281597103693e-01
8.013546281597103693e-01
8.017749682932731048e-01
8.017749682932731048e-01
8.017749682932731048e-01
8.019974120102887349e-01
8.022133663030730499e-01
8.024378832354958080e-01
8.026599282332733676e-01
8.028842393225558149e-01
8.028842393225558149e-01
8.028842393225558149e-01
8.028842393225558149e-01
8.032721177374465560e-01
8.032721177374465560e-01
8.032721177374465560e-01
8.032721177374465560e-01
8.034949564689772838e-01
8.034949564689772838e-01
8.034949564689772838e-01
8.037123357031761284e-01
8.037123357031761284e-01
8.039094490087673739e-01
8.039094490087673739e-01
8.039094490087673739e-01
8.041076164342706445e-01
8.041076164342706445e-01
8.041076164342706445e-01
8.041076164342706445e-01
8.045424794190930706e-01
8.045424794190930706e-01
8.045424794190930706e-01
8.045424794190930706e-01
8.047335252352257884e-01
8.049300728536484817e-01
8.049300728536484817e-01
8.049300728536484817e-01
8.049300728536484817e-01
8.051449227053870672e-01
8.053630080678756409e-01
8.053630080678756409e-01
8.053630080678756409e-01
8.055525064316331196e-01
8.057385593345067765e-01
8.057385593345067765e-01
8.057385593345067765e-01
8.057385593345067765e-01
8.059558036945195791e-01
8.061649610111802922e-01
8.061649610111802922e-01
8.061649610111802922e-01
8.061649610111802922e-01
8.061649610111802922e-01
8.063514513103944292e-01
8.065448773544650063e-01
8.065448773544650063e-01
8.065448773544650063e-01
8.065448773544650063e-01
8.069684553284547368e-01
8.069684553284547368e-01
8.069684553284547368e-01
8.069684553284547368e-01
8.069684553284547368e-01
8.069684553284547368e-01
8.071606694223921741e-01
8.073497873307627914e-01
8.073497873307627914e-01
8.073497873307627914e-01
8.075567562247278897e-01
8.075567562247278897e-01
8.077688541686448565e-01
8.077688541686448565e-01
8.077688541686448565e-01
8.081386593987112121e-01
8.081386593987112121e-01
8.081386593987112121e-01
8.081386593987112121e-01
8.081386593987112121e-01
8.081386593987112121e-01
8.083439637444868042e-01
8.085519185505659623e-01
8.085519185505659623e-01
8.087341047174498865e-01
8.089174802471784664e-01
8.089174802471784664e-01
8.089174802471784664e-01
8.089174802471784664e-01
8.089174802471784664e-01
8.089174802471784664e-01
8.093160437336416324e-01
8.093160437336416324e-01
8.093160437336416324e-01
8.093160437336416324e-01
8.096789599695031203e-01
8.096789599695031203e-01
8.096789599695031203e-01
8.096789599695031203e-01
8.096789599695031203e-01
8.096789599695031203e-01
8.100715382386000085e-01
8.100715382386000085e-01
8.100715382386000085e-01
8.100715382386000085e-01
8.102660176586410357e-01
8.104569300257841169e-01
8.104569300257841169e-01
8.104569300257841169e-01
8.104569300257841169e-01
8.106414038877111095e-01
8.106414038877111095e-01
8.108407900903216170e-01
8.108407900903216170e-01
8.108407900903216170e-01
8.112105384638920169e-01
8.112105384638920169e-01
8.112105384638920169e-01
8.112105384638920169e-01
8.112105384638920169e-01
8.114080217416151930e-01
8.115956422125304437e-01
8.115956422125304437e-01
8.115956422125304437e-01
8.117805611709286717e-01
8.117805611709286717e-01
8.119686035309915395e-01
8.119686035309915395e-01
8.119686035309915395e-01
8.119686035309915395e-01
8.121621424895341113e-01
8.121621424895341113e-01
8.121621424895341113e-01
8.121621424895341113e-01
8.125367128592938526e-01
8.125367128592938526e-01
8.127199005238687768e-01
8.127199005238687768e-01
8.127199005238687768e-01
8.127199005238687768e-01
8.129127775780136123e-01
8.130975782358503823e-01
8.130975782358503823e-01
8.130975782358503823e-01
8.130975782358503823e-01
8.134647932902019374e-01
8.134647932902019374e-01
8.134647932902019374e-01
8.134647932902019374e-01
8.134647932902019374e-01
8.138351240258003827e-01
8.138351240258003827e-01
8.138351240258003827e-01
8.138351240258003827e-01
8.138351240258003827e-01
8.141975728056447537e-01
8.141975728056447537e-01
8.141975728056447537e-01
8.141975728056447537e-01
8.141975728056447537e-01
8.145734777646289615e-01
8.145734777646289615e-01
8.145734777646289615e-01
8.145734777646289615e-01
8.145734777646289615e-01
8.145734777646289615e-01
8.145734777646289615e-01
8.147572842484619438e-01
8.149397160708709009e-01
8.151196448791955262e-01
8.151196448791955262e-01
8.151196448791955262e-01
8.151196448791955262e-01
8.153127495168089878e-01
8.153127495168089878e-01
8.154908448095068429e-01
8.156686210928939529e-01
8.156686210928939529e-01
8.156686210928939529e-01
8.156686210928939529e-01
8.156686210928939529e-01
8.156686210928939529e-01
8.160377713387477749e-01
8.160377713387477749e-01
8.160377713387477749e-01
8.163953688471741188e-01
8.163953688471741188e-01
8.163953688471741188e-01
8.163953688471741188e-01
8.163953688471741188e-01
8.165801849110325694e-01
8.167592010721433926e-01
8.167592010721433926e-01
8.167592010721433926e-01
8.167592010721433926e-01
8.171051429199501781e-01
8.171051429199501781e-01
8.171051429199501781e-01
8.171051429199501781e-01
8.171051429199501781e-01
8.171051429199501781e-01
8.172851394354521126e-01
8.174697180460396284e-01
8.174697180460396284e-01
8.176403919543344667e-01
8.178153739012041790e-01
8.178153739012041790e-01
8.178153739012041790e-01
8.178153739012041790e-01
8.178153739012041790e-01
8.181717001622798024e-01
8.181717001622798024e-01
8.181717001622798024e-01
8.181717001622798024e-01
8.181717001622798024e-01
8.181717001622798024e-01
8.183435069937621265e-01
8.183435069937621265e-01
8.183435069937621265e-01
8.183435069937621265e-01
8.187066838836696281e-01
8.188786407368967568e-01
8.188786407368967568e-01
8.188786407368967568e-01
8.188786407368967568e-01
8.190480342271094782e-01
8.192204600008976545e-01
8.192204600008976545e-01
8.192204600008976545e-01
8.192204600008976545e-01
8.193990268643756014e-01
8.195697501197559687e-01
8.195697501197559687e-01
8.195697501197559687e-01
8.195697501197559687e-01
8.197401716896883794e-01
8.199080634478850271e-01
8.199080634478850271e-01
8.199080634478850271e-01
8.199080634478850271e-01
8.199080634478850271e-01
8.202604507312395432e-01
8.202604507312395432e-01
8.202604507312395432e-01
8.202604507312395432e-01
8.204250661300059866e-01
8.205917602436560987e-01
8.205917602436560987e-01
8.205917602436560987e-01
8.205917602436560987e-01
8.207669246136949370e-01
8.209470570560557512e-01
8.209470570560557512e-01
8.209470570560557512e-01
8.211011767261633398e-01
8.212565152139330582e-01
8.212565152139330582e-01
8.212565152139330582e-01
8.212565152139330582e-01
8.212565152139330582e-01
8.214278682613129767e-01
8.214278682613129767e-01
8.216084277695858695e-01
8.216084277695858695e-01
8.216084277695858695e-01
8.219007130755132673e-01
8.219007130755132673e-01
8.219007130755132673e-01
8.219007130755132673e-01
8.219007130755132673e-01
8.220795063775477862e-01
8.220795063775477862e-01
8.222553523184966684e-01
8.222553523184966684e-01
8.222553523184966684e-01
8.222553523184966684e-01
8.225578155416281012e-01
8.225578155416281012e-01
8.225578155416281012e-01
8.227284876271512282e-01
8.227284876271512282e-01
8.227284876271512282e-01
8.229056190394494763e-01
8.229056190394494763e-01
8.230538073928901355e-01
8.231987654322818759e-01
8.231987654322818759e-01
8.231987654322818759e-01
8.231987654322818759e-01
8.231987654322818759e-01
8.235429489634796818e-01
8.235429489634796818e-01
8.235429489634796818e-01
8.235429489634796818e-01
8.236856207864544643e-01
8.236856207864544643e-01
8.238312034970438624e-01
8.238312034970438624e-01
8.238312034970438624e-01
8.239987124847167888e-01
8.239987124847167888e-01
8.239987124847167888e-01
8.241724146383818672e-01
8.241724146383818672e-01
8.243157527042311861e-01
8.243157527042311861e-01
8.243157527042311861e-01
8.244647315080281258e-01
8.244647315080281258e-01
8.244647315080281258e-01
8.248030580540127721e-01
8.248030580540127721e-01
8.248030580540127721e-01
8.248030580540127721e-01
8.248030580540127721e-01
8.248030580540127721e-01
8.248030580540127721e-01
8.249498790351970090e-01
8.252443060926647478e-01
8.252443060926647478e-01
8.255594592854798019e-01
8.257140932787426779e-01
8.257140932787426779e-01
8.257140932787426779e-01
8.260248644076471081e-01
8.260248644076471081e-01
8.260248644076471081e-01
8.260248644076471081e-01
8.260248644076471081e-01
8.254727461060937799e-01
8.254727461060937799e-01
8.254727461060937799e-01
8.254727461060937799e-01
8.254727461060937799e-01
8.254727461060937799e-01
8.257724412501146194e-01
8.257724412501146194e-01
8.257724412501146194e-01
8.257724412501146194e-01
8.257724412501146194e-01
8.257724412501146194e-01
8.259371821785498335e-01
8.260957814668641319e-01
8.260957814668641319e-01
8.262359641105921915e-01
8.263815514480814528e-01
8.263815514480814528e-01
8.263815514480814528e-01
8.263815514480814528e-01
8.263815514480814528e-01
8.265374452462666000e-01
8.265374452462666000e-01
8.265374452462666000e-01
8.267014765706426349e-01
8.267014765706426349e-01
8.267014765706426349e-01
8.268489231052014166e-01
8.269948901435240085e-01
8.269948901435240085e-01
8.269948901435240085e-01
8.269948901435240085e-01
8.269948901435240085e-01
8.273134741697016903e-01
8.273134741697016903e-01
8.273134741697016903e-01
8.274519485889340054e-01
8.275944068309094570e-01
8.275944068309094570e-01
8.275944068309094570e-01
8.275944068309094570e-01
8.277571339214551127e-01
8.279097169915262677e-01
8.279097169915262677e-01
8.279097169915262677e-01
8.279097169915262677e-01
8.279097169915262677e-01
8.280514934317095843e-01
8.280514934317095843e-01
8.281968880584613668e-01
8.283444340728711719e-01
8.283444340728711719e-01
8.283444340728711719e-01
8.285030820243234340e-01
8.286647248667090571e-01
8.286647248667090571e-01
8.289893341421682438e-01
8.291548190191860845e-01
8.291548190191860845e-01
8.293200319333321469e-01
8.293200319333321469e-01
8.294464922149287212e-01
8.295728368622342641e-01
8.295728368622342641e-01
8.295728368622342641e-01
8.295728368622342641e-01
8.295728368622342641e-01
8.295728368622342641e-01
8.297370526735006191e-01
8.297370526735006191e-01
8.299010817738183832e-01
8.301565952437336415e-01
8.301565952437336415e-01
8.301565952437336415e-01
8.301565952437336415e-01
8.301565952437336415e-01
8.303190113705158915e-01
8.303190113705158915e-01
8.304814930594703881e-01
8.304814930594703881e-01
8.304814930594703881e-01
8.306138776650375810e-01
8.306138776650375810e-01
8.307432202274467326e-01
8.307432202274467326e-01
8.307432202274467326e-01
8.310651409594080885e-01
8.310651409594080885e-01
8.310651409594080885e-01
8.310651409594080885e-01
8.310651409594080885e-01
8.311938169049037928e-01
8.311938169049037928e-01
8.313208724656243609e-01
8.313208724656243609e-01
8.313208724656243609e-01
8.314811939068317281e-01
8.316415943532340371e-01
8.316415943532340371e-01
8.316415943532340371e-01
8.316415943532340371e-01
8.319000565733873920e-01
8.319000565733873920e-01
8.319000565733873920e-01
8.319000565733873920e-01
8.319000565733873920e-01
8.319000565733873920e-01
8.320593975348433702e-01
8.320593975348433702e-01
8.322186502476103254e-01
8.323427415229662785e-01
8.323427415229662785e-01
8.324724742230463770e-01
8.324724742230463770e-01
8.324724742230463770e-01
8.326308069246379784e-01
8.326308069246379784e-01
8.327887223157967034e-01
8.327887223157967034e-01
8.327887223157967034e-01
8.327887223157967034e-01
8.327887223157967034e-01
8.330519970555262388e-01
8.330519970555262388e-01
8.330519970555262388e-01
8.330519970555262388e-01
8.332091982223940319e-01
8.333662516994141400e-01
8.333662516994141400e-01
8.333662516994141400e-01
8.333662516994141400e-01
8.333662516994141400e-01
8.333662516994141400e-01
8.334944459385087434e-01
8.336251341635981804e-01
8.336251341635981804e-01
8.339367562733256412e-01
8.339367562733256412e-01
8.339367562733256412e-01
8.339367562733256412e-01
8.339367562733256412e-01
8.339367562733256412e-01
8.341913344547661202e-01
8.341913344547661202e-01
8.341913344547661202e-01
8.341913344547661202e-01
8.343460714498046604e-01
8.345005200764077369e-01
8.345005200764077369e-01
8.345005200764077369e-01
8.345005200764077369e-01
8.346243320905415430e-01
8.347436682589186585e-01
8.347436682589186585e-01
8.347436682589186585e-01
8.348964817994333210e-01
8.348964817994333210e-01
8.348964817994333210e-01
8.350499962406470189e-01
8.350499962406470189e-01
8.350499962406470189e-01
8.350499962406470189e-01
8.351687391146865869e-01
8.352916772464378248e-01
8.352916772464378248e-01
8.352916772464378248e-01
8.354439313200576755e-01
8.355965438478984986e-01
8.355965438478984986e-01
8.355965438478984986e-01
8.357188518777880493e-01
8.357188518777880493e-01
8.358450152617932227e-01
8.358450152617932227e-01
8.358450152617932227e-01
8.358450152617932227e-01
8.359965617533403615e-01
8.359965617533403615e-01
8.359965617533403615e-01
8.362992843913884533e-01
8.362992843913884533e-01
8.365974782943805810e-01
8.367467836200424003e-01
8.367467836200424003e-01
8.367467836200424003e-01
8.367467836200424003e-01
8.369637902658048079e-01
8.369637902658048079e-01
8.369637902658048079e-01
8.369637902658048079e-01
8.369637902658048079e-01
8.369637902658048079e-01
8.371113536789651643e-01
8.372574092596822837e-01
8.372574092596822837e-01
8.372574092596822837e-01
8.372574092596822837e-01
8.374854416145961489e-01
8.374854416145961489e-01
8.374854416145961489e-01
8.374854416145961489e-01
8.377810719191949307e-01
8.377810719191949307e-01
8.377810719191949307e-01
8.377810719191949307e-01
8.377810719191949307e-01
8.377810719191949307e-01
8.380076688757444048e-01
8.380076688757444048e-01
8.380076688757444048e-01
8.380076688757444048e-01
8.382983052483179431e-01
8.382983052483179431e-01
8.382983052483179431e-01
8.382983052483179431e-01
8.384109573670370796e-01
8.384109573670370796e-01
8.384109573670370796e-01
8.385263676567584756e-01
8.385263676567584756e-01
8.385263676567584756e-01
8.385263676567584756e-01
8.386704116089678251e-01
8.388149413015761890e-01
8.388149413015761890e-01
8.388149413015761890e-01
8.390265991909112708e-01
8.390265991909112708e-01
8.390265991909112708e-01
8.390265991909112708e-01
8.391696275897012613e-01
8.393131479008174578e-01
8.393131479008174578e-01
8.393131479008174578e-01
8.393131479008174578e-01
8.393131479008174578e-01
8.394214703743722028e-01
8.395340774248492011e-01
8.395340774248492011e-01
8.395340774248492011e-01
8.395340774248492011e-01
8.398199840730129484e-01
8.398199840730129484e-01
8.398199840730129484e-01
8.398199840730129484e-01
8.398199840730129484e-01
8.399305719556987571e-01
8.399305719556987571e-01
8.400410631538640649e-01
8.400410631538640649e-01
8.401837285587115955e-01
8.403255721420345159e-01
8.403255721420345159e-01
8.403255721420345159e-01
8.403255721420345159e-01
8.403255721420345159e-01
8.403255721420345159e-01
8.405405872612943252e-01
8.405405872612943252e-01
8.405405872612943252e-01
8.405405872612943252e-01
8.406816963719533353e-01
8.406816963719533353e-01
8.406816963719533353e-01
8.408210481876605691e-01
8.409259029557318854e-01
8.410321731939199852e-01
8.410321731939199852e-01
8.410321731939199852e-01
8.410321731939199852e-01
8.410321731939199852e-01
8.411728859946351333e-01
8.411728859946351333e-01
8.413130776866682980e-01
8.413130776866682980e-01
8.413130776866682980e-01
8.413130776866682980e-01
8.415298927377062865e-01
8.415298927377062865e-01
8.415298927377062865e-01
8.415298927377062865e-01
8.416707256467277354e-01
8.418111418619493858e-01
8.418111418619493858e-01
8.418111418619493858e-01
8.418111418619493858e-01
8.419162437707522484e-01
8.419162437707522484e-01
8.420241116499378453e-01
8.420241116499378453e-01
8.420241116499378453e-01
8.421638756549906235e-01
8.421638756549906235e-01
8.423024114671260332e-01
8.423024114671260332e-01
8.423024114671260332e-01
8.425127471990722094e-01
8.425127471990722094e-01
8.425127471990722094e-01
8.425127471990722094e-01
8.425127471990722094e-01
8.425127471990722094e-01
8.426505801541583907e-01
8.427891857947096277e-01
8.427891857947096277e-01
8.428886342176715729e-01
8.428886342176715729e-01
8.429910120082210190e-01
8.429910120082210190e-01
8.429910120082210190e-01
8.429910120082210190e-01
8.432662845429113041e-01
8.432662845429113041e-01
8.432662845429113041e-01
8.432662845429113041e-01
8.432662845429113041e-01
8.433696056100424832e-01
8.434728475282530225e-01
8.434728475282530225e-01
8.434728475282530225e-01
8.434728475282530225e-01
8.437461847120433234e-01
8.437461847120433234e-01
8.437461847120433234e-01
8.437461847120433234e-01
8.437461847120433234e-01
8.438430043644057355e-01
8.439470644741166039e-01
8.439470644741166039e-01
8.439470644741166039e-01
8.439470644741166039e-01
8.440827907078078951e-01
8.442187952745118240e-01
8.442187952745118240e-01
8.442187952745118240e-01
8.442187952745118240e-01
8.443288663553092377e-01
8.444388185036298955e-01
8.444388185036298955e-01
8.444388185036298955e-01
8.444388185036298955e-01
8.445742056519482954e-01
8.447093152143052563e-01
8.447093152143052563e-01
8.447093152143052563e-01
8.447093152143052563e-01
8.449292209695958844e-01
8.449292209695958844e-01
8.449292209695958844e-01
8.449292209695958844e-01
8.450628657336458627e-01
8.450628657336458627e-01
8.450628657336458627e-01
8.451970888587096997e-01
8.451970888587096997e-01
8.451970888587096997e-01
8.451970888587096997e-01
8.454167739970270823e-01
8.454167739970270823e-01
8.454167739970270823e-01
8.454167739970270823e-01
8.454167739970270823e-01
8.455490638708000883e-01
8.456805171601148308e-01
8.456805171601148308e-01
8.456805171601148308e-01
8.457861873623050419e-01
8.457861873623050419e-01
8.460067801209085747e-01
8.462398530454623424e-01
8.462398530454623424e-01
8.463604093419592189e-01
8.463604093419592189e-01
8.463604093419592189e-01
8.463604093419592189e-01
8.463604093419592189e-01
8.464857832173905416e-01
8.466126620322007579e-01
8.466126620322007579e-01
8.466126620322007579e-01
8.466126620322007579e-01
8.468611313196950929e-01
8.468611313196950929e-01
8.468611313196950929e-01
8.468611313196950929e-01
8.468611313196950929e-01
8.469837571563866296e-01
8.471092957913421984e-01
8.471092957913421984e-01
8.471092957913421984e-01
8.471092957913421984e-01
8.472346322935171425e-01
8.472346322935171425e-01
8.473597671372365969e-01
8.473597671372365969e-01
8.473597671372365969e-01
8.473597671372365969e-01
8.474829364357112649e-01
8.474829364357112649e-01
8.476082026078818332e-01
8.477296666831745098e-01
8.477296666831745098e-01
8.478528680360830627e-01
8.478528680360830627e-01
8.478528680360830627e-01
8.479739548548669292e-01
8.479739548548669292e-01
8.480967715349890801e-01
8.480967715349890801e-01
8.480967715349890801e-01
8.480967715349890801e-01
8.482174827643833570e-01
8.482174827643833570e-01
8.483425277475939996e-01
8.483425277475939996e-01
8.483425277475939996e-01
8.484635216711909900e-01
8.485866919727875768e-01
8.485866919727875768e-01
8.485866919727875768e-01
8.485866919727875768e-01
8.485866919727875768e-01
8.487066464435394364e-01
8.488283097805615629e-01
8.488283097805615629e-01
8.488283097805615629e-01
8.489497820845648413e-01
8.490721790538854341e-01
8.490721790538854341e-01
8.490721790538854341e-01
8.491913872043288514e-01
8.493104135950411138e-01
8.493104135950411138e-01
8.493104135950411138e-01
8.493104135950411138e-01
8.494299109768607137e-01
8.494299109768607137e-01
8.495515475118452509e-01
8.495515475118452509e-01
8.495515475118452509e-01
8.495515475118452509e-01
8.495515475118452509e-01
8.497942137324125955e-01
8.497942137324125955e-01
8.497942137324125955e-01
8.497942137324125955e-01
8.497942137324125955e-01
8.499141738335117546e-01
8.500333566397759721e-01
8.500333566397759721e-01
8.500333566397759721e-01
8.501540378453582569e-01
8.502734365469261091e-01
8.502734365469261091e-01
8.502734365469261091e-01
8.502734365469261091e-01
8.503908060433801319e-01
8.505114253607479746e-01
8.505114253607479746e-01
8.505114253607479746e-01
8.507445394938696337e-01
8.507445394938696337e-01
8.507445394938696337e-01
8.507445394938696337e-01
8.507445394938696337e-01
8.507445394938696337e-01
8.507445394938696337e-01
8.509794959055183572e-01
8.509794959055183572e-01
8.509794959055183572e-01
8.509794959055183572e-01
8.509794959055183572e-01
8.512131556832582824e-01
8.512131556832582824e-01
8.512131556832582824e-01
8.512131556832582824e-01
8.513303368389260051e-01
8.513303368389260051e-01
8.514473381339022762e-01
8.514473381339022762e-01
8.514473381339022762e-01
8.515629289506838617e-01
8.516806921929171992e-01
8.516806921929171992e-01
8.516806921929171992e-01
8.516806921929171992e-01
8.519140127991406963e-01
8.519140127991406963e-01
8.519140127991406963e-01
8.519140127991406963e-01
8.519140127991406963e-01
8.521436116827658669e-01
8.521436116827658669e-01
8.521436116827658669e-01
8.521436116827658669e-01
8.521436116827658669e-01
8.523691735944786130e-01
8.523691735944786130e-01
8.523691735944786130e-01
8.523691735944786130e-01
8.523691735944786130e-01
8.524866810358112668e-01
8.526044576222824301e-01
8.526044576222824301e-01
8.526044576222824301e-01
8.527097155247440607e-01
8.527097155247440607e-01
8.528148401398335521e-01
8.528148401398335521e-01
8.528148401398335521e-01
8.528148401398335521e-01
8.528148401398335521e-01
8.530497728803891899e-01
8.530497728803891899e-01
8.532884557087073718e-01
8.534083576480361311e-01
8.535280714876763986e-01
8.535280714876763986e-01
8.535280714876763986e-01
8.535280714876763986e-01
8.535280714876763986e-01
8.535280714876763986e-01
8.536270709224423880e-01
8.537290023095671643e-01
8.537290023095671643e-01
8.537290023095671643e-01
8.537290023095671643e-01
8.538480777062241733e-01
8.539670841999846829e-01
8.539670841999846829e-01
8.539670841999846829e-01
8.540633472051156749e-01
8.541616617703852166e-01
8.541616617703852166e-01
8.541616617703852166e-01
8.541616617703852166e-01
8.543982681180564143e-01
8.543982681180564143e-01
8.543982681180564143e-01
8.543982681180564143e-01
8.543982681180564143e-01
8.543982681180564143e-01
8.544961287489121204e-01
8.545949100020985290e-01
8.545949100020985290e-01
8.545949100020985290e-01
8.548300068275903607e-01
8.548300068275903607e-01
8.548300068275903607e-01
8.548300068275903607e-01
8.549251725258926182e-01
8.550213165152701356e-01
8.550213165152701356e-01
8.550213165152701356e-01
8.550213165152701356e-01
8.551383246095402013e-01
8.552550592711926081e-01
8.552550592711926081e-01
8.552550592711926081e-01
8.552550592711926081e-01
8.552550592711926081e-01
8.552550592711926081e-01
8.554484475506064500e-01
8.554484475506064500e-01
8.554484475506064500e-01
8.555647101524657128e-01
8.556808124205134147e-01
8.556808124205134147e-01
8.556808124205134147e-01
8.556808124205134147e-01
8.556808124205134147e-01
8.558655590389299128e-01
8.558655590389299128e-01
8.558655590389299128e-01
8.558655590389299128e-01
8.558655590389299128e-01
8.559811392574850908e-01
8.559811392574850908e-01
8.560964494933451796e-01
8.560964494933451796e-01
8.560964494933451796e-01
8.562779813518760497e-01
8.562779813518760497e-01
8.562779813518760497e-01
8.562779813518760497e-01
8.562779813518760497e-01
8.563927963661102094e-01
8.563927963661102094e-01
8.565073185429675773e-01
8.566203290010400151e-01
8.566203290010400151e-01
8.566203290010400151e-01
8.568393885483600592e-01
8.568393885483600592e-01
8.570603039454725014e-01
8.572522351482260161e-01
8.573430720158057294e-01
8.573430720158057294e-01
8.573430720158057294e-01
8.573430720158057294e-01
8.573430720158057294e-01
8.574453907659077556e-01
8.574453907659077556e-01
8.575516051868737888e-01
8.575516051868737888e-01
8.575516051868737888e-01
8.576386241803251043e-01
8.577232008037596334e-01
8.577232008037596334e-01
8.577232008037596334e-01
8.577232008037596334e-01
8.578224833482349654e-01
8.579267940948172022e-01
8.579267940948172022e-01
8.579267940948172022e-01
8.580109497743344527e-01
8.580109497743344527e-01
8.580962379604477608e-01
8.580962379604477608e-01
8.580962379604477608e-01
8.580962379604477608e-01
8.582006739364885783e-01
8.582006739364885783e-01
8.582006739364885783e-01
8.582006739364885783e-01
8.583015322571836414e-01
8.584734966791685018e-01
8.584734966791685018e-01
8.584734966791685018e-01
8.584734966791685018e-01
8.585784663261258887e-01
8.586827006506437820e-01
8.586827006506437820e-01
8.586827006506437820e-01
8.586827006506437820e-01
8.587682410947972134e-01
8.588548411495374735e-01
8.588548411495374735e-01
8.588548411495374735e-01
8.588548411495374735e-01
8.588548411495374735e-01
8.589597083892261953e-01
8.589597083892261953e-01
8.590638666652140598e-01
8.590638666652140598e-01
8.591441555803966956e-01
8.591441555803966956e-01
8.592324438038411172e-01
8.592324438038411172e-01
8.592324438038411172e-01
8.592324438038411172e-01
8.593410491286296304e-01
8.594482535684651037e-01
8.594482535684651037e-01
8.594482535684651037e-01
8.594482535684651037e-01
8.595328424746788709e-01
8.595328424746788709e-01
8.596162188335281229e-01
8.596162188335281229e-01
8.596162188335281229e-01
8.597238979242282086e-01
8.598300728412271443e-01
8.598300728412271443e-01
8.598300728412271443e-01
8.598300728412271443e-01
8.598300728412271443e-01
8.599947676273229646e-01
8.599947676273229646e-01
8.599947676273229646e-01
8.599947676273229646e-01
8.599947676273229646e-01
8.602085638011244262e-01
8.602085638011244262e-01
8.602085638011244262e-01
8.602085638011244262e-01
8.602911057264920336e-01
8.602911057264920336e-01
8.604705047146060659e-01
8.605550513190927120e-01
8.606507296134312535e-01
8.608484657074046975e-01
8.608484657074046975e-01
8.608484657074046975e-01
8.608484657074046975e-01
8.609554289907841440e-01
8.609554289907841440e-01
8.610613588476431213e-01
8.610613588476431213e-01
8.610613588476431213e-01
8.610613588476431213e-01
8.612614775989740901e-01
8.612614775989740901e-01
8.612614775989740901e-01
8.612614775989740901e-01
8.612614775989740901e-01
8.612614775989740901e-01
8.614724277714562728e-01
8.614724277714562728e-01
8.614724277714562728e-01
8.614724277714562728e-01
8.614724277714562728e-01
8.616731065534108946e-01
8.616731065534108946e-01
8.616731065534108946e-01
8.617785041706408355e-01
8.617785041706408355e-01
8.617785041706408355e-01
8.617785041706408355e-01
8.617785041706408355e-01
8.618816438715457551e-01
8.620839350816705826e-01
8.620839350816705826e-01
8.620839350816705826e-01
8.620839350816705826e-01
8.620839350816705826e-01
8.620839350816705826e-01
8.621883211143931414e-01
8.622920761033281423e-01
8.622920761033281423e-01
8.623939918232176316e-01
8.623939918232176316e-01
8.624934949899243364e-01
8.624934949899243364e-01
8.624934949899243364e-01
8.624934949899243364e-01
8.624934949899243364e-01
8.627018872005470795e-01
8.627018872005470795e-01
8.627018872005470795e-01
8.627018872005470795e-01
8.628023643087937566e-01
8.629001942506486778e-01
8.629001942506486778e-01
8.629001942506486778e-01
8.629001942506486778e-01
8.629001942506486778e-01
8.630038404565186783e-01
8.631068081650747903e-01
8.631068081650747903e-01
8.631068081650747903e-01
8.631068081650747903e-01
8.633051255262126356e-01
8.633051255262126356e-01
8.633051255262126356e-01
8.633051255262126356e-01
8.635115886834202614e-01
8.635115886834202614e-01
8.635115886834202614e-01
8.635115886834202614e-01
8.636066024941363439e-01
8.637076100464413653e-01
8.637076100464413653e-01
8.637076100464413653e-01
8.637076100464413653e-01
8.637076100464413653e-01
8.637076100464413653e-01
8.639107730272218566e-01
8.639107730272218566e-01
8.639107730272218566e-01
8.639107730272218566e-01
8.640090225913131805e-01
8.641039479467229611e-01
8.641039479467229611e-01
8.641039479467229611e-01
8.641039479467229611e-01
8.642052197416724146e-01
8.643065397491972446e-01
8.643065397491972446e-01
8.644032011340357924e-01
8.644986627409874114e-01
8.645972715372520767e-01
8.645972715372520767e-01
8.646944805218544916e-01
8.646944805218544916e-01
8.646944805218544916e-01
8.646944805218544916e-01
8.647850368972905821e-01
8.648815014916331201e-01
8.648815014916331201e-01
8.648815014916331201e-01
8.649791284162307026e-01
8.649791284162307026e-01
8.650747951366952737e-01
8.650747951366952737e-01
8.650747951366952737e-01
8.650747951366952737e-01
8.651712877644291977e-01
8.652611787087123307e-01
8.652611787087123307e-01
8.652611787087123307e-01
8.653582256579388510e-01
8.654547160016644591e-01
8.654547160016644591e-01
8.654547160016644591e-01
8.654547160016644591e-01
8.654547160016644591e-01
8.656397103366059165e-01
8.656397103366059165e-01
8.656397103366059165e-01
8.656397103366059165e-01
8.657388331322025676e-01
8.658368765765480646e-01
8.658368765765480646e-01
8.658368765765480646e-01
8.659297006258513951e-01
8.659297006258513951e-01
8.659297006258513951e-01
8.659297006258513951e-01
8.660205793127193630e-01
8.660205793127193630e-01
8.661191206840361811e-01
8.662175173034508679e-01
8.662175173034508679e-01
8.662175173034508679e-01
8.662175173034508679e-01
8.663979551504863430e-01
8.663979551504863430e-01
8.663979551504863430e-01
8.663979551504863430e-01
8.664964670103437738e-01
8.664964670103437738e-01
8.665947335573821464e-01
8.665947335573821464e-01
8.665947335573821464e-01
8.666859204279195872e-01
8.667722703018906349e-01
8.667722703018906349e-01
8.667722703018906349e-01
8.667722703018906349e-01
8.667722703018906349e-01
8.667722703018906349e-01
8.669674617394937943e-01
8.670623142824366303e-01
8.670623142824366303e-01
8.672460035612908902e-01
8.672460035612908902e-01
8.673396572216173217e-01
8.674241028434657164e-01
8.674241028434657164e-01
8.674241028434657164e-01
8.675162132727548547e-01
8.675981375032737475e-01
8.675981375032737475e-01
8.675981375032737475e-01
8.675981375032737475e-01
8.676908175788118349e-01
8.677755215757557705e-01
8.677755215757557705e-01
8.677755215757557705e-01
8.677755215757557705e-01
8.678624306836929536e-01
8.678624306836929536e-01
8.679564057962956269e-01
8.679564057962956269e-01
8.679564057962956269e-01
8.680442122884021172e-01
8.681357790008648045e-01
8.681357790008648045e-01
8.681357790008648045e-01
8.681357790008648045e-01
8.683161912369979918e-01
8.683161912369979918e-01
8.683161912369979918e-01
8.683161912369979918e-01
8.683161912369979918e-01
8.683161912369979918e-01
8.684082411013397396e-01
8.684992726432924082e-01
8.684992726432924082e-01
8.684992726432924082e-01
8.686769387293153954e-01
8.686769387293153954e-01
8.688617773253188847e-01
8.688617773253188847e-01
8.689565148886215784e-01
8.690495360814179948e-01
8.690495360814179948e-01
8.691435180641703395e-01
8.691435180641703395e-01
8.692379814732078547e-01
8.693316931678348736e-01
8.693316931678348736e-01
8.693316931678348736e-01
8.693316931678348736e-01
8.693316931678348736e-01
8.694246177938314002e-01
8.695166587957023907e-01
8.695166587957023907e-01
8.695166587957023907e-01
8.695166587957023907e-01
8.696104470665462216e-01
8.697039370571152395e-01
8.697039370571152395e-01
8.697039370571152395e-01
8.697039370571152395e-01
8.697960616150679503e-01
8.698868952332894366e-01
8.698868952332894366e-01
8.698868952332894366e-01
8.699803471006981592e-01
8.700726640406404311e-01
8.700726640406404311e-01
8.700726640406404311e-01
8.700726640406404311e-01
8.700726640406404311e-01
8.701654014179671659e-01
8.702565727742920254e-01
8.702565727742920254e-01
8.702565727742920254e-01
8.703487012798089006e-01
8.703487012798089006e-01
8.704412482735437440e-01
8.704412482735437440e-01
8.704412482735437440e-01
8.704412482735437440e-01
8.705330338421543024e-01
8.706247664426205457e-01
8.706247664426205457e-01
8.707171762648630020e-01
8.707171762648630020e-01
8.708084417115067311e-01
8.708084417115067311e-01
8.708084417115067311e-01
8.708084417115067311e-01
8.708084417115067311e-01
8.708986987272494540e-01
8.708986987272494540e-01
8.709903877926281623e-01
8.709903877926281623e-01
8.709903877926281623e-01
8.710822552871672064e-01
8.711735484261966533e-01
8.711735484261966533e-01
8.711735484261966533e-01
8.712644807941206659e-01
8.713549686695274410e-01
8.713549686695274410e-01
8.713549686695274410e-01
8.713549686695274410e-01
8.714463299962047493e-01
8.714463299962047493e-01
8.715372414594163564e-01
8.715372414594163564e-01
8.715372414594163564e-01
8.715372414594163564e-01
8.715372414594163564e-01
8.716280245233776203e-01
8.716280245233776203e-01
8.717164834487431957e-01
8.717164834487431957e-01
8.718978395945086168e-01
8.718978395945086168e-01
8.718978395945086168e-01
8.718978395945086168e-01
8.718978395945086168e-01
8.719865594570823664e-01
8.720770087266483950e-01
8.720770087266483950e-01
8.720770087266483950e-01
8.721658698778221863e-01
8.722560652623436717e-01
8.722560652623436717e-01
8.722560652623436717e-01
8.722560652623436717e-01
8.722560652623436717e-01
8.723453575139701321e-01
8.724347962241502108e-01
8.724347962241502108e-01
8.724347962241502108e-01
8.724347962241502108e-01
8.725234078010346561e-01
8.726130826012759023e-01
8.726130826012759023e-01
8.726130826012759023e-01
8.726130826012759023e-01
8.727026466442747710e-01
8.727913132807640917e-01
8.727913132807640917e-01
8.727913132807640917e-01
8.727913132807640917e-01
8.729686033921725263e-01
8.729686033921725263e-01
8.729686033921725263e-01
8.729686033921725263e-01
8.729686033921725263e-01
8.730556599816047258e-01
8.731441688096484022e-01
8.731441688096484022e-01
8.731441688096484022e-01
8.731441688096484022e-01
8.731441688096484022e-01
8.732329452143867687e-01
8.733212756687730449e-01
8.733212756687730449e-01
8.734078465060979291e-01
8.734911368978454105e-01
8.735790372881334642e-01
8.735790372881334642e-01
8.736655493035182518e-01
8.737535594783342185e-01
8.738403442626035966e-01
8.738403442626035966e-01
8.739279361831021609e-01
8.739279361831021609e-01
8.739279361831021609e-01
8.740155798675665055e-01
8.741022234864904705e-01
8.741022234864904705e-01
8.741022234864904705e-01
8.741022234864904705e-01
8.741896239015415349e-01
8.742769917507406952e-01
8.742769917507406952e-01
8.742769917507406952e-01
8.742769917507406952e-01
8.744496636209589946e-01
8.744496636209589946e-01
8.744496636209589946e-01
8.744496636209589946e-01
8.745366696680924035e-01
8.746235552089056675e-01
8.746235552089056675e-01
8.747949514043483754e-01
8.748786505505943278e-01
8.749634874178758848e-01
8.750428286414958512e-01
8.750428286414958512e-01
8.750428286414958512e-01
8.750428286414958512e-01
8.751263759762988315e-01
8.751263759762988315e-01
8.751263759762988315e-01
8.752123182317992356e-01
8.752123182317992356e-01
8.752123182317992356e-01
8.752961170703073002e-01
8.753750172127143792e-01
8.753750172127143792e-01
8.753750172127143792e-01
8.753750172127143792e-01
8.754590332966475374e-01
8.754590332966475374e-01
8.755443179320659963e-01
8.755443179320659963e-01
8.755443179320659963e-01
8.755443179320659963e-01
8.755443179320659963e-01
8.756995246604051264e-01
8.756995246604051264e-01
8.756995246604051264e-01
8.757838096284927820e-01
8.758687423480205902e-01
8.758687423480205902e-01
8.758687423480205902e-01
8.759424409973491921e-01
8.760238286422981080e-01
8.760238286422981080e-01
8.760238286422981080e-01
8.760238286422981080e-01
8.761052663632422632e-01
8.761897455196600015e-01
8.761897455196600015e-01
8.761897455196600015e-01
8.762738726211110052e-01
8.763581721516237044e-01
8.765264955185982920e-01
8.765264955185982920e-01
8.766097545472757435e-01
8.766097545472757435e-01
8.766097545472757435e-01
8.767687126322596392e-01
8.767687126322596392e-01
8.767687126322596392e-01
8.767687126322596392e-01
8.767687126322596392e-01
8.767687126322596392e-01
8.768507950267938611e-01
8.769336119614014047e-01
8.769336119614014047e-01
8.769336119614014047e-01
8.770140535975878837e-01
8.770140535975878837e-01
8.770912421713910057e-01
8.770912421713910057e-01
8.770912421713910057e-01
8.770912421713910057e-01
8.771742128607511457e-01
8.772562386609769058e-01
8.772562386609769058e-01
8.772562386609769058e-01
8.774129399733272550e-01
8.774129399733272550e-01
8.774129399733272550e-01
8.774129399733272550e-01
8.774938431739963685e-01
8.775753583632110999e-01
8.775753583632110999e-01
8.775753583632110999e-01
8.775753583632110999e-01
8.776523342166475672e-01
8.776523342166475672e-01
8.776523342166475672e-01
8.777318247702023957e-01
8.777318247702023957e-01
8.777318247702023957e-01
8.778116496822556680e-01
8.779745965992128420e-01
8.779745965992128420e-01
8.781371959766852697e-01
8.782163986760000984e-01
8.782975485308320840e-01
8.782975485308320840e-01
8.783740804284768666e-01
8.783740804284768666e-01
8.785310371909811344e-01
8.786103701712846270e-01
8.786865087578056288e-01
8.786865087578056288e-01
8.786865087578056288e-01
8.786865087578056288e-01
8.788392723546690766e-01
8.788392723546690766e-01
8.788392723546690766e-01
8.788392723546690766e-01
8.788392723546690766e-01
8.788392723546690766e-01
8.789936445142032539e-01
8.789936445142032539e-01
8.789936445142032539e-01
8.790713851291368508e-01
8.791500116840629264e-01
8.791500116840629264e-01
8.793006831751423169e-01
8.793006831751423169e-01
8.793006831751423169e-01
8.793733340244325181e-01
8.794405702104197697e-01
8.794405702104197697e-01
8.794405702104197697e-01
8.794405702104197697e-01
8.795194929172287512e-01
8.795194929172287512e-01
8.795987231588003885e-01
8.795987231588003885e-01
8.795987231588003885e-01
8.796736208349953401e-01
8.797474483210109275e-01
8.797474483210109275e-01
8.797474483210109275e-01
8.797474483210109275e-01
8.799045716128639505e-01
8.799045716128639505e-01
8.799045716128639505e-01
8.799045716128639505e-01
8.799045716128639505e-01
8.799045716128639505e-01
8.799814863235826401e-01
8.800544138043323583e-01
8.800544138043323583e-01
8.801296280856448773e-01
8.802087449619619974e-01
8.802087449619619974e-01
8.802087449619619974e-01
8.802087449619619974e-01
8.802087449619619974e-01
8.802873832732349690e-01
8.802873832732349690e-01
8.803599337685323878e-01
8.803599337685323878e-01
8.803599337685323878e-01
8.803599337685323878e-01
8.805127904652301218e-01
8.805127904652301218e-01
8.805127904652301218e-01
8.805127904652301218e-01
8.805127904652301218e-01
8.805878346102381515e-01
8.806660966056747419e-01
8.806660966056747419e-01
8.806660966056747419e-01
8.808163243030530110e-01
8.808163243030530110e-01
8.808163243030530110e-01
8.808163243030530110e-01
8.808163243030530110e-01
8.808163243030530110e-01
8.808943871674901338e-01
8.809667084201798781e-01
8.809667084201798781e-01
8.809667084201798781e-01
8.810431529084559177e-01
8.811171251266354254e-01
8.811171251266354254e-01
8.811171251266354254e-01
8.811171251266354254e-01
8.812687092860550520e-01
8.812687092860550520e-01
8.812687092860550520e-01
8.812687092860550520e-01
8.812687092860550520e-01
8.812687092860550520e-01
8.812687092860550520e-01
8.814162633984062856e-01
8.814162633984062856e-01
8.814162633984062856e-01
8.815666662454109126e-01
